Change Component Designator: Old Designator=C82 New Designator=C62
Change Component Designator: Old Designator=C83 New Designator=C63
Change Component Designator: Old Designator=C84 New Designator=C64
Change Component Designator: Old Designator=C85 New Designator=C65
Change Component Designator: Old Designator=C86 New Designator=C66
Change Component Designator: Old Designator=C87 New Designator=C67
Change Component Designator: Old Designator=C88 New Designator=C68
Change Component Designator: Old Designator=C89 New Designator=C69
Change Component Designator: Old Designator=C90 New Designator=C70
Change Component Designator: Old Designator=C94 New Designator=C72
Change Component Designator: Old Designator=C99 New Designator=C73
Change Component Designator: Old Designator=C? New Designator=C71
Change Component Designator: Old Designator=IC6 New Designator=IC7
Change Component Designator: Old Designator=IC? New Designator=IC8
Change Component Designator: Old Designator=R57 New Designator=R43
Change Component Designator: Old Designator=R58 New Designator=R44
Change Component Designator: Old Designator=R59 New Designator=R45
Change Component Designator: Old Designator=R? New Designator=R46
Change Component Designator: Old Designator=R? New Designator=R47
Change Component Designator: Old Designator=R? New Designator=R48
Change Component Designator: Old Designator=R? New Designator=R49
Change Component Designator: Old Designator=R? New Designator=R50
Change Component Designator: Old Designator=RN? New Designator=RN1
