Removed Pin From Net: NetName=GND Pin=C1_Ch0-1
Removed Pin From Net: NetName=1V8 Pin=C1_Ch0-2
Removed Pin From Net: NetName=GND Pin=C1_Ch1-1
Removed Pin From Net: NetName=1V8 Pin=C1_Ch1-2
Removed Pin From Net: NetName=GND Pin=C1_Ch2-1
Removed Pin From Net: NetName=1V8 Pin=C1_Ch2-2
Removed Pin From Net: NetName=GND Pin=C1_Ch3-1
Removed Pin From Net: NetName=1V8 Pin=C1_Ch3-2
Removed Pin From Net: NetName=GND Pin=C2_Ch0-1
Removed Pin From Net: NetName=1V8 Pin=C2_Ch0-2
Removed Pin From Net: NetName=GND Pin=C2_Ch1-1
Removed Pin From Net: NetName=1V8 Pin=C2_Ch1-2
Removed Pin From Net: NetName=GND Pin=C2_Ch2-1
Removed Pin From Net: NetName=1V8 Pin=C2_Ch2-2
Removed Pin From Net: NetName=GND Pin=C2_Ch3-1
Removed Pin From Net: NetName=1V8 Pin=C2_Ch3-2
Removed Pin From Net: NetName=GND Pin=C3_Ch0-1
Removed Pin From Net: NetName=1V8 Pin=C3_Ch0-2
Removed Pin From Net: NetName=GND Pin=C3_Ch1-1
Removed Pin From Net: NetName=1V8 Pin=C3_Ch1-2
Removed Pin From Net: NetName=GND Pin=C3_Ch2-1
Removed Pin From Net: NetName=1V8 Pin=C3_Ch2-2
Removed Pin From Net: NetName=GND Pin=C3_Ch3-1
Removed Pin From Net: NetName=1V8 Pin=C3_Ch3-2
Removed Pin From Net: NetName=GND Pin=C4_Ch0-1
Removed Pin From Net: NetName=1V8 Pin=C4_Ch0-2
Removed Pin From Net: NetName=GND Pin=C4_Ch1-1
Removed Pin From Net: NetName=1V8 Pin=C4_Ch1-2
Removed Pin From Net: NetName=GND Pin=C4_Ch2-1
Removed Pin From Net: NetName=1V8 Pin=C4_Ch2-2
Removed Pin From Net: NetName=GND Pin=C4_Ch3-1
Removed Pin From Net: NetName=1V8 Pin=C4_Ch3-2
Removed Pin From Net: NetName=GND Pin=C10_Ch0-1
Removed Pin From Net: NetName=1V8 Pin=C10_Ch0-2
Removed Pin From Net: NetName=GND Pin=C10_Ch1-1
Removed Pin From Net: NetName=1V8 Pin=C10_Ch1-2
Removed Pin From Net: NetName=GND Pin=C10_Ch2-1
Removed Pin From Net: NetName=1V8 Pin=C10_Ch2-2
Removed Pin From Net: NetName=GND Pin=C10_Ch3-1
Removed Pin From Net: NetName=1V8 Pin=C10_Ch3-2
Removed Pin From Net: NetName=GND Pin=C13_Ch0-1
Removed Pin From Net: NetName=1V8 Pin=C13_Ch0-2
Removed Pin From Net: NetName=GND Pin=C13_Ch1-1
Removed Pin From Net: NetName=1V8 Pin=C13_Ch1-2
Removed Pin From Net: NetName=GND Pin=C13_Ch2-1
Removed Pin From Net: NetName=1V8 Pin=C13_Ch2-2
Removed Pin From Net: NetName=GND Pin=C13_Ch3-1
Removed Pin From Net: NetName=1V8 Pin=C13_Ch3-2
Removed Pin From Net: NetName=GND Pin=C16_Ch0-1
Removed Pin From Net: NetName=VREFAC Pin=C16_Ch0-2
Removed Pin From Net: NetName=GND Pin=C16_Ch1-1
Removed Pin From Net: NetName=VREFAC Pin=C16_Ch1-2
Removed Pin From Net: NetName=GND Pin=C16_Ch2-1
Removed Pin From Net: NetName=VREFAC Pin=C16_Ch2-2
Removed Pin From Net: NetName=GND Pin=C16_Ch3-1
Removed Pin From Net: NetName=VREFAC Pin=C16_Ch3-2
Removed Member From Class: ClassName=U_FMC Member=C32
Removed Member From Class: ClassName=U_SFP Member=C32
Removed Member From Class: ClassName=U_SFP Member=C34
Removed Member From Class: ClassName=U_SFP Member=C36
Removed Member From Class: ClassName=U_SFP Member=C38
Removed Member From Class: ClassName=U_SFP Member=C40
Removed Member From Class: ClassName=U_FMC Member=C42
Removed Member From Class: ClassName=U_FMC Member=C43
Removed Member From Class: ClassName=U_FMC Member=C44
Removed Member From Class: ClassName=U_FMC Member=C45
Removed Member From Class: ClassName=U_FMC Member=C46
Removed Member From Class: ClassName=U_FMC Member=C47
Removed Member From Class: ClassName=U_FMC Member=C48
Removed Member From Class: ClassName=U_FMC Member=C49
Removed Member From Class: ClassName=U_FMC Member=C50
Removed Member From Class: ClassName=U_FMC Member=C51
Removed Member From Class: ClassName=U_FMC Member=C53
Removed Member From Class: ClassName=U_PLL Member=C55
Removed Member From Class: ClassName=U_PLL Member=C57
Removed Member From Class: ClassName=U_phase-shifters Member=C78
Removed Member From Class: ClassName=U_phase-shifters Member=C79
Removed Member From Class: ClassName=U_phase-shifters Member=C81
Removed Member From Class: ClassName=U_FMC Member=IC10
Removed Member From Class: ClassName=U_FMC Member=IC11
Removed Member From Class: ClassName=U_SFP Member=R13
Removed Member From Class: ClassName=U_SFP Member=R19
Removed Member From Class: ClassName=U_SFP Member=R20
Removed Member From Class: ClassName=U_SFP Member=R24
Removed Member From Class: ClassName=U_FMC Member=R33
Removed Member From Class: ClassName=U_phase-shifters Member=U1
Remove Class Member: Failed to remove class member
Remove Class Member: Failed to remove class member
Remove Class Member: Failed to remove class member
Remove Class Member: Failed to remove class member
Change Component Designator: OldDesignator=C6_Ch0 NewDesignator=C7_Ch0
Change Component Designator: OldDesignator=C6_Ch1 NewDesignator=C7_Ch1
Change Component Designator: OldDesignator=C6_Ch2 NewDesignator=C7_Ch2
Change Component Designator: OldDesignator=C6_Ch3 NewDesignator=C7_Ch3
Change Component Designator: OldDesignator=C7_Ch0 NewDesignator=C8_Ch0
Change Component Designator: OldDesignator=C7_Ch1 NewDesignator=C8_Ch1
Change Component Designator: OldDesignator=C7_Ch2 NewDesignator=C8_Ch2
Change Component Designator: OldDesignator=C7_Ch3 NewDesignator=C8_Ch3
Change Component Designator: OldDesignator=C8_Ch0 NewDesignator=C9_Ch0
Change Component Designator: OldDesignator=C8_Ch1 NewDesignator=C9_Ch1
Change Component Designator: OldDesignator=C8_Ch2 NewDesignator=C9_Ch2
Change Component Designator: OldDesignator=C8_Ch3 NewDesignator=C9_Ch3
Change Component Designator: OldDesignator=C9_Ch0 NewDesignator=C10_Ch0
Change Component Designator: OldDesignator=C9_Ch1 NewDesignator=C10_Ch1
Change Component Designator: OldDesignator=C9_Ch2 NewDesignator=C10_Ch2
Change Component Designator: OldDesignator=C9_Ch3 NewDesignator=C10_Ch3
Change Component Designator: OldDesignator=C11_Ch0 NewDesignator=C1_Ch0
Change Component Designator: OldDesignator=C11_Ch1 NewDesignator=C1_Ch1
Change Component Designator: OldDesignator=C11_Ch2 NewDesignator=C1_Ch2
Change Component Designator: OldDesignator=C11_Ch3 NewDesignator=C1_Ch3
Change Component Designator: OldDesignator=C12_Ch0 NewDesignator=C2_Ch0
Change Component Designator: OldDesignator=C12_Ch1 NewDesignator=C2_Ch1
Change Component Designator: OldDesignator=C12_Ch2 NewDesignator=C2_Ch2
Change Component Designator: OldDesignator=C12_Ch3 NewDesignator=C2_Ch3
Change Component Designator: OldDesignator=C14_Ch0 NewDesignator=C3_Ch0
Change Component Designator: OldDesignator=C14_Ch1 NewDesignator=C3_Ch1
Change Component Designator: OldDesignator=C14_Ch2 NewDesignator=C3_Ch2
Change Component Designator: OldDesignator=C14_Ch3 NewDesignator=C3_Ch3
Change Component Designator: OldDesignator=C15_Ch0 NewDesignator=C4_Ch0
Change Component Designator: OldDesignator=C15_Ch1 NewDesignator=C4_Ch1
Change Component Designator: OldDesignator=C15_Ch2 NewDesignator=C4_Ch2
Change Component Designator: OldDesignator=C15_Ch3 NewDesignator=C4_Ch3
Change Component Designator: OldDesignator=C17_Ch0 NewDesignator=C11_Ch0
Change Component Designator: OldDesignator=C17_Ch1 NewDesignator=C11_Ch1
Change Component Designator: OldDesignator=C17_Ch2 NewDesignator=C11_Ch2
Change Component Designator: OldDesignator=C17_Ch3 NewDesignator=C11_Ch3
Change Component Designator: OldDesignator=C18_Ch0 NewDesignator=C12_Ch0
Change Component Designator: OldDesignator=C18_Ch1 NewDesignator=C12_Ch1
Change Component Designator: OldDesignator=C18_Ch2 NewDesignator=C12_Ch2
Change Component Designator: OldDesignator=C18_Ch3 NewDesignator=C12_Ch3
Change Component Designator: OldDesignator=C19_Ch0 NewDesignator=C13_Ch0
Change Component Designator: OldDesignator=C19_Ch1 NewDesignator=C13_Ch1
Change Component Designator: OldDesignator=C19_Ch2 NewDesignator=C13_Ch2
Change Component Designator: OldDesignator=C19_Ch3 NewDesignator=C13_Ch3
Change Component Designator: OldDesignator=C20 NewDesignator=C14
Change Component Designator: OldDesignator=C21 NewDesignator=C15
Change Component Designator: OldDesignator=C22 NewDesignator=C16
Change Component Designator: OldDesignator=C23 NewDesignator=C17
Change Component Designator: OldDesignator=C24 NewDesignator=C18
Change Component Designator: OldDesignator=C25 NewDesignator=C19
Change Component Designator: OldDesignator=C26 NewDesignator=C20
Change Component Designator: OldDesignator=C27 NewDesignator=C21
Change Component Designator: OldDesignator=C28 NewDesignator=C22
Change Component Designator: OldDesignator=C29 NewDesignator=C23
Change Component Designator: OldDesignator=C30 NewDesignator=C24
Change Component Designator: OldDesignator=C31 NewDesignator=C25
Change Component Designator: OldDesignator=C32 NewDesignator=C26
Change Component Designator: OldDesignator=C33 NewDesignator=C27
Change Component Designator: OldDesignator=C34 NewDesignator=C28
Change Component Designator: OldDesignator=C35 NewDesignator=C29
Change Component Designator: OldDesignator=C36 NewDesignator=C30
Change Component Designator: OldDesignator=C37 NewDesignator=C31
Change Component Designator: OldDesignator=C38 NewDesignator=C32
Change Component Designator: OldDesignator=C39 NewDesignator=C33
Change Component Designator: OldDesignator=C40 NewDesignator=C34
Change Component Designator: OldDesignator=C41 NewDesignator=C35
Change Component Designator: OldDesignator=C42 NewDesignator=C36
Change Component Designator: OldDesignator=C43 NewDesignator=C37
Change Component Designator: OldDesignator=C44 NewDesignator=C38
Change Component Designator: OldDesignator=C45 NewDesignator=C39
Change Component Designator: OldDesignator=C46 NewDesignator=C40
Change Component Designator: OldDesignator=C47 NewDesignator=C41
Change Component Designator: OldDesignator=C48 NewDesignator=C42
Change Component Designator: OldDesignator=C49 NewDesignator=C43
Change Component Designator: OldDesignator=C50 NewDesignator=C44
Change Component Designator: OldDesignator=C51 NewDesignator=C45
Change Component Designator: OldDesignator=C52 NewDesignator=C46
Change Component Designator: OldDesignator=C53 NewDesignator=C47
Change Component Designator: OldDesignator=C54 NewDesignator=C48
Change Component Designator: OldDesignator=C55 NewDesignator=C49
Change Component Designator: OldDesignator=C56 NewDesignator=C50
Change Component Designator: OldDesignator=C57 NewDesignator=C51
Change Component Designator: OldDesignator=C58 NewDesignator=C52
Change Component Designator: OldDesignator=C59 NewDesignator=C53
Change Component Designator: OldDesignator=C60 NewDesignator=C54
Change Component Designator: OldDesignator=C61 NewDesignator=C55
Change Component Designator: OldDesignator=C62 NewDesignator=C56
Change Component Designator: OldDesignator=C63 NewDesignator=C57
Change Component Designator: OldDesignator=C64 NewDesignator=C58
Change Component Designator: OldDesignator=C65 NewDesignator=C59
Change Component Designator: OldDesignator=C66 NewDesignator=C60
Change Component Designator: OldDesignator=C67 NewDesignator=C61
Change Component Designator: OldDesignator=C68 NewDesignator=C62
Change Component Designator: OldDesignator=C69 NewDesignator=C63
Change Component Designator: OldDesignator=C70 NewDesignator=C64
Change Component Designator: OldDesignator=C71 NewDesignator=C65
Change Component Designator: OldDesignator=C72 NewDesignator=C66
Change Component Designator: OldDesignator=C73 NewDesignator=C67
Change Component Designator: OldDesignator=C74 NewDesignator=C68
Change Component Designator: OldDesignator=C75 NewDesignator=C69
Change Component Designator: OldDesignator=C76 NewDesignator=C70
Change Component Designator: OldDesignator=C77 NewDesignator=C71
Change Component Designator: OldDesignator=C78 NewDesignator=C72
Change Component Designator: OldDesignator=C79 NewDesignator=C73
Change Component Designator: OldDesignator=C80 NewDesignator=C74
Change Component Designator: OldDesignator=C81 NewDesignator=C75
Change Component Designator: OldDesignator=C82 NewDesignator=C76
Change Component Designator: OldDesignator=C83 NewDesignator=C77
Change Component Designator: OldDesignator=C84 NewDesignator=C78
Change Component Designator: OldDesignator=C85 NewDesignator=C79
Change Component Designator: OldDesignator=C86 NewDesignator=C80
Change Component Designator: OldDesignator=C87 NewDesignator=C81
Change Component Designator: OldDesignator=C88 NewDesignator=C82
Change Component Designator: OldDesignator=C89 NewDesignator=C83
Change Component Designator: OldDesignator=C90 NewDesignator=C84
Change Component Designator: OldDesignator=C91 NewDesignator=C85
Change Component Designator: OldDesignator=C92 NewDesignator=C86
Change Component Designator: OldDesignator=C93 NewDesignator=C87
Change Component Designator: OldDesignator=C94 NewDesignator=C88
Change Component Designator: OldDesignator=C95 NewDesignator=C89
Change Component Designator: OldDesignator=C96 NewDesignator=C90
Change Component Designator: OldDesignator=C97 NewDesignator=C91
Change Component Designator: OldDesignator=C98 NewDesignator=C92
Change Component Designator: OldDesignator=C99 NewDesignator=C93
Change Component Designator: OldDesignator=C100 NewDesignator=C94
Change Component Designator: OldDesignator=C101 NewDesignator=C95
Change Component Designator: OldDesignator=C102 NewDesignator=C96
Change Component Designator: OldDesignator=C103 NewDesignator=C97
Change Component Designator: OldDesignator=C104 NewDesignator=C98
Change Component Designator: OldDesignator=C105 NewDesignator=C99
Change Component Designator: OldDesignator=C106 NewDesignator=C100
Change Component Designator: OldDesignator=C107 NewDesignator=C101
Change Component Designator: OldDesignator=C108 NewDesignator=C102
Added Component: Designator=C6_Ch0(LLL03TR61E333KE01)
Add component (AddParameter): Name = "Value"; Value = "33nF"; VariantName = "[No Variations]"
Added Component: Designator=C6_Ch1(LLL03TR61E333KE01)
Add component (AddParameter): Name = "Value"; Value = "33nF"; VariantName = "[No Variations]"
Added Component: Designator=C6_Ch2(LLL03TR61E333KE01)
Add component (AddParameter): Name = "Value"; Value = "33nF"; VariantName = "[No Variations]"
Added Component: Designator=C6_Ch3(LLL03TR61E333KE01)
Add component (AddParameter): Name = "Value"; Value = "33nF"; VariantName = "[No Variations]"
Added Pin To Net: NetName=GND Pin=C6_Ch0-1
Added Pin To Net: NetName=1V8 Pin=C6_Ch0-2
Added Pin To Net: NetName=GND Pin=C6_Ch1-1
Added Pin To Net: NetName=1V8 Pin=C6_Ch1-2
Added Pin To Net: NetName=GND Pin=C6_Ch2-1
Added Pin To Net: NetName=1V8 Pin=C6_Ch2-2
Added Pin To Net: NetName=GND Pin=C6_Ch3-1
Added Pin To Net: NetName=1V8 Pin=C6_Ch3-2
Change Net Name : Old Net Name=NetC19_Ch0_2 New Net Name=NetC13_Ch0_2
Change Net Name : Old Net Name=NetC19_Ch1_2 New Net Name=NetC13_Ch1_2
Change Net Name : Old Net Name=NetC19_Ch2_2 New Net Name=NetC13_Ch2_2
Change Net Name : Old Net Name=NetC19_Ch3_2 New Net Name=NetC13_Ch3_2
Change Net Name : Old Net Name=NetC23_2 New Net Name=NetC17_2
Change Net Name : Old Net Name=NetC24_2 New Net Name=NetC18_2
Change Net Name : Old Net Name=NetC26_2 New Net Name=NetC20_2
Change Net Name : Old Net Name=NetC27_1 New Net Name=NetC21_1
Change Net Name : Old Net Name=NetC27_2 New Net Name=NetC21_2
Change Net Name : Old Net Name=NetC35_2 New Net Name=NetC29_2
Change Net Name : Old Net Name=NetC36_2 New Net Name=NetC30_2
Change Net Name : Old Net Name=NetC38_2 New Net Name=NetC32_2
Change Net Name : Old Net Name=NetC39_2 New Net Name=NetC33_2
Change Net Name : Old Net Name=NetC42_2 New Net Name=NetC36_2
Change Net Name : Old Net Name=NetC43_2 New Net Name=NetC37_2
Change Net Name : Old Net Name=NetC45_2 New Net Name=NetC39_2
Change Net Name : Old Net Name=NetC72_2 New Net Name=NetC66_2
Change Net Name : Old Net Name=NetC73_2 New Net Name=NetC67_2
Change Net Name : Old Net Name=NetC86_2 New Net Name=NetC80_2
Added Member To Class: ClassName=U_SFP Member=Component C46 22uF
Added Member To Class: ClassName=U_SFP Member=Component C48 100nF
Added Member To Class: ClassName=U_SFP Member=Component C50 100nF
Added Member To Class: ClassName=U_SFP Member=Component C52 22uF
Added Member To Class: ClassName=U_SFP Member=Component C54 100nF
Added Member To Class: ClassName=U_FMC Member=Component C56 100nF
Added Member To Class: ClassName=U_FMC Member=Component C57 100nF
Added Member To Class: ClassName=U_FMC Member=Component C58 100nF
Added Member To Class: ClassName=U_FMC Member=Component C59 100nF
Added Member To Class: ClassName=U_FMC Member=Component C60 100nF
Added Member To Class: ClassName=U_FMC Member=Component C61 100nF
Added Member To Class: ClassName=U_FMC Member=Component C62 100nF
Added Member To Class: ClassName=U_FMC Member=Component C63 100nF
Added Member To Class: ClassName=U_FMC Member=Component C64 100nF
Added Member To Class: ClassName=U_FMC Member=Component C65 100nF
Added Member To Class: ClassName=U_FMC Member=Component C66 100nF
Added Member To Class: ClassName=U_FMC Member=Component C67 100nF
Added Member To Class: ClassName=U_PLL Member=Component C69 100nF
Added Member To Class: ClassName=U_PLL Member=Component C71 100nF
Added Member To Class: ClassName=U_PLL Member=Component C74 100nF
Added Member To Class: ClassName=U_PLL Member=Component C76 100nF
Added Member To Class: ClassName=U_PLL Member=Component C77 100nF
Added Member To Class: ClassName=U_PLL Member=Component C78 100nF
Added Member To Class: ClassName=U_PLL Member=Component C79 100nF
Added Member To Class: ClassName=U_PLL Member=Component C80 10nF
Added Member To Class: ClassName=U_PLL Member=Component C81 1uF
Added Member To Class: ClassName=U_PLL Member=Component C82 1uF
Added Member To Class: ClassName=U_PLL Member=Component C83 1uF
Added Member To Class: ClassName=U_PLL Member=Component C84 1uF
Added Member To Class: ClassName=U_PLL Member=Component C85 100nF
Added Member To Class: ClassName=U_PLL Member=Component C86 100nF
Added Member To Class: ClassName=U_PLL Member=Component C87 1uF
Added Member To Class: ClassName=U_PLL Member=Component C88 1uF
Added Member To Class: ClassName=U_PLL Member=Component C89 1uF
Added Member To Class: ClassName=U_PLL Member=Component C90 1uF
Added Member To Class: ClassName=U_PLL Member=Component C91 1uF
Added Member To Class: ClassName=U_PLL Member=Component C92 10uF
Added Member To Class: ClassName=U_PLL Member=Component C93 470nF
Added Member To Class: ClassName=U_PLL Member=Component C94 33nF
Added Member To Class: ClassName=U_PLL Member=Component C96 470nF
Added Member To Class: ClassName=U_phase-shifters Member=Component C98 10uF
Added Member To Class: ClassName=U_phase-shifters Member=Component C99 470nF
Added Member To Class: ClassName=U_phase-shifters Member=Component C100 33nF
Added Member To Class: ClassName=U_phase-shifters Member=Component C101 100nF
Added Member To Class: ClassName=U_phase-shifters Member=Component C102 100nF
Added Member To Class: ClassName=U_FMC Member=Component IC7 M24C02-RMN6TP
Added Member To Class: ClassName=U_FMC Member=Component IC8 TCA9543APWR
Added Member To Class: ClassName=U_PLL Member=Component IC9 SI5345B-D-GM
Added Member To Class: ClassName=U_SFP Member=Component R27 1k5
Added Member To Class: ClassName=U_SFP Member=Component R29 10k
Added Member To Class: ClassName=U_SFP Member=Component R30 10k
Added Member To Class: ClassName=U_SFP Member=Component R31 10k
Added Member To Class: ClassName=U_SFP Member=Component R34 10k
Added Member To Class: ClassName=U_SFP Member=Component R35 1k5
Added Member To Class: ClassName=U_SFP Member=Component R36 1k5
Added Member To Class: ClassName=U_SFP Member=Component R39 10k
Added Member To Class: ClassName=U_SFP Member=Component R40 200k
Added Member To Class: ClassName=U_SFP Member=Component R41 200k
Added Member To Class: ClassName=U_SFP Member=Component R42 10k
Added Member To Class: ClassName=U_FMC Member=Component R43 10k
Added Member To Class: ClassName=U_FMC Member=Component R47 10k
Added Member To Class: ClassName=U_FMC Member=Component R48 10k
Added Member To Class: ClassName=U_PLL Member=Component R51 100O
Added Member To Class: ClassName=U_PLL Member=Component R52 100O
Added Member To Class: ClassName=U_PLL Member=Component R54 100O
Added Member To Class: ClassName=U_PLL Member=Component R58 22
Added Member To Class: ClassName=U_PLL Member=Component R59 22
Added Member To Class: ClassName=U_PLL Member=Component R60 750
Added Member To Class: ClassName=U_phase-shifters Member=Component R62 50O
Added Member To Class: ClassName=U_phase-shifters Member=Component R65 0O
Added Member To Class: ClassName=U_phase-shifters Member=Component R66 0O
Added Member To Class: ClassName=U_phase-shifters Member=Component U2 TXB0104RUTR
Added Member To Class: ClassName=U_PLL Member=Component W4 Header 3
Added Member To Class: ClassName=U_PLL Member=Component W5 Header 2
Added Member To Class: ClassName=U_PLL Member=Component W8 Header 2
Added Member To Class: ClassName=U_PLL Member=Component W9 Header 4
Add Class Member: Failed to add class member : Ch0 (Channel.SchDoc)
Add Class Member: Failed to add class member : Ch1 (Channel.SchDoc)
Add Class Member: Failed to add class member : Ch2 (Channel.SchDoc)
Add Class Member: Failed to add class member : Ch3 (Channel.SchDoc)
