Removed Pin From Net: NetName=GND Pin=C54-1
Removed Pin From Net: NetName=VADJ Pin=C54-2
Removed Pin From Net: NetName=GND Pin=C55-1
Removed Pin From Net: NetName=P3V3 Pin=C55-2
Removed Pin From Net: NetName=VADJ Pin=IC6-1
Removed Pin From Net: NetName=GND Pin=IC6-7
Removed Pin From Net: NetName=OE_LS Pin=IC6-8
Removed Pin From Net: NetName=SFP1_FAULT Pin=IC6-10
Removed Pin From Net: NetName=SFP1_LOS Pin=IC6-11
Removed Pin From Net: NetName=SFP0_FAULT Pin=IC6-12
Removed Pin From Net: NetName=SFP0_LOS Pin=IC6-13
Removed Pin From Net: NetName=P3V3 Pin=IC6-14
Removed Member From Class: ClassName=U_SFP Member=C54
Removed Member From Class: ClassName=U_SFP Member=C55
Removed Member From Class: ClassName=U_SFP Member=IC6
Remove Class Member: Failed to remove class member
Remove Class Member: Failed to remove class member
Remove Class Member: Failed to remove class member
Remove Class Member: Failed to remove class member
Add Class Member: Failed to add class member : Ch0 (Channel.SchDoc)
Add Class Member: Failed to add class member : Ch1 (Channel.SchDoc)
Add Class Member: Failed to add class member : Ch2 (Channel.SchDoc)
Add Class Member: Failed to add class member : Ch3 (Channel.SchDoc)
