Change Physical Footprint: Designator=C1_Ch0 Old Footprint=CAPC0510X04N New Footprint=CAPC0510X04N
Change Physical Footprint: Designator=C1_Ch1 Old Footprint=CAPC0510X04N New Footprint=CAPC0510X04N
Change Physical Footprint: Designator=C1_Ch2 Old Footprint=CAPC0510X04N New Footprint=CAPC0510X04N
Change Physical Footprint: Designator=C1_Ch3 Old Footprint=CAPC0510X04N New Footprint=CAPC0510X04N
Change Physical Footprint: Designator=C2_Ch0 Old Footprint=LLL03TR61E333KE01 New Footprint=LLL03TR61E333KE01
Change Physical Footprint: Designator=C2_Ch1 Old Footprint=LLL03TR61E333KE01 New Footprint=LLL03TR61E333KE01
Change Physical Footprint: Designator=C2_Ch2 Old Footprint=LLL03TR61E333KE01 New Footprint=LLL03TR61E333KE01
Change Physical Footprint: Designator=C2_Ch3 Old Footprint=LLL03TR61E333KE01 New Footprint=LLL03TR61E333KE01
Change Physical Footprint: Designator=C3_Ch0 Old Footprint=CAPC0510X04N New Footprint=CAPC0510X04N
Change Physical Footprint: Designator=C3_Ch1 Old Footprint=CAPC0510X04N New Footprint=CAPC0510X04N
Change Physical Footprint: Designator=C3_Ch2 Old Footprint=CAPC0510X04N New Footprint=CAPC0510X04N
Change Physical Footprint: Designator=C3_Ch3 Old Footprint=CAPC0510X04N New Footprint=CAPC0510X04N
Change Physical Footprint: Designator=C4_Ch0 Old Footprint=LLL03TR61E333KE01 New Footprint=LLL03TR61E333KE01
Change Physical Footprint: Designator=C4_Ch1 Old Footprint=LLL03TR61E333KE01 New Footprint=LLL03TR61E333KE01
Change Physical Footprint: Designator=C4_Ch2 Old Footprint=LLL03TR61E333KE01 New Footprint=LLL03TR61E333KE01
Change Physical Footprint: Designator=C4_Ch3 Old Footprint=LLL03TR61E333KE01 New Footprint=LLL03TR61E333KE01
Change Physical Footprint: Designator=C5_Ch0 Old Footprint=CAPC0510X04N New Footprint=CAPC0510X04N
Change Physical Footprint: Designator=C5_Ch1 Old Footprint=CAPC0510X04N New Footprint=CAPC0510X04N
Change Physical Footprint: Designator=C5_Ch2 Old Footprint=CAPC0510X04N New Footprint=CAPC0510X04N
Change Physical Footprint: Designator=C5_Ch3 Old Footprint=CAPC0510X04N New Footprint=CAPC0510X04N
Change Physical Footprint: Designator=C6_Ch0 Old Footprint=LLL03TR61E333KE01 New Footprint=LLL03TR61E333KE01
Change Physical Footprint: Designator=C6_Ch1 Old Footprint=LLL03TR61E333KE01 New Footprint=LLL03TR61E333KE01
Change Physical Footprint: Designator=C6_Ch2 Old Footprint=LLL03TR61E333KE01 New Footprint=LLL03TR61E333KE01
Change Physical Footprint: Designator=C6_Ch3 Old Footprint=LLL03TR61E333KE01 New Footprint=LLL03TR61E333KE01
Change Physical Footprint: Designator=C7_Ch0 Old Footprint=LLL03TR61E333KE01 New Footprint=LLL03TR61E333KE01
Change Physical Footprint: Designator=C7_Ch1 Old Footprint=LLL03TR61E333KE01 New Footprint=LLL03TR61E333KE01
Change Physical Footprint: Designator=C7_Ch2 Old Footprint=LLL03TR61E333KE01 New Footprint=LLL03TR61E333KE01
Change Physical Footprint: Designator=C7_Ch3 Old Footprint=LLL03TR61E333KE01 New Footprint=LLL03TR61E333KE01
Change Physical Footprint: Designator=C8_Ch0 Old Footprint=CAPC1608X87N New Footprint=CAPC1608X87N
Change Physical Footprint: Designator=C8_Ch1 Old Footprint=CAPC1608X87N New Footprint=CAPC1608X87N
Change Physical Footprint: Designator=C8_Ch2 Old Footprint=CAPC1608X87N New Footprint=CAPC1608X87N
Change Physical Footprint: Designator=C8_Ch3 Old Footprint=CAPC1608X87N New Footprint=CAPC1608X87N
Change Physical Footprint: Designator=C9_Ch0 Old Footprint=CAPC0510X04N New Footprint=CAPC0510X04N
Change Physical Footprint: Designator=C9_Ch1 Old Footprint=CAPC0510X04N New Footprint=CAPC0510X04N
Change Physical Footprint: Designator=C9_Ch2 Old Footprint=CAPC0510X04N New Footprint=CAPC0510X04N
Change Physical Footprint: Designator=C9_Ch3 Old Footprint=CAPC0510X04N New Footprint=CAPC0510X04N
Change Physical Footprint: Designator=C10_Ch0 Old Footprint=LLL03TR61E333KE01 New Footprint=LLL03TR61E333KE01
Change Physical Footprint: Designator=C10_Ch1 Old Footprint=LLL03TR61E333KE01 New Footprint=LLL03TR61E333KE01
Change Physical Footprint: Designator=C10_Ch2 Old Footprint=LLL03TR61E333KE01 New Footprint=LLL03TR61E333KE01
Change Physical Footprint: Designator=C10_Ch3 Old Footprint=LLL03TR61E333KE01 New Footprint=LLL03TR61E333KE01
Change Physical Footprint: Designator=C11_Ch0 Old Footprint=MURATA_HI_DENSITY_0402_CAP New Footprint=MURATA_HI_DENSITY_0402_CAP
Change Physical Footprint: Designator=C11_Ch1 Old Footprint=MURATA_HI_DENSITY_0402_CAP New Footprint=MURATA_HI_DENSITY_0402_CAP
Change Physical Footprint: Designator=C11_Ch2 Old Footprint=MURATA_HI_DENSITY_0402_CAP New Footprint=MURATA_HI_DENSITY_0402_CAP
Change Physical Footprint: Designator=C11_Ch3 Old Footprint=MURATA_HI_DENSITY_0402_CAP New Footprint=MURATA_HI_DENSITY_0402_CAP
Change Physical Footprint: Designator=C12_Ch0 Old Footprint=MURATA_HI_DENSITY_0402_CAP New Footprint=MURATA_HI_DENSITY_0402_CAP
Change Physical Footprint: Designator=C12_Ch1 Old Footprint=MURATA_HI_DENSITY_0402_CAP New Footprint=MURATA_HI_DENSITY_0402_CAP
Change Physical Footprint: Designator=C12_Ch2 Old Footprint=MURATA_HI_DENSITY_0402_CAP New Footprint=MURATA_HI_DENSITY_0402_CAP
Change Physical Footprint: Designator=C12_Ch3 Old Footprint=MURATA_HI_DENSITY_0402_CAP New Footprint=MURATA_HI_DENSITY_0402_CAP
Change Physical Footprint: Designator=C13_Ch0 Old Footprint=LLL03TR61E333KE01 New Footprint=LLL03TR61E333KE01
Change Physical Footprint: Designator=C13_Ch1 Old Footprint=LLL03TR61E333KE01 New Footprint=LLL03TR61E333KE01
Change Physical Footprint: Designator=C13_Ch2 Old Footprint=LLL03TR61E333KE01 New Footprint=LLL03TR61E333KE01
Change Physical Footprint: Designator=C13_Ch3 Old Footprint=LLL03TR61E333KE01 New Footprint=LLL03TR61E333KE01
Change Physical Footprint: Designator=C14 Old Footprint=MURATA_HI_DENSITY_0201 New Footprint=MURATA_HI_DENSITY_0201
Change Physical Footprint: Designator=C15 Old Footprint=CAPC1608X87N New Footprint=CAPC1608X87N
Change Physical Footprint: Designator=C16 Old Footprint=CAPC1608X87N New Footprint=CAPC1608X87N
Change Physical Footprint: Designator=C17 Old Footprint=CAPC1005X55N New Footprint=CAPC1005X55N
Change Physical Footprint: Designator=C18 Old Footprint=MURATA_HI_DENSITY_0402_CAP New Footprint=MURATA_HI_DENSITY_0402_CAP
Change Physical Footprint: Designator=C19 Old Footprint=CAPC0510X04N New Footprint=CAPC0510X04N
Change Physical Footprint: Designator=C20 Old Footprint=CAPC1005X55N New Footprint=CAPC1005X55N
Change Physical Footprint: Designator=C21 Old Footprint=MURATA_HI_DENSITY_0201 New Footprint=MURATA_HI_DENSITY_0201
Change Physical Footprint: Designator=C22 Old Footprint=CAPC2012X135N New Footprint=CAPC2012X135N
Change Physical Footprint: Designator=C23 Old Footprint=MURATA_HI_DENSITY_0201 New Footprint=MURATA_HI_DENSITY_0201
Change Physical Footprint: Designator=C24 Old Footprint=MURATA_HI_DENSITY_0201 New Footprint=MURATA_HI_DENSITY_0201
Change Physical Footprint: Designator=C25 Old Footprint=MURATA_HI_DENSITY_0402_CAP New Footprint=MURATA_HI_DENSITY_0402_CAP
Change Physical Footprint: Designator=C26 Old Footprint=MURATA_HI_DENSITY_0402_CAP New Footprint=MURATA_HI_DENSITY_0402_CAP
Change Physical Footprint: Designator=C27 Old Footprint=CAPC1608X87N New Footprint=CAPC1608X87N
Change Physical Footprint: Designator=C28 Old Footprint=CAPC1608X87N New Footprint=CAPC1608X87N
Change Physical Footprint: Designator=C29 Old Footprint=CAPC1005X55N New Footprint=CAPC1005X55N
Change Physical Footprint: Designator=C30 Old Footprint=MURATA_HI_DENSITY_0402_CAP New Footprint=MURATA_HI_DENSITY_0402_CAP
Change Physical Footprint: Designator=C31 Old Footprint=CAPC0510X04N New Footprint=CAPC0510X04N
Change Physical Footprint: Designator=C32 Old Footprint=CAPC1005X55N New Footprint=CAPC1005X55N
Change Physical Footprint: Designator=C33 Old Footprint=CAPC0603X33N New Footprint=CAPC0603X33N
Change Physical Footprint: Designator=C34 Old Footprint=CAPC1608X87N New Footprint=CAPC1608X87N
Change Physical Footprint: Designator=C35 Old Footprint=CAPC1608X87N New Footprint=CAPC1608X87N
Change Physical Footprint: Designator=C36 Old Footprint=CAPC1005X55N New Footprint=CAPC1005X55N
Change Physical Footprint: Designator=C37 Old Footprint=MURATA_HI_DENSITY_0402_CAP New Footprint=MURATA_HI_DENSITY_0402_CAP
Change Physical Footprint: Designator=C38 Old Footprint=CAPC0510X04N New Footprint=CAPC0510X04N
Change Physical Footprint: Designator=C39 Old Footprint=CAPC1005X55N New Footprint=CAPC1005X55N
Change Physical Footprint: Designator=C40 Old Footprint=CAPC0603X33N New Footprint=CAPC0603X33N
Change Physical Footprint: Designator=C41 Old Footprint=CAPC0603X33N New Footprint=CAPC0603X33N
Change Physical Footprint: Designator=C42 Old Footprint=MURATA_HI_DENSITY_0201 New Footprint=MURATA_HI_DENSITY_0201
Change Physical Footprint: Designator=C43 Old Footprint=MURATA_HI_DENSITY_0402_CAP New Footprint=MURATA_HI_DENSITY_0402_CAP
Change Physical Footprint: Designator=C44 Old Footprint=MURATA_HI_DENSITY_0201 New Footprint=MURATA_HI_DENSITY_0201
Change Physical Footprint: Designator=C45 Old Footprint=MURATA_HI_DENSITY_0201 New Footprint=MURATA_HI_DENSITY_0201
Change Physical Footprint: Designator=C46 Old Footprint=MURATA_HI_DENSITY_0402_CAP New Footprint=MURATA_HI_DENSITY_0402_CAP
Change Physical Footprint: Designator=C47 Old Footprint=MURATA_HI_DENSITY_0201 New Footprint=MURATA_HI_DENSITY_0201
Change Physical Footprint: Designator=C48 Old Footprint=MURATA_HI_DENSITY_0201 New Footprint=MURATA_HI_DENSITY_0201
Change Physical Footprint: Designator=C49 Old Footprint=MURATA_HI_DENSITY_0402_CAP New Footprint=MURATA_HI_DENSITY_0402_CAP
Change Physical Footprint: Designator=C50 Old Footprint=MURATA_HI_DENSITY_0201 New Footprint=MURATA_HI_DENSITY_0201
Change Physical Footprint: Designator=C51 Old Footprint=MURATA_HI_DENSITY_0201 New Footprint=MURATA_HI_DENSITY_0201
Change Physical Footprint: Designator=C52 Old Footprint=MURATA_HI_DENSITY_0402_CAP New Footprint=MURATA_HI_DENSITY_0402_CAP
Change Physical Footprint: Designator=C53 Old Footprint=MURATA_HI_DENSITY_0201 New Footprint=MURATA_HI_DENSITY_0201
Change Physical Footprint: Designator=C54 Old Footprint=MURATA_HI_DENSITY_0201 New Footprint=MURATA_HI_DENSITY_0201
Change Physical Footprint: Designator=C55 Old Footprint=MURATA_HI_DENSITY_0201 New Footprint=MURATA_HI_DENSITY_0201
Change Physical Footprint: Designator=C56 Old Footprint=MURATA_HI_DENSITY_0201 New Footprint=MURATA_HI_DENSITY_0201
Change Physical Footprint: Designator=C57 Old Footprint=MURATA_HI_DENSITY_0201 New Footprint=MURATA_HI_DENSITY_0201
Change Physical Footprint: Designator=C58 Old Footprint=MURATA_HI_DENSITY_0201 New Footprint=MURATA_HI_DENSITY_0201
Change Physical Footprint: Designator=C59 Old Footprint=MURATA_HI_DENSITY_0201 New Footprint=MURATA_HI_DENSITY_0201
Change Physical Footprint: Designator=C60 Old Footprint=MURATA_HI_DENSITY_0201 New Footprint=MURATA_HI_DENSITY_0201
Change Physical Footprint: Designator=C61 Old Footprint=MURATA_HI_DENSITY_0201 New Footprint=MURATA_HI_DENSITY_0201
Change Physical Footprint: Designator=C62 Old Footprint=MURATA_HI_DENSITY_0201 New Footprint=MURATA_HI_DENSITY_0201
Change Physical Footprint: Designator=C63 Old Footprint=MURATA_HI_DENSITY_0201 New Footprint=MURATA_HI_DENSITY_0201
Change Physical Footprint: Designator=C64 Old Footprint=MURATA_HI_DENSITY_0201 New Footprint=MURATA_HI_DENSITY_0201
Change Physical Footprint: Designator=C65 Old Footprint=MURATA_HI_DENSITY_0201 New Footprint=MURATA_HI_DENSITY_0201
Change Physical Footprint: Designator=C66 Old Footprint=MURATA_HI_DENSITY_0201 New Footprint=MURATA_HI_DENSITY_0201
Change Physical Footprint: Designator=C67 Old Footprint=MURATA_HI_DENSITY_0201 New Footprint=MURATA_HI_DENSITY_0201
Change Physical Footprint: Designator=C68 Old Footprint=MURATA_HI_DENSITY_0201 New Footprint=MURATA_HI_DENSITY_0201
Change Physical Footprint: Designator=C69 Old Footprint=MURATA_HI_DENSITY_0201 New Footprint=MURATA_HI_DENSITY_0201
Change Physical Footprint: Designator=C70 Old Footprint=MURATA_HI_DENSITY_0201 New Footprint=MURATA_HI_DENSITY_0201
Change Physical Footprint: Designator=C71 Old Footprint=MURATA_HI_DENSITY_0201 New Footprint=MURATA_HI_DENSITY_0201
Change Physical Footprint: Designator=C72 Old Footprint=MURATA_HI_DENSITY_0201 New Footprint=MURATA_HI_DENSITY_0201
Change Physical Footprint: Designator=C73 Old Footprint=MURATA_HI_DENSITY_0201 New Footprint=MURATA_HI_DENSITY_0201
Change Physical Footprint: Designator=C74 Old Footprint=MURATA_HI_DENSITY_0201 New Footprint=MURATA_HI_DENSITY_0201
Change Physical Footprint: Designator=C75 Old Footprint=MURATA_HI_DENSITY_0201 New Footprint=MURATA_HI_DENSITY_0201
Change Physical Footprint: Designator=C76 Old Footprint=MURATA_HI_DENSITY_0201 New Footprint=MURATA_HI_DENSITY_0201
Change Physical Footprint: Designator=C77 Old Footprint=MURATA_HI_DENSITY_0201 New Footprint=MURATA_HI_DENSITY_0201
Change Physical Footprint: Designator=C78 Old Footprint=CAPC0603X33N New Footprint=CAPC0603X33N
Change Physical Footprint: Designator=C79 Old Footprint=CAPC1005X55N New Footprint=CAPC1005X55N
Change Physical Footprint: Designator=C80 Old Footprint=CAPC1005X55N New Footprint=CAPC1005X55N
Change Physical Footprint: Designator=C81 Old Footprint=CAPC1005X55N New Footprint=CAPC1005X55N
Change Physical Footprint: Designator=C82 Old Footprint=CAPC1005X55N New Footprint=CAPC1005X55N
Change Physical Footprint: Designator=C83 Old Footprint=MURATA_HI_DENSITY_0201 New Footprint=MURATA_HI_DENSITY_0201
Change Physical Footprint: Designator=C84 Old Footprint=MURATA_HI_DENSITY_0201 New Footprint=MURATA_HI_DENSITY_0201
Change Physical Footprint: Designator=C85 Old Footprint=CAPC1005X55N New Footprint=CAPC1005X55N
Change Physical Footprint: Designator=C86 Old Footprint=CAPC1005X55N New Footprint=CAPC1005X55N
Change Physical Footprint: Designator=C87 Old Footprint=CAPC1005X55N New Footprint=CAPC1005X55N
Change Physical Footprint: Designator=C88 Old Footprint=CAPC1005X55N New Footprint=CAPC1005X55N
Change Physical Footprint: Designator=C89 Old Footprint=CAPC1005X55N New Footprint=CAPC1005X55N
Change Physical Footprint: Designator=C90 Old Footprint=CAPC1608X87N New Footprint=CAPC1608X87N
Change Physical Footprint: Designator=C91 Old Footprint=CAPC0510X04N New Footprint=CAPC0510X04N
Change Physical Footprint: Designator=C92 Old Footprint=LLL03TR61E333KE01 New Footprint=LLL03TR61E333KE01
Change Physical Footprint: Designator=C93 Old Footprint=CAPC1608X87N New Footprint=CAPC1608X87N
Change Physical Footprint: Designator=C94 Old Footprint=CAPC0510X04N New Footprint=CAPC0510X04N
Change Physical Footprint: Designator=C95 Old Footprint=LLL03TR61E333KE01 New Footprint=LLL03TR61E333KE01
Change Physical Footprint: Designator=C96 Old Footprint=CAPC1608X87N New Footprint=CAPC1608X87N
Change Physical Footprint: Designator=C97 Old Footprint=CAPC0510X04N New Footprint=CAPC0510X04N
Change Physical Footprint: Designator=C98 Old Footprint=LLL03TR61E333KE01 New Footprint=LLL03TR61E333KE01
Change Physical Footprint: Designator=C99 Old Footprint=MURATA_HI_DENSITY_0201 New Footprint=MURATA_HI_DENSITY_0201
Change Physical Footprint: Designator=C100 Old Footprint=MURATA_HI_DENSITY_0201 New Footprint=MURATA_HI_DENSITY_0201
Change Physical Footprint: Designator=D1 Old Footprint=LED_APHHS1005LZGCK-V New Footprint=LED_APHHS1005LZGCK-V
Change Physical Footprint: Designator=D2 Old Footprint=LED_APHHS1005LZGCK-V New Footprint=LED_APHHS1005LZGCK-V
Change Physical Footprint: Designator=D3 Old Footprint=LED_APHHS1005LZGCK-V New Footprint=LED_APHHS1005LZGCK-V
Change Physical Footprint: Designator=D4 Old Footprint=NSR01L30NXT5G New Footprint=NSR01L30NXT5G
Change Physical Footprint: Designator=D5 Old Footprint=LEDC1608X110N New Footprint=LEDC1608X110N
Change Physical Footprint: Designator=FTG1 Old Footprint=FIDUCIAL_TOP_C100-200 New Footprint=FIDUCIAL_TOP_C100-200
Change Physical Footprint: Designator=FTG2 Old Footprint=FIDUCIAL_TOP_C100-200 New Footprint=FIDUCIAL_TOP_C100-200
Change Physical Footprint: Designator=FTG3 Old Footprint=FIDUCIAL_TOP_C100-200 New Footprint=FIDUCIAL_TOP_C100-200
Change Physical Footprint: Designator=FTG4 Old Footprint=FIDUCIAL_TOP_C100-200 New Footprint=FIDUCIAL_TOP_C100-200
Change Physical Footprint: Designator=IC1_Ch0 Old Footprint=QFN50P300X300X100-17N New Footprint=QFN50P300X300X100-17N
Change Physical Footprint: Designator=IC1_Ch1 Old Footprint=QFN50P300X300X100-17N New Footprint=QFN50P300X300X100-17N
Change Physical Footprint: Designator=IC1_Ch2 Old Footprint=QFN50P300X300X100-17N New Footprint=QFN50P300X300X100-17N
Change Physical Footprint: Designator=IC1_Ch3 Old Footprint=QFN50P300X300X100-17N New Footprint=QFN50P300X300X100-17N
Change Physical Footprint: Designator=IC2_Ch0 Old Footprint=QFN50P300X300X100-17N New Footprint=QFN50P300X300X100-17N
Change Physical Footprint: Designator=IC2_Ch1 Old Footprint=QFN50P300X300X100-17N New Footprint=QFN50P300X300X100-17N
Change Physical Footprint: Designator=IC2_Ch2 Old Footprint=QFN50P300X300X100-17N New Footprint=QFN50P300X300X100-17N
Change Physical Footprint: Designator=IC2_Ch3 Old Footprint=QFN50P300X300X100-17N New Footprint=QFN50P300X300X100-17N
Change Physical Footprint: Designator=IC3 Old Footprint=SON50P300X300X85-11N-D New Footprint=SON50P300X300X85-11N-D
Change Physical Footprint: Designator=IC4 Old Footprint=SON50P300X300X85-11N-D New Footprint=SON50P300X300X85-11N-D
Change Physical Footprint: Designator=IC5 Old Footprint=SON50P300X300X85-11N-D New Footprint=SON50P300X300X85-11N-D
Change Physical Footprint: Designator=IC6 Old Footprint=SOIC127P600X175-8N New Footprint=SOIC127P600X175-8N
Change Physical Footprint: Designator=IC7 Old Footprint=SOP65P640X120-14N New Footprint=SOP65P640X120-14N
Change Physical Footprint: Designator=IC8 Old Footprint=QFN50P900X900X90-65N-D New Footprint=QFN50P900X900X90-65N-D
Change Physical Footprint: Designator=IC9 Old Footprint=QFN50P300X300X100-17N New Footprint=QFN50P300X300X100-17N
Change Physical Footprint: Designator=IC10 Old Footprint=DFN310X150X55-2N New Footprint=DFN310X150X55-2N
Change Physical Footprint: Designator=IC11 Old Footprint=QFN50P500X500X90-33N-D New Footprint=QFN50P500X500X90-33N-D
Change Physical Footprint: Designator=J1 Old Footprint=20072631_NP New Footprint=20072631_NP
Change Physical Footprint: Designator=J2 Old Footprint=TYCO_1888247-1 New Footprint=TYCO_1888247-1
Change Physical Footprint: Designator=J3 Old Footprint=TYCO_1888247-1 New Footprint=TYCO_1888247-1
Change Physical Footprint: Designator=J4 Old Footprint=SAMTEC_SEAM-40-03.5-S-10-2-A-K-TR New Footprint=SAMTEC_SEAM-40-03.5-S-10-2-A-K-TR
Change Physical Footprint: Designator=J5 Old Footprint=SAMTEC_SMA-J-P-H-ST-MT1 New Footprint=SAMTEC_SMA-J-P-H-ST-MT1
Change Physical Footprint: Designator=J6 Old Footprint=SAMTEC_SMA-J-P-H-ST-MT1 New Footprint=SAMTEC_SMA-J-P-H-ST-MT1
Change Physical Footprint: Designator=J7 Old Footprint=SAMTEC_SMA-J-P-H-ST-MT1 New Footprint=SAMTEC_SMA-J-P-H-ST-MT1
Change Physical Footprint: Designator=J8 Old Footprint=SAMTEC_SMA-J-P-H-ST-MT1 New Footprint=SAMTEC_SMA-J-P-H-ST-MT1
Change Physical Footprint: Designator=J9 Old Footprint=SAMTEC_SMA-J-P-H-ST-MT1 New Footprint=SAMTEC_SMA-J-P-H-ST-MT1
Change Physical Footprint: Designator=J10 Old Footprint=SAMTEC_SMA-J-P-H-ST-MT1 New Footprint=SAMTEC_SMA-J-P-H-ST-MT1
Change Physical Footprint: Designator=L1 Old Footprint=IND_MURATA_LQH32C New Footprint=IND_MURATA_LQH32C
Change Physical Footprint: Designator=L2 Old Footprint=IND_MURATA_LQH32C New Footprint=IND_MURATA_LQH32C
Change Physical Footprint: Designator=L3 Old Footprint=IND_MURATA_LQH32C New Footprint=IND_MURATA_LQH32C
Change Physical Footprint: Designator=L4 Old Footprint=IND_MURATA_LQH32C New Footprint=IND_MURATA_LQH32C
Change Physical Footprint: Designator=L5 Old Footprint=IND_MURATA_LQH32C New Footprint=IND_MURATA_LQH32C
Change Physical Footprint: Designator=LED1 Old Footprint=LED_APTD1608LSECKJ3-PF_KNB New Footprint=LED_APTD1608LSECKJ3-PF_KNB
Change Physical Footprint: Designator=LED2 Old Footprint=LED_APTD1608LSECKJ3-PF_KNB New Footprint=LED_APTD1608LSECKJ3-PF_KNB
Change Physical Footprint: Designator=LED3 Old Footprint=LED_APTD1608LSECKJ3-PF_KNB New Footprint=LED_APTD1608LSECKJ3-PF_KNB
Change Physical Footprint: Designator=LED4 Old Footprint=LED_APTD1608LSECKJ3-PF_KNB New Footprint=LED_APTD1608LSECKJ3-PF_KNB
Change Physical Footprint: Designator=Q1 Old Footprint=CSD15380F3 New Footprint=CSD15380F3
Change Physical Footprint: Designator=Q2 Old Footprint=CSD15380F3 New Footprint=CSD15380F3
Change Physical Footprint: Designator=Q3 Old Footprint=CSD15380F3 New Footprint=CSD15380F3
Change Physical Footprint: Designator=Q4 Old Footprint=CSD15380F3 New Footprint=CSD15380F3
Change Physical Footprint: Designator=Q5 Old Footprint=CSD15380F3 New Footprint=CSD15380F3
Change Physical Footprint: Designator=Q6 Old Footprint=CSD15380F3 New Footprint=CSD15380F3
Change Physical Footprint: Designator=Q7 Old Footprint=CSD15380F3 New Footprint=CSD15380F3
Change Physical Footprint: Designator=Q8 Old Footprint=CSD15380F3 New Footprint=CSD15380F3
Change Physical Footprint: Designator=Q9 Old Footprint=XTAL_KYOCERA_CX3225SB New Footprint=XTAL_KYOCERA_CX3225SB
Change Physical Footprint: Designator=Q10 Old Footprint=CSD15380F3 New Footprint=CSD15380F3
Change Physical Footprint: Designator=R1 Old Footprint=MURATA_HI_DENSITY_0201 New Footprint=MURATA_HI_DENSITY_0201
Change Physical Footprint: Designator=R2 Old Footprint=MURATA_HI_DENSITY_0201 New Footprint=MURATA_HI_DENSITY_0201
Change Physical Footprint: Designator=R3 Old Footprint=RESC1005X40N New Footprint=RESC1005X40N
Change Physical Footprint: Designator=R4 Old Footprint=MURATA_HI_DENSITY_0201 New Footprint=MURATA_HI_DENSITY_0201
Change Physical Footprint: Designator=R5 Old Footprint=RESC1005X40N New Footprint=RESC1005X40N
Change Physical Footprint: Designator=R6 Old Footprint=RESC1005X40N New Footprint=RESC1005X40N
Change Physical Footprint: Designator=R7 Old Footprint=RESC1005X40N New Footprint=RESC1005X40N
Change Physical Footprint: Designator=R8 Old Footprint=RESC1005X40N New Footprint=RESC1005X40N
Change Physical Footprint: Designator=R9 Old Footprint=RESC1005X40N New Footprint=RESC1005X40N
Change Physical Footprint: Designator=R10 Old Footprint=RESC1608X55N New Footprint=RESC1608X55N
Change Physical Footprint: Designator=R11 Old Footprint=RESC1005X40N New Footprint=RESC1005X40N
Change Physical Footprint: Designator=R12 Old Footprint=RESC1608X55N New Footprint=RESC1608X55N
Change Physical Footprint: Designator=R13 Old Footprint=RESC1005X40N New Footprint=RESC1005X40N
Change Physical Footprint: Designator=R14 Old Footprint=MURATA_HI_DENSITY_0201 New Footprint=MURATA_HI_DENSITY_0201
Change Physical Footprint: Designator=R15 Old Footprint=MURATA_HI_DENSITY_0201 New Footprint=MURATA_HI_DENSITY_0201
Change Physical Footprint: Designator=R16 Old Footprint=MURATA_HI_DENSITY_0201 New Footprint=MURATA_HI_DENSITY_0201
Change Physical Footprint: Designator=R17 Old Footprint=RESC1005X40N New Footprint=RESC1005X40N
Change Physical Footprint: Designator=R18 Old Footprint=MURATA_HI_DENSITY_0201 New Footprint=MURATA_HI_DENSITY_0201
Change Physical Footprint: Designator=R19 Old Footprint=RESC1005X40N New Footprint=RESC1005X40N
Change Physical Footprint: Designator=R20 Old Footprint=RESC1005X40N New Footprint=RESC1005X40N
Change Physical Footprint: Designator=R21 Old Footprint=MURATA_HI_DENSITY_0201 New Footprint=MURATA_HI_DENSITY_0201
Change Physical Footprint: Designator=R22 Old Footprint=MURATA_HI_DENSITY_0201 New Footprint=MURATA_HI_DENSITY_0201
Change Physical Footprint: Designator=R23 Old Footprint=MURATA_HI_DENSITY_0201 New Footprint=MURATA_HI_DENSITY_0201
Change Physical Footprint: Designator=R24 Old Footprint=MURATA_HI_DENSITY_0201 New Footprint=MURATA_HI_DENSITY_0201
Change Physical Footprint: Designator=R25 Old Footprint=MURATA_HI_DENSITY_0201 New Footprint=MURATA_HI_DENSITY_0201
Change Physical Footprint: Designator=R26 Old Footprint=MURATA_HI_DENSITY_0201 New Footprint=MURATA_HI_DENSITY_0201
Change Physical Footprint: Designator=R27 Old Footprint=RESC1005X40N New Footprint=RESC1005X40N
Change Physical Footprint: Designator=R28 Old Footprint=RESC1005X40N New Footprint=RESC1005X40N
Change Physical Footprint: Designator=R29 Old Footprint=MURATA_HI_DENSITY_0201 New Footprint=MURATA_HI_DENSITY_0201
Change Physical Footprint: Designator=R30 Old Footprint=MURATA_HI_DENSITY_0201 New Footprint=MURATA_HI_DENSITY_0201
Change Physical Footprint: Designator=R31 Old Footprint=MURATA_HI_DENSITY_0201 New Footprint=MURATA_HI_DENSITY_0201
Change Physical Footprint: Designator=R32 Old Footprint=RESC1005X40N New Footprint=RESC1005X40N
Change Physical Footprint: Designator=R33 Old Footprint=RESC1005X40N New Footprint=RESC1005X40N
Change Physical Footprint: Designator=R34 Old Footprint=MURATA_HI_DENSITY_0201 New Footprint=MURATA_HI_DENSITY_0201
Change Physical Footprint: Designator=R35 Old Footprint=RESC1005X40N New Footprint=RESC1005X40N
Change Physical Footprint: Designator=R36 Old Footprint=RESC1005X40N New Footprint=RESC1005X40N
Change Physical Footprint: Designator=R37 Old Footprint=MURATA_HI_DENSITY_0201 New Footprint=MURATA_HI_DENSITY_0201
Change Physical Footprint: Designator=R38 Old Footprint=MURATA_HI_DENSITY_0201 New Footprint=MURATA_HI_DENSITY_0201
Change Physical Footprint: Designator=R39 Old Footprint=MURATA_HI_DENSITY_0201 New Footprint=MURATA_HI_DENSITY_0201
Change Physical Footprint: Designator=R40 Old Footprint=RESC1005X40N New Footprint=RESC1005X40N
Change Physical Footprint: Designator=R41 Old Footprint=RESC1005X40N New Footprint=RESC1005X40N
Change Physical Footprint: Designator=R42 Old Footprint=MURATA_HI_DENSITY_0201 New Footprint=MURATA_HI_DENSITY_0201
Change Physical Footprint: Designator=R43 Old Footprint=MURATA_HI_DENSITY_0201 New Footprint=MURATA_HI_DENSITY_0201
Change Physical Footprint: Designator=R44 Old Footprint=MURATA_HI_DENSITY_0201 New Footprint=MURATA_HI_DENSITY_0201
Change Physical Footprint: Designator=R45 Old Footprint=MURATA_HI_DENSITY_0201 New Footprint=MURATA_HI_DENSITY_0201
Change Physical Footprint: Designator=R49 Old Footprint=MURATA_HI_DENSITY_0201 New Footprint=MURATA_HI_DENSITY_0201
Change Physical Footprint: Designator=R50 Old Footprint=MURATA_HI_DENSITY_0201 New Footprint=MURATA_HI_DENSITY_0201
Change Physical Footprint: Designator=R51 Old Footprint=MURATA_HI_DENSITY_0201 New Footprint=MURATA_HI_DENSITY_0201
Change Physical Footprint: Designator=R52 Old Footprint=MURATA_HI_DENSITY_0201 New Footprint=MURATA_HI_DENSITY_0201
Change Physical Footprint: Designator=R53 Old Footprint=MURATA_HI_DENSITY_0201 New Footprint=MURATA_HI_DENSITY_0201
Change Physical Footprint: Designator=R54 Old Footprint=MURATA_HI_DENSITY_0201 New Footprint=MURATA_HI_DENSITY_0201
Change Physical Footprint: Designator=R55 Old Footprint=MURATA_HI_DENSITY_0201 New Footprint=MURATA_HI_DENSITY_0201
Change Physical Footprint: Designator=R56 Old Footprint=MURATA_HI_DENSITY_0201 New Footprint=MURATA_HI_DENSITY_0201
Change Physical Footprint: Designator=R57 Old Footprint=MURATA_HI_DENSITY_0201 New Footprint=MURATA_HI_DENSITY_0201
Change Physical Footprint: Designator=R58 Old Footprint=RESC1005X40N New Footprint=RESC1005X40N
Change Physical Footprint: Designator=R59 Old Footprint=RESC1005X40N New Footprint=RESC1005X40N
Change Physical Footprint: Designator=R60 Old Footprint=RESC1005X40N New Footprint=RESC1005X40N
Change Physical Footprint: Designator=R61 Old Footprint=RESC1005X40N New Footprint=RESC1005X40N
Change Physical Footprint: Designator=R62B Old Footprint=MURATA_HI_DENSITY_0201 New Footprint=MURATA_HI_DENSITY_0201
Change Physical Footprint: Designator=R63B Old Footprint=MURATA_HI_DENSITY_0201 New Footprint=MURATA_HI_DENSITY_0201
Change Physical Footprint: Designator=R64X Old Footprint=MURATA_HI_DENSITY_0201 New Footprint=MURATA_HI_DENSITY_0201
Change Physical Footprint: Designator=R65X Old Footprint=MURATA_HI_DENSITY_0201 New Footprint=MURATA_HI_DENSITY_0201
Change Physical Footprint: Designator=R66B Old Footprint=MURATA_HI_DENSITY_0201 New Footprint=MURATA_HI_DENSITY_0201
Change Physical Footprint: Designator=R67B Old Footprint=MURATA_HI_DENSITY_0201 New Footprint=MURATA_HI_DENSITY_0201
Change Physical Footprint: Designator=R68X Old Footprint=MURATA_HI_DENSITY_0201 New Footprint=MURATA_HI_DENSITY_0201
Change Physical Footprint: Designator=R69X Old Footprint=MURATA_HI_DENSITY_0201 New Footprint=MURATA_HI_DENSITY_0201
Change Physical Footprint: Designator=RN1 Old Footprint=EXBU18 New Footprint=EXBU18
Change Physical Footprint: Designator=RN2 Old Footprint=EXB28V510JX New Footprint=EXB28V510JX
Change Physical Footprint: Designator=RN3 Old Footprint=EXBU18 New Footprint=EXBU18
Change Physical Footprint: Designator=U1 Old Footprint=SOT_07SDRLR_TEX New Footprint=SOT_07SDRLR_TEX
Change Physical Footprint: Designator=U2 Old Footprint=RUT12_TEX New Footprint=RUT12_TEX
Change Physical Footprint: Designator=W2 Old Footprint=SAMTEC_HTSW-102-23-L-S New Footprint=SAMTEC_HTSW-102-23-L-S
Change Physical Footprint: Designator=W3 Old Footprint=SAMTEC_HTSW-102-23-L-S New Footprint=SAMTEC_HTSW-102-23-L-S
Change Physical Footprint: Designator=W4 Old Footprint=SAMTEC_HTSW-103-23-L-S New Footprint=SAMTEC_HTSW-103-23-L-S
Change Physical Footprint: Designator=W5 Old Footprint=SAMTEC_HTSW-102-23-L-S New Footprint=SAMTEC_HTSW-102-23-L-S
Change Physical Footprint: Designator=W6 Old Footprint=SAMTEC_HTSW-102-23-L-S New Footprint=SAMTEC_HTSW-102-23-L-S
Change Physical Footprint: Designator=W7 Old Footprint=SAMTEC_HTSW-101-23-L-S New Footprint=SAMTEC_HTSW-101-23-L-S
Change Physical Footprint: Designator=W8 Old Footprint=SAMTEC_HTSW-102-23-L-S New Footprint=SAMTEC_HTSW-102-23-L-S
Change Physical Footprint: Designator=W9 Old Footprint=SAMTEC_HTSW-104-23-L-S New Footprint=SAMTEC_HTSW-104-23-L-S
