Added Component: Designator=J4(SAMTEC_SEAM-40-03.5-S-10-2-A-K-TR)
Add component (AddParameter): Name = "Availability"; Value = "Unavailable"; VariantName = "[No Variations]"
Add component (AddParameter): Name = "MF"; Value = "Samtec"; VariantName = "[No Variations]"
Add component (AddParameter): Name = "MP"; Value = "SEAM-40-03.5-S-10-2-A-K-TR"; VariantName = "[No Variations]"
Add component (AddParameter): Name = "Package"; Value = "None"; VariantName = "[No Variations]"
Add component (AddParameter): Name = "Price"; Value = "None"; VariantName = "[No Variations]"
Add component (AddParameter): Name = "Value"; Value = ""; VariantName = "[No Variations]"
Added Pin To Net: NetName=GND Pin=J4-A1
Added Pin To Net: NetName=FPGA_RX1_C_P Pin=J4-A2
Added Pin To Net: NetName=FPGA_RX1_C_N Pin=J4-A3
Added Pin To Net: NetName=GND Pin=J4-A4
Added Pin To Net: NetName=GND Pin=J4-A5
Added Pin To Net: NetName=GND Pin=J4-A8
Added Pin To Net: NetName=GND Pin=J4-A9
Added Pin To Net: NetName=GND Pin=J4-A12
Added Pin To Net: NetName=GND Pin=J4-A13
Added Pin To Net: NetName=GND Pin=J4-A16
Added Pin To Net: NetName=GND Pin=J4-A17
Added Pin To Net: NetName=GND Pin=J4-A20
Added Pin To Net: NetName=GND Pin=J4-A21
Added Pin To Net: NetName=FPGA_TX1_P Pin=J4-A22
Added Pin To Net: NetName=FPGA_TX1_N Pin=J4-A23
Added Pin To Net: NetName=GND Pin=J4-A24
Added Pin To Net: NetName=GND Pin=J4-A25
Added Pin To Net: NetName=GND Pin=J4-A28
Added Pin To Net: NetName=GND Pin=J4-A29
Added Pin To Net: NetName=GND Pin=J4-A32
Added Pin To Net: NetName=GND Pin=J4-A33
Added Pin To Net: NetName=GND Pin=J4-A36
Added Pin To Net: NetName=GND Pin=J4-A37
Added Pin To Net: NetName=GND Pin=J4-A40
Added Pin To Net: NetName=GND Pin=J4-B2
Added Pin To Net: NetName=GND Pin=J4-B3
Added Pin To Net: NetName=GND Pin=J4-B6
Added Pin To Net: NetName=GND Pin=J4-B7
Added Pin To Net: NetName=GND Pin=J4-B10
Added Pin To Net: NetName=GND Pin=J4-B11
Added Pin To Net: NetName=GND Pin=J4-B14
Added Pin To Net: NetName=GND Pin=J4-B15
Added Pin To Net: NetName=GND Pin=J4-B18
Added Pin To Net: NetName=GND Pin=J4-B19
Added Pin To Net: NetName=GT_REFCLK_AUX_P Pin=J4-B20
Added Pin To Net: NetName=GT_REFCLK_AUX_N Pin=J4-B21
Added Pin To Net: NetName=GND Pin=J4-B22
Added Pin To Net: NetName=GND Pin=J4-B23
Added Pin To Net: NetName=GND Pin=J4-B26
Added Pin To Net: NetName=GND Pin=J4-B27
Added Pin To Net: NetName=GND Pin=J4-B30
Added Pin To Net: NetName=GND Pin=J4-B31
Added Pin To Net: NetName=GND Pin=J4-B34
Added Pin To Net: NetName=GND Pin=J4-B35
Added Pin To Net: NetName=GND Pin=J4-B38
Added Pin To Net: NetName=GND Pin=J4-B39
Added Pin To Net: NetName=GND Pin=J4-C1
Added Pin To Net: NetName=FPGA_TX0_P Pin=J4-C2
Added Pin To Net: NetName=FPGA_TX0_N Pin=J4-C3
Added Pin To Net: NetName=GND Pin=J4-C4
Added Pin To Net: NetName=GND Pin=J4-C5
Added Pin To Net: NetName=FPGA_RX0_C_P Pin=J4-C6
Added Pin To Net: NetName=FPGA_RX0_C_N Pin=J4-C7
Added Pin To Net: NetName=GND Pin=J4-C8
Added Pin To Net: NetName=GND Pin=J4-C9
Added Pin To Net: NetName=GND Pin=J4-C12
Added Pin To Net: NetName=GND Pin=J4-C13
Added Pin To Net: NetName=GND Pin=J4-C16
Added Pin To Net: NetName=GND Pin=J4-C17
Added Pin To Net: NetName=GND Pin=J4-C20
Added Pin To Net: NetName=GND Pin=J4-C21
Added Pin To Net: NetName=GND Pin=J4-C24
Added Pin To Net: NetName=GND Pin=J4-C25
Added Pin To Net: NetName=GND Pin=J4-C28
Added Pin To Net: NetName=GND Pin=J4-C29
Added Pin To Net: NetName=FMC_SCL Pin=J4-C30
Added Pin To Net: NetName=FMC_SDA Pin=J4-C31
Added Pin To Net: NetName=GND Pin=J4-C32
Added Pin To Net: NetName=GND Pin=J4-C33
Added Pin To Net: NetName=FMC_GA0 Pin=J4-C34
Added Pin To Net: NetName=P12V Pin=J4-C35
Added Pin To Net: NetName=GND Pin=J4-C36
Added Pin To Net: NetName=P12V Pin=J4-C37
Added Pin To Net: NetName=GND Pin=J4-C38
Added Pin To Net: NetName=P3V3 Pin=J4-C39
Added Pin To Net: NetName=GND Pin=J4-C40
Added Pin To Net: NetName=GND Pin=J4-D2
Added Pin To Net: NetName=GND Pin=J4-D3
Added Pin To Net: NetName=CLN_RXUSRCLK_P Pin=J4-D4
Added Pin To Net: NetName=CLN_RXUSRCLK_N Pin=J4-D5
Added Pin To Net: NetName=GND Pin=J4-D6
Added Pin To Net: NetName=GND Pin=J4-D7
Added Pin To Net: NetName=ADJ_SCL Pin=J4-D8
Added Pin To Net: NetName=ADJ_SDA Pin=J4-D9
Added Pin To Net: NetName=GND Pin=J4-D10
Added Pin To Net: NetName=PLL_Lock Pin=J4-D11
Added Pin To Net: NetName=PLL_RSTb Pin=J4-D12
Added Pin To Net: NetName=GND Pin=J4-D13
Added Pin To Net: NetName=GND Pin=J4-D16
Added Pin To Net: NetName=GND Pin=J4-D19
Added Pin To Net: NetName=GND Pin=J4-D22
Added Pin To Net: NetName=3V3_APLL_DIS Pin=J4-D23
Added Pin To Net: NetName=3V3_PS_DIS Pin=J4-D24
Added Pin To Net: NetName=GND Pin=J4-D25
Added Pin To Net: NetName=1V8_DIS Pin=J4-D26
Added Pin To Net: NetName=GND Pin=J4-D28
Added Pin To Net: NetName=NetJ4_D30 Pin=J4-D30
Added Pin To Net: NetName=NetJ4_D30 Pin=J4-D31
Added Pin To Net: NetName=P3V3A Pin=J4-D32
Added Pin To Net: NetName=FMC_GA1 Pin=J4-D35
Added Pin To Net: NetName=P3V3 Pin=J4-D36
Added Pin To Net: NetName=GND Pin=J4-D37
Added Pin To Net: NetName=P3V3 Pin=J4-D38
Added Pin To Net: NetName=GND Pin=J4-D39
Added Pin To Net: NetName=P3V3 Pin=J4-D40
Added Pin To Net: NetName=GND Pin=J4-E1
Added Pin To Net: NetName=GND Pin=J4-E4
Added Pin To Net: NetName=GND Pin=J4-E5
Added Pin To Net: NetName=GND Pin=J4-E8
Added Pin To Net: NetName=GND Pin=J4-E11
Added Pin To Net: NetName=GND Pin=J4-E14
Added Pin To Net: NetName=GND Pin=J4-E17
Added Pin To Net: NetName=GND Pin=J4-E20
Added Pin To Net: NetName=GND Pin=J4-E23
Added Pin To Net: NetName=GND Pin=J4-E26
Added Pin To Net: NetName=GND Pin=J4-E29
Added Pin To Net: NetName=GND Pin=J4-E32
Added Pin To Net: NetName=GND Pin=J4-E35
Added Pin To Net: NetName=GND Pin=J4-E38
Added Pin To Net: NetName=VADJ Pin=J4-E39
Added Pin To Net: NetName=GND Pin=J4-E40
Added Pin To Net: NetName=GND Pin=J4-F2
Added Pin To Net: NetName=GND Pin=J4-F3
Added Pin To Net: NetName=GND Pin=J4-F6
Added Pin To Net: NetName=GND Pin=J4-F9
Added Pin To Net: NetName=GND Pin=J4-F12
Added Pin To Net: NetName=GND Pin=J4-F15
Added Pin To Net: NetName=GND Pin=J4-F18
Added Pin To Net: NetName=GND Pin=J4-F21
Added Pin To Net: NetName=GND Pin=J4-F24
Added Pin To Net: NetName=GND Pin=J4-F27
Added Pin To Net: NetName=GND Pin=J4-F30
Added Pin To Net: NetName=GND Pin=J4-F33
Added Pin To Net: NetName=GND Pin=J4-F36
Added Pin To Net: NetName=GND Pin=J4-F39
Added Pin To Net: NetName=VADJ Pin=J4-F40
Added Pin To Net: NetName=GND Pin=J4-G1
Added Pin To Net: NetName=GND Pin=J4-G4
Added Pin To Net: NetName=GND Pin=J4-G5
Added Pin To Net: NetName=RXUSRCLK_P Pin=J4-G6
Added Pin To Net: NetName=RXUSRCLK_N Pin=J4-G7
Added Pin To Net: NetName=GND Pin=J4-G8
Added Pin To Net: NetName=EQ2_EN Pin=J4-G9
Added Pin To Net: NetName=EQ1_EN Pin=J4-G10
Added Pin To Net: NetName=GND Pin=J4-G11
Added Pin To Net: NetName=S_IN_PS Pin=J4-G12
Added Pin To Net: NetName=CLK_PS Pin=J4-G13
Added Pin To Net: NetName=GND Pin=J4-G14
Added Pin To Net: NetName=LE_PS Pin=J4-G15
Added Pin To Net: NetName=SDO_PS Pin=J4-G16
Added Pin To Net: NetName=GND Pin=J4-G17
Added Pin To Net: NetName=GND Pin=J4-G20
Added Pin To Net: NetName=GND Pin=J4-G23
Added Pin To Net: NetName=GND Pin=J4-G26
Added Pin To Net: NetName=GND Pin=J4-G29
Added Pin To Net: NetName=GND Pin=J4-G32
Added Pin To Net: NetName=GND Pin=J4-G35
Added Pin To Net: NetName=GND Pin=J4-G38
Added Pin To Net: NetName=VADJ Pin=J4-G39
Added Pin To Net: NetName=GND Pin=J4-G40
Added Pin To Net: NetName=GND Pin=J4-H3
Added Pin To Net: NetName=DMTD_CLK_FPGA_P Pin=J4-H4
Added Pin To Net: NetName=DMTD_CLK_FPGA_N Pin=J4-H5
Added Pin To Net: NetName=GND Pin=J4-H6
Added Pin To Net: NetName=BEAT_0_P Pin=J4-H7
Added Pin To Net: NetName=BEAT_0_N Pin=J4-H8
Added Pin To Net: NetName=GND Pin=J4-H9
Added Pin To Net: NetName=EQ0_EN Pin=J4-H10
Added Pin To Net: NetName=EQ3_EN Pin=J4-H11
Added Pin To Net: NetName=GND Pin=J4-H12
Added Pin To Net: NetName=BEAT_3_P Pin=J4-H13
Added Pin To Net: NetName=BEAT_3_N Pin=J4-H14
Added Pin To Net: NetName=GND Pin=J4-H15
Added Pin To Net: NetName=GND Pin=J4-H18
Added Pin To Net: NetName=BEAT_2_P Pin=J4-H19
Added Pin To Net: NetName=BEAT_2_N Pin=J4-H20
Added Pin To Net: NetName=GND Pin=J4-H21
Added Pin To Net: NetName=GND Pin=J4-H24
Added Pin To Net: NetName=BEAT_1_P Pin=J4-H25
Added Pin To Net: NetName=BEAT_1_N Pin=J4-H26
Added Pin To Net: NetName=GND Pin=J4-H27
Added Pin To Net: NetName=GND Pin=J4-H30
Added Pin To Net: NetName=GND Pin=J4-H33
Added Pin To Net: NetName=GND Pin=J4-H36
Added Pin To Net: NetName=GND Pin=J4-H39
Added Pin To Net: NetName=VADJ Pin=J4-H40
Added Pin To Net: NetName=GND Pin=J4-I1
Added Pin To Net: NetName=GND Pin=J4-I4
Added Pin To Net: NetName=GND Pin=J4-I5
Added Pin To Net: NetName=GND Pin=J4-I8
Added Pin To Net: NetName=GND Pin=J4-I11
Added Pin To Net: NetName=GND Pin=J4-I14
Added Pin To Net: NetName=GND Pin=J4-I17
Added Pin To Net: NetName=GND Pin=J4-I20
Added Pin To Net: NetName=GND Pin=J4-I23
Added Pin To Net: NetName=GND Pin=J4-I26
Added Pin To Net: NetName=GND Pin=J4-I29
Added Pin To Net: NetName=GND Pin=J4-I32
Added Pin To Net: NetName=GND Pin=J4-I35
Added Pin To Net: NetName=GND Pin=J4-I38
Added Pin To Net: NetName=GND Pin=J4-I40
Added Pin To Net: NetName=GND Pin=J4-J2
Added Pin To Net: NetName=GND Pin=J4-J3
Added Pin To Net: NetName=GND Pin=J4-J6
Added Pin To Net: NetName=GND Pin=J4-J9
Added Pin To Net: NetName=GND Pin=J4-J12
Added Pin To Net: NetName=GND Pin=J4-J15
Added Pin To Net: NetName=GND Pin=J4-J18
Added Pin To Net: NetName=GND Pin=J4-J21
Added Pin To Net: NetName=GND Pin=J4-J24
Added Pin To Net: NetName=GND Pin=J4-J27
Added Pin To Net: NetName=GND Pin=J4-J30
Added Pin To Net: NetName=GND Pin=J4-J33
Added Pin To Net: NetName=GND Pin=J4-J36
Added Pin To Net: NetName=GND Pin=J4-J39
Added Member To Class: ClassName=U_FMC Member=Component J4 SEAM-40-03.5-S-10-2-A-K-TR
