Removed Member From Class: ClassName=U_PLL Member=C102
Removed Member From Class: ClassName=U_PLL Member=C103
Removed Member From Class: ClassName=U_PLL Member=C104
Removed Member From Class: ClassName=U_PLL Member=C105
Removed Member From Class: ClassName=U_PLL Member=C106
Removed Member From Class: ClassName=U_FMC Member=RN3
Removed Member From Class: ClassName=Match_FAN_DFF Member=DFF_IN_Ch0_N
Removed Member From Class: ClassName=Match_FAN_DFF Member=DFF_IN_Ch0_P
Removed Member From Class: ClassName=Match_FAN_DFF Member=DFF_IN_Ch1_N
Removed Member From Class: ClassName=Match_FAN_DFF Member=DFF_IN_Ch1_P
Removed Member From Class: ClassName=Match_FAN_DFF Member=DFF_IN_Ch2_N
Removed Member From Class: ClassName=Match_FAN_DFF Member=DFF_IN_Ch2_P
Removed Member From Class: ClassName=Match_FAN_DFF Member=DFF_IN_Ch3_N
Removed Member From Class: ClassName=Match_FAN_DFF Member=DFF_IN_Ch3_P
Removed Member From Class: ClassName=50ohm Member=NetC64_2
Removed Member From Class: ClassName=50ohm Member=NetC65_2
Removed Member From Class: ClassName=50ohm Member=NetIC11_7
Removed Member From Class: ClassName=50ohm Member=NetIC11_18
Remove Class Member: Failed to remove class member
Remove Class Member: Failed to remove class member
Remove Class Member: Failed to remove class member
Remove Class Member: Failed to remove class member
Change Component Designator: OldDesignator=C1_Ch0 NewDesignator=C1_l0
Change Component Designator: OldDesignator=C1_Ch1 NewDesignator=C1_l1
Change Component Designator: OldDesignator=C1_Ch2 NewDesignator=C1_l2
Change Component Designator: OldDesignator=C1_Ch3 NewDesignator=C1_l3
Change Component Designator: OldDesignator=C2_Ch0 NewDesignator=C2_l0
Change Component Designator: OldDesignator=C2_Ch1 NewDesignator=C2_l1
Change Component Designator: OldDesignator=C2_Ch2 NewDesignator=C2_l2
Change Component Designator: OldDesignator=C2_Ch3 NewDesignator=C2_l3
Change Component Designator: OldDesignator=C3_Ch0 NewDesignator=C3_l0
Change Component Designator: OldDesignator=C3_Ch1 NewDesignator=C3_l1
Change Component Designator: OldDesignator=C3_Ch2 NewDesignator=C3_l2
Change Component Designator: OldDesignator=C3_Ch3 NewDesignator=C3_l3
Change Component Designator: OldDesignator=C4_Ch0 NewDesignator=C4_l0
Change Component Designator: OldDesignator=C4_Ch1 NewDesignator=C4_l1
Change Component Designator: OldDesignator=C4_Ch2 NewDesignator=C4_l2
Change Component Designator: OldDesignator=C4_Ch3 NewDesignator=C4_l3
Change Component Designator: OldDesignator=C5_Ch0 NewDesignator=C5_l0
Change Component Designator: OldDesignator=C5_Ch1 NewDesignator=C5_l1
Change Component Designator: OldDesignator=C5_Ch2 NewDesignator=C5_l2
Change Component Designator: OldDesignator=C5_Ch3 NewDesignator=C5_l3
Change Component Designator: OldDesignator=C6_Ch0 NewDesignator=C6_l0
Change Component Designator: OldDesignator=C6_Ch1 NewDesignator=C6_l1
Change Component Designator: OldDesignator=C6_Ch2 NewDesignator=C6_l2
Change Component Designator: OldDesignator=C6_Ch3 NewDesignator=C6_l3
Change Component Designator: OldDesignator=C7 NewDesignator=C34
Change Component Designator: OldDesignator=C8_Ch0 NewDesignator=C7_l0
Change Component Designator: OldDesignator=C8_Ch1 NewDesignator=C7_l1
Change Component Designator: OldDesignator=C8_Ch2 NewDesignator=C7_l2
Change Component Designator: OldDesignator=C8_Ch3 NewDesignator=C7_l3
Change Component Designator: OldDesignator=C9_Ch0 NewDesignator=C8_l0
Change Component Designator: OldDesignator=C9_Ch1 NewDesignator=C8_l1
Change Component Designator: OldDesignator=C9_Ch2 NewDesignator=C8_l2
Change Component Designator: OldDesignator=C9_Ch3 NewDesignator=C8_l3
Change Component Designator: OldDesignator=C10_Ch0 NewDesignator=C9_l0
Change Component Designator: OldDesignator=C10_Ch1 NewDesignator=C9_l1
Change Component Designator: OldDesignator=C10_Ch2 NewDesignator=C9_l2
Change Component Designator: OldDesignator=C10_Ch3 NewDesignator=C9_l3
Change Component Designator: OldDesignator=C11_Ch0 NewDesignator=C10_l0
Change Component Designator: OldDesignator=C11_Ch1 NewDesignator=C10_l1
Change Component Designator: OldDesignator=C11_Ch2 NewDesignator=C10_l2
Change Component Designator: OldDesignator=C11_Ch3 NewDesignator=C10_l3
Change Component Designator: OldDesignator=C12_Ch0 NewDesignator=C11_l0
Change Component Designator: OldDesignator=C12_Ch1 NewDesignator=C11_l1
Change Component Designator: OldDesignator=C12_Ch2 NewDesignator=C11_l2
Change Component Designator: OldDesignator=C12_Ch3 NewDesignator=C11_l3
Change Component Designator: OldDesignator=C13_Ch0 NewDesignator=C12_l0
Change Component Designator: OldDesignator=C13_Ch1 NewDesignator=C12_l1
Change Component Designator: OldDesignator=C13_Ch2 NewDesignator=C12_l2
Change Component Designator: OldDesignator=C13_Ch3 NewDesignator=C12_l3
Change Component Designator: OldDesignator=C21 NewDesignator=C22
Change Component Designator: OldDesignator=C22 NewDesignator=C26
Change Component Designator: OldDesignator=C23 NewDesignator=C21
Change Component Designator: OldDesignator=C24 NewDesignator=C23
Change Component Designator: OldDesignator=C25 NewDesignator=C24
Change Component Designator: OldDesignator=C26 NewDesignator=C25
Change Component Designator: OldDesignator=C29 NewDesignator=C30
Change Component Designator: OldDesignator=C30 NewDesignator=C31
Change Component Designator: OldDesignator=C31 NewDesignator=C32
Change Component Designator: OldDesignator=C32 NewDesignator=C33
Change Component Designator: OldDesignator=C33 NewDesignator=C29
Change Component Designator: OldDesignator=C34 NewDesignator=C37
Change Component Designator: OldDesignator=C35 NewDesignator=C38
Change Component Designator: OldDesignator=C36 NewDesignator=C39
Change Component Designator: OldDesignator=C37 NewDesignator=C40
Change Component Designator: OldDesignator=C38 NewDesignator=C41
Change Component Designator: OldDesignator=C39 NewDesignator=C42
Change Component Designator: OldDesignator=C40 NewDesignator=C43
Change Component Designator: OldDesignator=C41 NewDesignator=C44
Change Component Designator: OldDesignator=C42 NewDesignator=C45
Change Component Designator: OldDesignator=C43 NewDesignator=C46
Change Component Designator: OldDesignator=C44 NewDesignator=C47
Change Component Designator: OldDesignator=C45 NewDesignator=C48
Change Component Designator: OldDesignator=C46 NewDesignator=C49
Change Component Designator: OldDesignator=C47 NewDesignator=C50
Change Component Designator: OldDesignator=C48 NewDesignator=C51
Change Component Designator: OldDesignator=C49 NewDesignator=C52
Change Component Designator: OldDesignator=C50 NewDesignator=C53
Change Component Designator: OldDesignator=C51 NewDesignator=C54
Change Component Designator: OldDesignator=C52 NewDesignator=C55
Change Component Designator: OldDesignator=C53 NewDesignator=C56
Change Component Designator: OldDesignator=C54 NewDesignator=C57
Change Component Designator: OldDesignator=C55 NewDesignator=C58
Change Component Designator: OldDesignator=C56 NewDesignator=C59
Change Component Designator: OldDesignator=C57 NewDesignator=C60
Change Component Designator: OldDesignator=C58 NewDesignator=C61
Change Component Designator: OldDesignator=C59 NewDesignator=C62
Change Component Designator: OldDesignator=C60 NewDesignator=C63
Change Component Designator: OldDesignator=C61 NewDesignator=C64
Change Component Designator: OldDesignator=C62 NewDesignator=C65
Change Component Designator: OldDesignator=C63 NewDesignator=C66
Change Component Designator: OldDesignator=C64 NewDesignator=C67
Change Component Designator: OldDesignator=C65 NewDesignator=C68
Change Component Designator: OldDesignator=C66 NewDesignator=C69
Change Component Designator: OldDesignator=C67 NewDesignator=C70
Change Component Designator: OldDesignator=C68 NewDesignator=C71
Change Component Designator: OldDesignator=C69 NewDesignator=C72
Change Component Designator: OldDesignator=C70 NewDesignator=C73
Change Component Designator: OldDesignator=C71 NewDesignator=C74
Change Component Designator: OldDesignator=C72 NewDesignator=C75
Change Component Designator: OldDesignator=C73 NewDesignator=C76
Change Component Designator: OldDesignator=C74 NewDesignator=C77
Change Component Designator: OldDesignator=C75 NewDesignator=C79
Change Component Designator: OldDesignator=C76 NewDesignator=C85
Change Component Designator: OldDesignator=C77 NewDesignator=C86
Change Component Designator: OldDesignator=C78_Ch0 NewDesignator=C13_l0
Change Component Designator: OldDesignator=C78_Ch1 NewDesignator=C13_l1
Change Component Designator: OldDesignator=C78_Ch2 NewDesignator=C13_l2
Change Component Designator: OldDesignator=C78_Ch3 NewDesignator=C13_l3
Change Component Designator: OldDesignator=C79 NewDesignator=C87
Change Component Designator: OldDesignator=C80 NewDesignator=C88
Change Component Designator: OldDesignator=C81 NewDesignator=C89
Change Component Designator: OldDesignator=C82 NewDesignator=C90
Change Component Designator: OldDesignator=C83 NewDesignator=C91
Change Component Designator: OldDesignator=C84 NewDesignator=C92
Change Component Designator: OldDesignator=C85 NewDesignator=C93
Change Component Designator: OldDesignator=C86 NewDesignator=C94
Change Component Designator: OldDesignator=C87 NewDesignator=C95
Change Component Designator: OldDesignator=C88 NewDesignator=C96
Change Component Designator: OldDesignator=C89 NewDesignator=C97
Change Component Designator: OldDesignator=C90 NewDesignator=C101
Change Component Designator: OldDesignator=C91 NewDesignator=C35
Change Component Designator: OldDesignator=C92 NewDesignator=C36
Change Component Designator: OldDesignator=C93 NewDesignator=C102
Change Component Designator: OldDesignator=C96 NewDesignator=C103
Change Component Designator: OldDesignator=C97 NewDesignator=C104
Change Component Designator: OldDesignator=C98 NewDesignator=C105
Change Component Designator: OldDesignator=C99 NewDesignator=C106
Change Component Designator: OldDesignator=C100 NewDesignator=C107
Change Component Designator: OldDesignator=C101 NewDesignator=C78
Change Component Designator: OldDesignator=C102 NewDesignator=C80
Change Component Designator: OldDesignator=C103 NewDesignator=C81
Change Component Designator: OldDesignator=C104 NewDesignator=C82
Change Component Designator: OldDesignator=C105 NewDesignator=C83
Change Component Designator: OldDesignator=C106 NewDesignator=C84
Change Component Designator: OldDesignator=C107 NewDesignator=C98
Change Component Designator: OldDesignator=C108 NewDesignator=C99
Change Component Designator: OldDesignator=C109 NewDesignator=C100
Change Component Designator: OldDesignator=IC1_Ch0 NewDesignator=IC1_l0
Change Component Designator: OldDesignator=IC1_Ch1 NewDesignator=IC1_l1
Change Component Designator: OldDesignator=IC1_Ch2 NewDesignator=IC1_l2
Change Component Designator: OldDesignator=IC1_Ch3 NewDesignator=IC1_l3
Change Component Designator: OldDesignator=IC2_Ch0 NewDesignator=IC2_l0
Change Component Designator: OldDesignator=IC2_Ch1 NewDesignator=IC2_l1
Change Component Designator: OldDesignator=IC2_Ch2 NewDesignator=IC2_l2
Change Component Designator: OldDesignator=IC2_Ch3 NewDesignator=IC2_l3
Change Component Designator: OldDesignator=IC6 NewDesignator=IC7
Change Component Designator: OldDesignator=IC7 NewDesignator=IC8
Change Component Designator: OldDesignator=IC8 NewDesignator=IC9
Change Component Designator: OldDesignator=IC10 NewDesignator=IC6
Change Component Designator: OldDesignator=IC11 NewDesignator=IC10
Change Component Designator: OldDesignator=R9 NewDesignator=R11
Change Component Designator: OldDesignator=R10 NewDesignator=R9
Change Component Designator: OldDesignator=R11 NewDesignator=R12
Change Component Designator: OldDesignator=R12 NewDesignator=R10
Change Component Designator: OldDesignator=R13 NewDesignator=R15
Change Component Designator: OldDesignator=R14 NewDesignator=R23
Change Component Designator: OldDesignator=R15 NewDesignator=R21
Change Component Designator: OldDesignator=R16 NewDesignator=R22
Change Component Designator: OldDesignator=R17 NewDesignator=R20
Change Component Designator: OldDesignator=R18 NewDesignator=R17
Change Component Designator: OldDesignator=R19 NewDesignator=R18
Change Component Designator: OldDesignator=R20 NewDesignator=R19
Change Component Designator: OldDesignator=R21 NewDesignator=R26
Change Component Designator: OldDesignator=R22 NewDesignator=R24
Change Component Designator: OldDesignator=R23 NewDesignator=R25
Change Component Designator: OldDesignator=R24 NewDesignator=R27
Change Component Designator: OldDesignator=R25 NewDesignator=R28
Change Component Designator: OldDesignator=R26 NewDesignator=R29
Change Component Designator: OldDesignator=R27 NewDesignator=R30
Change Component Designator: OldDesignator=R28 NewDesignator=R31
Change Component Designator: OldDesignator=R29 NewDesignator=R32
Change Component Designator: OldDesignator=R30 NewDesignator=R33
Change Component Designator: OldDesignator=R31 NewDesignator=R34
Change Component Designator: OldDesignator=R32 NewDesignator=R35
Change Component Designator: OldDesignator=R33 NewDesignator=R36
Change Component Designator: OldDesignator=R34 NewDesignator=R37
Change Component Designator: OldDesignator=R35 NewDesignator=R38
Change Component Designator: OldDesignator=R36 NewDesignator=R39
Change Component Designator: OldDesignator=R37 NewDesignator=R40
Change Component Designator: OldDesignator=R38 NewDesignator=R41
Change Component Designator: OldDesignator=R39 NewDesignator=R42
Change Component Designator: OldDesignator=R40 NewDesignator=R43
Change Component Designator: OldDesignator=R41 NewDesignator=R44
Change Component Designator: OldDesignator=R42 NewDesignator=R45
Change Component Designator: OldDesignator=R43 NewDesignator=R46
Change Component Designator: OldDesignator=R44 NewDesignator=R47
Change Component Designator: OldDesignator=R45 NewDesignator=R48
Change Component Designator: OldDesignator=R46 NewDesignator=R13
Change Component Designator: OldDesignator=R47 NewDesignator=R14
Change Component Designator: OldDesignator=R48 NewDesignator=R16
Change Component Designator: OldDesignator=R54 NewDesignator=R53
Change Component Designator: OldDesignator=R56 NewDesignator=R54
Change Component Designator: OldDesignator=R57 NewDesignator=R55
Change Component Designator: OldDesignator=R58 NewDesignator=R56
Change Component Designator: OldDesignator=R59 NewDesignator=R57
Change Component Designator: OldDesignator=R60 NewDesignator=R58
Change Component Designator: OldDesignator=R61 NewDesignator=R59
Change Component Designator: OldDesignator=R62B NewDesignator=R60B
Change Component Designator: OldDesignator=R63B NewDesignator=R61B
Change Component Designator: OldDesignator=R64X NewDesignator=R62X
Change Component Designator: OldDesignator=R65X NewDesignator=R63X
Change Component Designator: OldDesignator=R66B NewDesignator=R64B
Change Component Designator: OldDesignator=R67B NewDesignator=R65B
Change Component Designator: OldDesignator=R68X NewDesignator=R66X
Change Component Designator: OldDesignator=R69X NewDesignator=R67X
Change Component Designator: OldDesignator=RN1 NewDesignator=RN2
Change Component Designator: OldDesignator=RN3 NewDesignator=RN1
Change Component Designator: OldDesignator=U2 NewDesignator=U3
Change Component Designator: OldDesignator=U3 NewDesignator=U2
Change Component Designator: OldDesignator=W2 NewDesignator=W1
Change Component Designator: OldDesignator=W3 NewDesignator=W2
Change Component Designator: OldDesignator=W9 NewDesignator=W3
Change Net Name : Old Net Name=BEAT_Ch0_N New Net Name=BEAT_l0_N
Change Net Name : Old Net Name=BEAT_Ch0_P New Net Name=BEAT_l0_P
Change Net Name : Old Net Name=BEAT_Ch1_N New Net Name=BEAT_l1_N
Change Net Name : Old Net Name=BEAT_Ch1_P New Net Name=BEAT_l1_P
Change Net Name : Old Net Name=BEAT_Ch2_N New Net Name=BEAT_l2_N
Change Net Name : Old Net Name=BEAT_Ch2_P New Net Name=BEAT_l2_P
Change Net Name : Old Net Name=BEAT_Ch3_N New Net Name=BEAT_l3_N
Change Net Name : Old Net Name=BEAT_Ch3_P New Net Name=BEAT_l3_P
Change Net Name : Old Net Name=DFF_IN_Ch0_N New Net Name=DFF_IN_l0_N
Change Net Name : Old Net Name=DFF_IN_Ch0_P New Net Name=DFF_IN_l0_P
Change Net Name : Old Net Name=DFF_IN_Ch1_N New Net Name=DFF_IN_l1_N
Change Net Name : Old Net Name=DFF_IN_Ch1_P New Net Name=DFF_IN_l1_P
Change Net Name : Old Net Name=DFF_IN_Ch2_N New Net Name=DFF_IN_l2_N
Change Net Name : Old Net Name=DFF_IN_Ch2_P New Net Name=DFF_IN_l2_P
Change Net Name : Old Net Name=DFF_IN_Ch3_N New Net Name=DFF_IN_l3_N
Change Net Name : Old Net Name=DFF_IN_Ch3_P New Net Name=DFF_IN_l3_P
Change Net Name : Old Net Name=NetC13_Ch0_2 New Net Name=NetC12_l0_2
Change Net Name : Old Net Name=NetC13_Ch1_2 New Net Name=NetC12_l1_2
Change Net Name : Old Net Name=NetC13_Ch2_2 New Net Name=NetC12_l2_2
Change Net Name : Old Net Name=NetC13_Ch3_2 New Net Name=NetC12_l3_2
Change Net Name : Old Net Name=NetC21_1 New Net Name=NetC22_1
Change Net Name : Old Net Name=NetC21_2 New Net Name=NetC22_2
Change Net Name : Old Net Name=NetC29_2 New Net Name=NetC30_2
Change Net Name : Old Net Name=NetC30_2 New Net Name=NetC31_2
Change Net Name : Old Net Name=NetC32_2 New Net Name=NetC33_2
Change Net Name : Old Net Name=NetC33_1 New Net Name=NetC29_1
Change Net Name : Old Net Name=NetC36_2 New Net Name=NetC39_2
Change Net Name : Old Net Name=NetC37_2 New Net Name=NetC40_2
Change Net Name : Old Net Name=NetC39_2 New Net Name=NetC42_2
Change Net Name : Old Net Name=NetC64_2 New Net Name=NetC67_2
Change Net Name : Old Net Name=NetC65_2 New Net Name=NetC68_2
Change Net Name : Old Net Name=NetIC6_7 New Net Name=NetIC7_7
Change Net Name : Old Net Name=NetIC7_3 New Net Name=NetIC8_3
Change Net Name : Old Net Name=NetIC7_4 New Net Name=NetIC8_4
Change Net Name : Old Net Name=NetIC7_8 New Net Name=NetIC8_8
Change Net Name : Old Net Name=NetIC8_3 New Net Name=NetIC9_3
Change Net Name : Old Net Name=NetIC8_8 New Net Name=NetIC9_8
Change Net Name : Old Net Name=NetIC8_9 New Net Name=NetIC9_9
Change Net Name : Old Net Name=NetIC8_16 New Net Name=NetIC9_16
Change Net Name : Old Net Name=NetIC8_18 New Net Name=NetIC9_18
Change Net Name : Old Net Name=NetIC10_1 New Net Name=NetIC6_1
Change Net Name : Old Net Name=NetIC10_2 New Net Name=NetIC6_2
Change Net Name : Old Net Name=NetIC11_7 New Net Name=NetIC10_7
Change Net Name : Old Net Name=NetIC11_18 New Net Name=NetIC10_18
Change Net Name : Old Net Name=NetR46_1 New Net Name=NetR13_1
Change Net Name : Old Net Name=NetR47_1 New Net Name=NetR14_1
Change Net Name : Old Net Name=NetR58_1 New Net Name=NetR56_1
Change Net Name : Old Net Name=NetR59_1 New Net Name=NetR57_1
Change Net Color : Old Net Color=RGB(158, 161, 117) New Net Color=RGB(135, 28, 174)
Added Differential Pair: Name=BEAT_l0
Added Differential Pair: Name=BEAT_l1
Added Differential Pair: Name=BEAT_l2
Added Differential Pair: Name=BEAT_l3
Added Differential Pair: Name=DFF_IN_l0
Added Differential Pair: Name=DFF_IN_l1
Added Differential Pair: Name=DFF_IN_l2
Added Differential Pair: Name=DFF_IN_l3
Added Member To Class: ClassName=U_PLL Member=Component C91 100nF
Added Member To Class: ClassName=U_PLL Member=Component C92 100nF
Added Member To Class: ClassName=U_PLL Member=Component C96 1uF
Added Member To Class: ClassName=U_PLL Member=Component C97 1uF
Added Member To Class: ClassName=U_PLL Member=Component C101 10uF
Added Member To Class: ClassName=U_FMC Member=Component RN2 EXB-U18103JX
Added Member To Class: ClassName=Match_FAN_DFF Member=Wire DFF_IN_l0_N
Added Member To Class: ClassName=Match_FAN_DFF Member=Wire DFF_IN_l0_P
Added Member To Class: ClassName=Match_FAN_DFF Member=Wire DFF_IN_l1_N
Added Member To Class: ClassName=Match_FAN_DFF Member=Wire DFF_IN_l1_P
Added Member To Class: ClassName=Match_FAN_DFF Member=Wire DFF_IN_l2_N
Added Member To Class: ClassName=Match_FAN_DFF Member=Wire DFF_IN_l2_P
Added Member To Class: ClassName=Match_FAN_DFF Member=Wire DFF_IN_l3_N
Added Member To Class: ClassName=Match_FAN_DFF Member=Wire DFF_IN_l3_P
Added Member To Class: ClassName=50ohm Member=Wire NetC67_2
Added Member To Class: ClassName=50ohm Member=Wire NetC68_2
Added Member To Class: ClassName=50ohm Member=Wire NetIC10_7
Added Member To Class: ClassName=50ohm Member=Wire NetIC10_18
Add Class Member: Failed to add class member : l0 (Channel.SchDoc)
Add Class Member: Failed to add class member : l1 (Channel.SchDoc)
Add Class Member: Failed to add class member : l2 (Channel.SchDoc)
Add Class Member: Failed to add class member : l3 (Channel.SchDoc)
