Removed Pin From Net: NetName=S_IN_PS Pin=RN2-5
Removed Pin From Net: NetName=CLK_PS Pin=RN2-6
Removed Pin From Net: NetName=LE_PS Pin=RN2-7
Removed Pin From Net: NetName=SDO_PS Pin=RN2-8
Removed Pin From Net: NetName=S_IN_PS Pin=U2-2
Removed Pin From Net: NetName=CLK_PS Pin=U2-3
Removed Pin From Net: NetName=LE_PS Pin=U2-4
Removed Pin From Net: NetName=SDO_PS Pin=U2-5
Removed Pin From Net: NetName=SDO2_3V3 Pin=U2-7
Removed Pin From Net: NetName=LE_3V3 Pin=U2-8
Removed Pin From Net: NetName=CLK_3V3 Pin=U2-9
Removed Pin From Net: NetName=SI_3V3 Pin=U2-10
Remove Class Member: Failed to remove class member
Remove Class Member: Failed to remove class member
Remove Class Member: Failed to remove class member
Remove Class Member: Failed to remove class member
Added Pin To Net: NetName=SDO_PS Pin=RN2-5
Added Pin To Net: NetName=LE_PS Pin=RN2-6
Added Pin To Net: NetName=CLK_PS Pin=RN2-7
Added Pin To Net: NetName=S_IN_PS Pin=RN2-8
Added Pin To Net: NetName=SDO_PS Pin=U2-2
Added Pin To Net: NetName=LE_PS Pin=U2-3
Added Pin To Net: NetName=CLK_PS Pin=U2-4
Added Pin To Net: NetName=S_IN_PS Pin=U2-5
Added Pin To Net: NetName=SI_3V3 Pin=U2-7
Added Pin To Net: NetName=CLK_3V3 Pin=U2-8
Added Pin To Net: NetName=LE_3V3 Pin=U2-9
Added Pin To Net: NetName=SDO2_3V3 Pin=U2-10
Add Class Member: Failed to add class member : Ch0 (Channel.SchDoc)
Add Class Member: Failed to add class member : Ch1 (Channel.SchDoc)
Add Class Member: Failed to add class member : Ch2 (Channel.SchDoc)
Add Class Member: Failed to add class member : Ch3 (Channel.SchDoc)
