Add Component: Footprint Not Found TP+195X110
Add Component: Footprint Not Found TP+195X110
Add Component: Footprint Not Found TP+195X110
Add Component: Footprint Not Found TP+195X110
Add Component: Footprint Not Found TP+195X110
Add Component: Footprint Not Found TP+195X110
Add Component: Footprint Not Found TP+195X110
Add Component: Footprint Not Found TP+195X110
Add Component: Footprint Not Found TP+195X110
Add Component: Footprint Not Found TP+195X110
Add Component: Footprint Not Found TP+195X110
Add Pin To Net: Unknown Pin: Pin TP1-1
Add Pin To Net: Unknown Pin: Pin TP2-1
Add Pin To Net: Unknown Pin: Pin TP3-1
Add Pin To Net: Unknown Pin: Pin TP4-1
Add Pin To Net: Unknown Pin: Pin TP5-1
Add Pin To Net: Unknown Pin: Pin TP6-1
Add Pin To Net: Unknown Pin: Pin TP7-1
Add Pin To Net: Unknown Pin: Pin TP8-1
Add Pin To Net: Unknown Pin: Pin TP9-1
Add Pin To Net: Unknown Pin: Pin TP10-1
Add Pin To Net: Unknown Pin: Pin TP11-1
Added Member To Class: ClassName=U_SFP Member=Component J1 2007263-1_NP
Added Member To Class: ClassName=U_SFP Member=Component J2 SFP+
Added Member To Class: ClassName=U_SFP Member=Component J3 SFP+
Add Class Member: Failed to add class member : Component TP5 RCU-0C
Add Class Member: Failed to add class member : Component TP6 RCU-0C
Add Class Member: Failed to add class member : Component TP7 RCU-0C
Add Class Member: Failed to add class member : Component TP8 RCU-0C
Add Class Member: Failed to add class member : Component TP9 RCU-0C
Add Class Member: Failed to add class member : Component TP10 RCU-0C
Add Class Member: Failed to add class member : Component TP11 RCU-0C
