Remove Class Member: Failed to remove class member
Remove Class Member: Failed to remove class member
Remove Class Member: Failed to remove class member
Remove Class Member: Failed to remove class member
Add Component: Footprint Not Found SAMTEC_MMCX-J-P-H-ST-MT1
Add Component: Footprint Not Found SAMTEC_MMCX-J-P-H-ST-MT1
Add Pin To Net: Unknown Pin: Pin Jex0-1
Add Pin To Net: Unknown Pin: Pin Jex0-S1
Add Pin To Net: Unknown Pin: Pin Jex0-S2
Add Pin To Net: Unknown Pin: Pin Jex0-S3
Add Pin To Net: Unknown Pin: Pin Jex0-S4
Add Pin To Net: Unknown Pin: Pin Jex1-1
Add Pin To Net: Unknown Pin: Pin Jex1-S1
Add Pin To Net: Unknown Pin: Pin Jex1-S2
Add Pin To Net: Unknown Pin: Pin Jex1-S3
Add Pin To Net: Unknown Pin: Pin Jex1-S4
Add Class Member: Failed to add class member : Component Jex0 MMCX-J-P-H-ST-MT1
Add Class Member: Failed to add class member : Component Jex1 MMCX-J-P-H-ST-MT1
Add Class Member: Failed to add class member : Ch0 (Channel.SchDoc)
Add Class Member: Failed to add class member : Ch1 (Channel.SchDoc)
Add Class Member: Failed to add class member : Ch2 (Channel.SchDoc)
Add Class Member: Failed to add class member : Ch3 (Channel.SchDoc)
