Remove Class Member: Failed to remove class member
Remove Class Member: Failed to remove class member
Remove Class Member: Failed to remove class member
Remove Class Member: Failed to remove class member
Change Net Color : Old Net Color=RGB(164, 194, 244) New Net Color=Black
Change Net Color : Old Net Color=RGB(164, 194, 244) New Net Color=Black
Change Net Color : Old Net Color=RGB(164, 194, 244) New Net Color=Black
Change Net Color : Old Net Color=RGB(164, 194, 244) New Net Color=Black
Change Net Color : Old Net Color=RGB(164, 194, 244) New Net Color=Black
Change Net Color : Old Net Color=RGB(164, 194, 244) New Net Color=Black
Change Net Color : Old Net Color=RGB(164, 194, 244) New Net Color=Black
Change Net Color : Old Net Color=RGB(164, 194, 244) New Net Color=Black
Change Net Color : Old Net Color=RGB(158, 161, 117) New Net Color=RGB(109, 158, 235)
Change Net Color : Old Net Color=RGB(158, 161, 117) New Net Color=RGB(109, 158, 235)
Change Net Color : Old Net Color=Black New Net Color=RGB(109, 158, 235)
Change Net Color : Old Net Color=RGB(158, 161, 117) New Net Color=RGB(109, 158, 235)
Change Net Color : Old Net Color=RGB(158, 161, 117) New Net Color=RGB(109, 158, 235)
Change Net Color : Old Net Color=Black New Net Color=RGB(109, 158, 235)
Change Net Color : Old Net Color=RGB(158, 161, 117) New Net Color=RGB(109, 158, 235)
Change Net Color : Old Net Color=Black New Net Color=RGB(109, 158, 235)
Add Class Member: Failed to add class member : Ch0 (Channel.SchDoc)
Add Class Member: Failed to add class member : Ch1 (Channel.SchDoc)
Add Class Member: Failed to add class member : Ch2 (Channel.SchDoc)
Add Class Member: Failed to add class member : Ch3 (Channel.SchDoc)
