Removed Pin From Net: NetName=FPGA_TX1_C_P Pin=R62-1
Removed Pin From Net: NetName=GND Pin=R62-2
Removed Pin From Net: NetName=FPGA_TX1_C_N Pin=R64-2
Removed Pin From Net: NetName=FPGA_TX1_C_N Pin=R65-2
Removed Member From Class: ClassName=U_phase-shifters Member=R62
Removed Member From Class: ClassName=Match_SFP_FAN Member=FPGA_TX0_C_N
Removed Member From Class: ClassName=Match_SFP_FAN Member=FPGA_TX0_C_P
Remove Class Member: Failed to remove class member
Remove Class Member: Failed to remove class member
Remove Class Member: Failed to remove class member
Remove Class Member: Failed to remove class member
Change Component Designator: OldDesignator=C56 NewDesignator=C54
Change Component Designator: OldDesignator=C57 NewDesignator=C55
Change Component Designator: OldDesignator=C58 NewDesignator=C56
Change Component Designator: OldDesignator=C59 NewDesignator=C57
Change Component Designator: OldDesignator=C60 NewDesignator=C58
Change Component Designator: OldDesignator=C61 NewDesignator=C59
Change Component Designator: OldDesignator=C62 NewDesignator=C60
Change Component Designator: OldDesignator=C63 NewDesignator=C61
Change Component Designator: OldDesignator=C64 NewDesignator=C62
Change Component Designator: OldDesignator=C65 NewDesignator=C63
Change Component Designator: OldDesignator=C66 NewDesignator=C64
Change Component Designator: OldDesignator=C67 NewDesignator=C65
Change Component Designator: OldDesignator=C68 NewDesignator=C66
Change Component Designator: OldDesignator=C69 NewDesignator=C67
Change Component Designator: OldDesignator=C70 NewDesignator=C68
Change Component Designator: OldDesignator=C71 NewDesignator=C69
Change Component Designator: OldDesignator=C72 NewDesignator=C70
Change Component Designator: OldDesignator=C73 NewDesignator=C71
Change Component Designator: OldDesignator=C74 NewDesignator=C72
Change Component Designator: OldDesignator=C75 NewDesignator=C73
Change Component Designator: OldDesignator=C76 NewDesignator=C74
Change Component Designator: OldDesignator=C77 NewDesignator=C75
Change Component Designator: OldDesignator=C78 NewDesignator=C76
Change Component Designator: OldDesignator=C79 NewDesignator=C77
Change Component Designator: OldDesignator=C80 NewDesignator=C78
Change Component Designator: OldDesignator=C81 NewDesignator=C79
Change Component Designator: OldDesignator=C82 NewDesignator=C80
Change Component Designator: OldDesignator=C83 NewDesignator=C81
Change Component Designator: OldDesignator=C84 NewDesignator=C82
Change Component Designator: OldDesignator=C85 NewDesignator=C83
Change Component Designator: OldDesignator=C86 NewDesignator=C84
Change Component Designator: OldDesignator=C87 NewDesignator=C85
Change Component Designator: OldDesignator=C88 NewDesignator=C86
Change Component Designator: OldDesignator=C89 NewDesignator=C87
Change Component Designator: OldDesignator=C90 NewDesignator=C88
Change Component Designator: OldDesignator=C91 NewDesignator=C89
Change Component Designator: OldDesignator=C92 NewDesignator=C90
Change Component Designator: OldDesignator=C93 NewDesignator=C91
Change Component Designator: OldDesignator=C94 NewDesignator=C92
Change Component Designator: OldDesignator=C95 NewDesignator=C93
Change Component Designator: OldDesignator=C96 NewDesignator=C94
Change Component Designator: OldDesignator=C97 NewDesignator=C95
Change Component Designator: OldDesignator=C98 NewDesignator=C96
Change Component Designator: OldDesignator=C99 NewDesignator=C97
Change Component Designator: OldDesignator=C100 NewDesignator=C98
Change Component Designator: OldDesignator=C101 NewDesignator=C99
Change Component Designator: OldDesignator=C102 NewDesignator=C100
Change Component Designator: OldDesignator=IC7 NewDesignator=IC6
Change Component Designator: OldDesignator=IC8 NewDesignator=IC7
Change Component Designator: OldDesignator=IC9 NewDesignator=IC8
Change Component Designator: OldDesignator=IC10 NewDesignator=IC9
Change Component Designator: OldDesignator=IC11 NewDesignator=IC10
Change Component Designator: OldDesignator=IC12 NewDesignator=IC11
Change Component Designator: OldDesignator=R63 NewDesignator=R65X
Change Component Designator: OldDesignator=R64 NewDesignator=R62B
Change Component Designator: OldDesignator=R65 NewDesignator=R64X
Change Component Designator: OldDesignator=R66 NewDesignator=R63B
Added Component: Designator=R66B(MURATA_HI_DENSITY_0201)
Add component (AddParameter): Name = "Value"; Value = "100O"; VariantName = "[No Variations]"
Added Component: Designator=R67B(MURATA_HI_DENSITY_0201)
Add component (AddParameter): Name = "Value"; Value = "100O"; VariantName = "[No Variations]"
Added Component: Designator=R68X(MURATA_HI_DENSITY_0201)
Add component (AddParameter): Name = "Value"; Value = "100O"; VariantName = "[No Variations]"
Added Pin To Net: NetName=GND Pin=IC11-20
Added Pin To Net: NetName=FPGA_TX1_C_P Pin=R62B-1
Added Pin To Net: NetName=FPGA_TX1_C_P Pin=R64X-2
Added Pin To Net: NetName=FPGA_TX1_C_N Pin=R66B-2
Added Pin To Net: NetName=GND Pin=R68X-1
Added Pin To Net: NetName=FPGA_TX1_C_N Pin=R68X-2
Change Net Name : Old Net Name=NetC66_2 New Net Name=NetC64_2
Change Net Name : Old Net Name=NetC67_2 New Net Name=NetC65_2
Change Net Name : Old Net Name=NetC80_2 New Net Name=NetC78_2
Change Net Name : Old Net Name=NetIC7_7 New Net Name=NetIC6_7
Change Net Name : Old Net Name=NetIC8_3 New Net Name=NetIC7_3
Change Net Name : Old Net Name=NetIC8_4 New Net Name=NetIC7_4
Change Net Name : Old Net Name=NetIC8_8 New Net Name=NetIC7_8
Change Net Name : Old Net Name=NetIC9_3 New Net Name=NetIC8_3
Change Net Name : Old Net Name=NetIC9_7 New Net Name=NetIC8_7
Change Net Name : Old Net Name=NetIC9_8 New Net Name=NetIC8_8
Change Net Name : Old Net Name=NetIC9_9 New Net Name=NetIC8_9
Change Net Name : Old Net Name=NetIC9_16 New Net Name=NetIC8_16
Change Net Name : Old Net Name=NetIC9_18 New Net Name=NetIC8_18
Change Net Name : Old Net Name=NetIC10_5 New Net Name=NetIC9_5
Change Net Name : Old Net Name=NetIC11_1 New Net Name=NetIC10_1
Change Net Name : Old Net Name=NetIC11_2 New Net Name=NetIC10_2
Change Net Name : Old Net Name=NetIC12_7 New Net Name=NetIC11_7
Change Net Name : Old Net Name=NetIC12_18 New Net Name=NetIC11_18
Added Pin To Net: NetName=FPGA_TX1_PS_N Pin=IC2_Ch1-4
Added Pin To Net: NetName=FPGA_TX1_PS_N Pin=R67B-1
Added Net: Name=FPGA_TX1_PS_N
Added Pin To Net: NetName=FPGA_TX1_PS_P Pin=IC2_Ch1-1
Added Pin To Net: NetName=FPGA_TX1_PS_P Pin=R63B-1
Added Pin To Net: NetName=FPGA_TX1_PS_P Pin=R65X-1
Added Net: Name=FPGA_TX1_PS_P
Added Pin To Net: NetName=NetR62B_2 Pin=R62B-2
Added Pin To Net: NetName=NetR62B_2 Pin=R63B-2
Added Net: Name=NetR62B_2
Added Pin To Net: NetName=NetR66B_1 Pin=R66B-1
Added Pin To Net: NetName=NetR66B_1 Pin=R67B-2
Added Net: Name=NetR66B_1
Added Member To Class: ClassName=U_phase-shifters Member=Component R66B 0O
Added Member To Class: ClassName=U_phase-shifters Member=Component R67B 0O
Added Member To Class: ClassName=U_phase-shifters Member=Component R68X 50O
Added Member To Class: ClassName=Match_SFP_FAN Member=Wire FPGA_TX1_PS_N
Added Member To Class: ClassName=Match_SFP_FAN Member=Wire FPGA_TX1_PS_P
Added Member To Class: ClassName=Match_SFP_FAN Member=Wire SFP_TX0_N
Added Member To Class: ClassName=Match_SFP_FAN Member=Wire SFP_TX0_P
Added Member To Class: ClassName=Match_SFP_FAN Member=Wire SFP_TX1_N
Added Member To Class: ClassName=Match_SFP_FAN Member=Wire SFP_TX1_P
Add Class Member: Failed to add class member : Ch0 (Channel.SchDoc)
Add Class Member: Failed to add class member : Ch1 (Channel.SchDoc)
Add Class Member: Failed to add class member : Ch2 (Channel.SchDoc)
Add Class Member: Failed to add class member : Ch3 (Channel.SchDoc)
