Change Component Designator: Old Designator=C100 New Designator=C74
Change Component Designator: Old Designator=C101 New Designator=C75
Change Component Designator: Old Designator=C102 New Designator=C76
Change Component Designator: Old Designator=C103 New Designator=C77
Change Component Designator: Old Designator=C104 New Designator=C78
Change Component Designator: Old Designator=C105 New Designator=C79
Change Component Designator: Old Designator=C106 New Designator=C80
Change Component Designator: Old Designator=C107 New Designator=C81
Change Component Designator: Old Designator=C108 New Designator=C82
Change Component Designator: Old Designator=C109 New Designator=C83
Change Component Designator: Old Designator=C110 New Designator=C84
Change Component Designator: Old Designator=C111 New Designator=C85
Change Component Designator: Old Designator=C112 New Designator=C86
Change Component Designator: Old Designator=C113 New Designator=C87
Change Component Designator: Old Designator=C114 New Designator=C88
Change Component Designator: Old Designator=C115 New Designator=C89
Change Component Designator: Old Designator=C116 New Designator=C90
Change Component Designator: Old Designator=C117 New Designator=C91
Change Component Designator: Old Designator=C118 New Designator=C92
Change Component Designator: Old Designator=C119 New Designator=C93
Change Component Designator: Old Designator=C120 New Designator=C94
Change Component Designator: Old Designator=C121 New Designator=C95
Change Component Designator: Old Designator=C122 New Designator=C96
Change Component Designator: Old Designator=C123 New Designator=C97
Change Component Designator: Old Designator=C124 New Designator=C98
Change Component Designator: Old Designator=C125 New Designator=C99
Change Component Designator: Old Designator=C126 New Designator=C100
Change Component Designator: Old Designator=C127 New Designator=C101
Change Component Designator: Old Designator=C128 New Designator=C102
Change Component Designator: Old Designator=C129 New Designator=C103
Change Component Designator: Old Designator=D4 New Designator=D5
Change Component Designator: Old Designator=IC7 New Designator=IC9
Change Component Designator: Old Designator=IC8 New Designator=IC10
Change Component Designator: Old Designator=IC9 New Designator=IC11
Change Component Designator: Old Designator=Q11 New Designator=Q9
Change Component Designator: Old Designator=Q12 New Designator=Q10
Change Component Designator: Old Designator=R60 New Designator=R51
Change Component Designator: Old Designator=R61 New Designator=R52
Change Component Designator: Old Designator=R62 New Designator=R54
Change Component Designator: Old Designator=R65 New Designator=R58
Change Component Designator: Old Designator=R66 New Designator=R59
Change Component Designator: Old Designator=R67 New Designator=R60
Change Component Designator: Old Designator=R68 New Designator=R61
Change Component Designator: Old Designator=R71 New Designator=R56
Change Component Designator: Old Designator=R72 New Designator=R57
Change Component Designator: Old Designator=R? New Designator=R53
Change Component Designator: Old Designator=R? New Designator=R55
Change Component Designator: Old Designator=W5 New Designator=W4
Change Component Designator: Old Designator=W5 New Designator=W4
Change Component Designator: Old Designator=W5 New Designator=W4
Change Component Designator: Old Designator=W9 New Designator=W8
Change Component Designator: Old Designator=W9 New Designator=W8
Change Component Designator: Old Designator=W10 New Designator=W9
Change Component Designator: Old Designator=W10 New Designator=W9
Change Component Designator: Old Designator=W10 New Designator=W9
Change Component Designator: Old Designator=W10 New Designator=W9
Change Component Designator: Old Designator=W? New Designator=W5
Change Component Designator: Old Designator=W? New Designator=W6
Change Component Designator: Old Designator=W? New Designator=W5
Change Component Designator: Old Designator=W? New Designator=W6
Change Component Designator: Old Designator=W? New Designator=W7
