Change Component Designator: Old Designator=C40 New Designator=C20
Change Component Designator: Old Designator=C41 New Designator=C21
Change Component Designator: Old Designator=C42 New Designator=C22
Change Component Designator: Old Designator=C43 New Designator=C23
Change Component Designator: Old Designator=C44 New Designator=C24
Change Component Designator: Old Designator=C45 New Designator=C25
Change Component Designator: Old Designator=C46 New Designator=C26
Change Component Designator: Old Designator=C47 New Designator=C27
Change Component Designator: Old Designator=C48 New Designator=C28
Change Component Designator: Old Designator=C49 New Designator=C29
Change Component Designator: Old Designator=C50 New Designator=C30
Change Component Designator: Old Designator=C51 New Designator=C31
Change Component Designator: Old Designator=C52 New Designator=C32
Change Component Designator: Old Designator=C53 New Designator=C33
Change Component Designator: Old Designator=C54 New Designator=C34
Change Component Designator: Old Designator=C55 New Designator=C35
Change Component Designator: Old Designator=C56 New Designator=C36
Change Component Designator: Old Designator=C57 New Designator=C37
Change Component Designator: Old Designator=C58 New Designator=C38
Change Component Designator: Old Designator=C59 New Designator=C39
Change Component Designator: Old Designator=C60 New Designator=C40
Change Component Designator: Old Designator=C61 New Designator=C41
Change Component Designator: Old Designator=C62 New Designator=C42
Change Component Designator: Old Designator=C63 New Designator=C43
Change Component Designator: Old Designator=C64 New Designator=C44
Change Component Designator: Old Designator=C65 New Designator=C45
Change Component Designator: Old Designator=C66 New Designator=C46
Change Component Designator: Old Designator=C67 New Designator=C47
Change Component Designator: Old Designator=D? New Designator=D4
Change Component Designator: Old Designator=Q3 New Designator=Q1
Change Component Designator: Old Designator=Q4 New Designator=Q3
Change Component Designator: Old Designator=Q5 New Designator=Q2
Change Component Designator: Old Designator=Q6 New Designator=Q4
Change Component Designator: Old Designator=R10 New Designator=R1
Change Component Designator: Old Designator=R11 New Designator=R2
Change Component Designator: Old Designator=R12 New Designator=R3
Change Component Designator: Old Designator=R13 New Designator=R4
Change Component Designator: Old Designator=R14 New Designator=R5
Change Component Designator: Old Designator=R15 New Designator=R6
Change Component Designator: Old Designator=R16 New Designator=R7
Change Component Designator: Old Designator=R17 New Designator=R8
Change Component Designator: Old Designator=R18 New Designator=R9
Change Component Designator: Old Designator=R19 New Designator=R10
Change Component Designator: Old Designator=R20 New Designator=R11
Change Component Designator: Old Designator=R21 New Designator=R12
Change Component Designator: Old Designator=R23 New Designator=R15
Change Component Designator: Old Designator=R24 New Designator=R16
Change Component Designator: Old Designator=R27 New Designator=R20
Change Component Designator: Old Designator=R28 New Designator=R21
Change Component Designator: Old Designator=R29 New Designator=R13
Change Component Designator: Old Designator=R30 New Designator=R24
Change Component Designator: Old Designator=R31 New Designator=R19
Change Component Designator: Old Designator=R32 New Designator=R25
Change Component Designator: Old Designator=R33 New Designator=R26
Change Component Designator: Old Designator=R? New Designator=R14
Change Component Designator: Old Designator=R? New Designator=R17
Change Component Designator: Old Designator=R? New Designator=R18
Change Component Designator: Old Designator=R? New Designator=R22
Change Component Designator: Old Designator=R? New Designator=R23
Change Component Designator: Old Designator=U2 New Designator=U1
