Change Component Designator: Old Designator=C68 New Designator=C48
Change Component Designator: Old Designator=C69 New Designator=C49
Change Component Designator: Old Designator=C70 New Designator=C50
Change Component Designator: Old Designator=C71 New Designator=C51
Change Component Designator: Old Designator=C72 New Designator=C52
Change Component Designator: Old Designator=C73 New Designator=C53
Change Component Designator: Old Designator=C74 New Designator=C54
Change Component Designator: Old Designator=C75 New Designator=C55
Change Component Designator: Old Designator=C76 New Designator=C56
Change Component Designator: Old Designator=C77 New Designator=C57
Change Component Designator: Old Designator=C78 New Designator=C58
Change Component Designator: Old Designator=C79 New Designator=C59
Change Component Designator: Old Designator=C81 New Designator=C61
Change Component Designator: Old Designator=C132 New Designator=C60
Change Component Designator: Old Designator=IC? New Designator=IC6
Change Component Designator: Old Designator=LED3 New Designator=LED1
Change Component Designator: Old Designator=LED4 New Designator=LED2
Change Component Designator: Old Designator=LED5 New Designator=LED3
Change Component Designator: Old Designator=LED6 New Designator=LED4
Change Component Designator: Old Designator=Q7 New Designator=Q5
Change Component Designator: Old Designator=Q8 New Designator=Q6
Change Component Designator: Old Designator=Q9 New Designator=Q7
Change Component Designator: Old Designator=Q10 New Designator=Q8
Change Component Designator: Old Designator=R34 New Designator=R27
Change Component Designator: Old Designator=R35 New Designator=R28
Change Component Designator: Old Designator=R39 New Designator=R32
Change Component Designator: Old Designator=R40 New Designator=R33
Change Component Designator: Old Designator=R42 New Designator=R35
Change Component Designator: Old Designator=R43 New Designator=R36
Change Component Designator: Old Designator=R46 New Designator=R29
Change Component Designator: Old Designator=R47 New Designator=R40
Change Component Designator: Old Designator=R48 New Designator=R41
Change Component Designator: Old Designator=R49 New Designator=R30
Change Component Designator: Old Designator=R50 New Designator=R31
Change Component Designator: Old Designator=R51 New Designator=R34
Change Component Designator: Old Designator=R52 New Designator=R37
Change Component Designator: Old Designator=R53 New Designator=R38
Change Component Designator: Old Designator=R54 New Designator=R39
Change Component Designator: Old Designator=R55 New Designator=R42
