FILE_TYPE=LIBRARY_PARTS;
PRIMITIVE 'DFE322520FD_4R7M=P2','DFE322520FD_4R7M=P2_Other';
  PIN
    '1':
      PIN_NUMBER='(1)';
      NO_LOAD_CHECK=BOTH;
      NO_IO_CHECK=BOTH;
      ALLOW_CONNECT=TRUE;
      PINUSE='UNSPEC';
    '2':
      PIN_NUMBER='(2)';
      NO_LOAD_CHECK=BOTH;
      NO_IO_CHECK=BOTH;
      ALLOW_CONNECT=TRUE;
      PINUSE='UNSPEC';
  END_PIN;
  BODY
    PART_NAME='DFE322520FD_4R7M=P2';
    PHYS_DES_PREFIX='L';
    NO_LOAD_CHECK='TRUE';
    PIN_COUNT='2';
    BODY_NAME='DFE322520FD_4R7M=P2';
    JEDEC_TYPE='DFE322520FD1R0MP2';
  END_BODY;
END_PRIMITIVE;
END.
