Change Component Designator: Old Designator=C80 New Designator=C85
Change Component Designator: Old Designator=C81 New Designator=C86
Change Component Designator: Old Designator=C82 New Designator=C87
Change Component Designator: Old Designator=C83 New Designator=C88
Change Component Designator: Old Designator=C84 New Designator=C89
Change Component Designator: Old Designator=C85 New Designator=C90
Change Component Designator: Old Designator=C86 New Designator=C91
Change Component Designator: Old Designator=C87 New Designator=C92
Change Component Designator: Old Designator=C125 New Designator=C83
Change Component Designator: Old Designator=C126 New Designator=C84
Change Component Designator: Old Designator=IC8 New Designator=IC6
Change Component Designator: Old Designator=J9 New Designator=J5
Change Component Designator: Old Designator=J10 New Designator=J6
Change Component Designator: Old Designator=R36 New Designator=R51
Change Component Designator: Old Designator=R37 New Designator=R52
Change Component Designator: Old Designator=R38 New Designator=R53
Change Component Designator: Old Designator=R39 New Designator=R54
Change Component Designator: Old Designator=R44 New Designator=R55
Change Component Designator: Old Designator=R46 New Designator=R56
Change Component Designator: Old Designator=R53 New Designator=R57
Change Component Designator: Old Designator=R54 New Designator=R58
Change Component Designator: Old Designator=U6 New Designator=U7
Change Component Designator: Old Designator=U7 New Designator=U8
Change Component Designator: Old Designator=U8 New Designator=U6
