Remove Class Member: Failed to remove class member
Remove Class Member: Failed to remove class member
Remove Class Member: Failed to remove class member
Remove Class Member: Failed to remove class member
Change Component DesignItemId : Designator=C23_Ch0 Old DesignItemId=C-100nF-0201-high-density New DesignItemId=C0201-100nF-high-density
Change Component DesignItemId : Designator=C23_Ch1 Old DesignItemId=C-100nF-0201-high-density New DesignItemId=C0201-100nF-high-density
Change Component DesignItemId : Designator=C23_Ch2 Old DesignItemId=C-100nF-0201-high-density New DesignItemId=C0201-100nF-high-density
Change Component DesignItemId : Designator=C23_Ch3 Old DesignItemId=C-100nF-0201-high-density New DesignItemId=C0201-100nF-high-density
Change Component DesignItemId : Designator=C31_Ch0 Old DesignItemId=C-100nF-0201-high-density New DesignItemId=C0201-100nF-high-density
Change Component DesignItemId : Designator=C31_Ch1 Old DesignItemId=C-100nF-0201-high-density New DesignItemId=C0201-100nF-high-density
Change Component DesignItemId : Designator=C31_Ch2 Old DesignItemId=C-100nF-0201-high-density New DesignItemId=C0201-100nF-high-density
Change Component DesignItemId : Designator=C31_Ch3 Old DesignItemId=C-100nF-0201-high-density New DesignItemId=C0201-100nF-high-density
Change Component DesignItemId : Designator=C35_Ch0 Old DesignItemId=C-100nF-0201-high-density New DesignItemId=C0201-100nF-high-density
Change Component DesignItemId : Designator=C35_Ch1 Old DesignItemId=C-100nF-0201-high-density New DesignItemId=C0201-100nF-high-density
Change Component DesignItemId : Designator=C35_Ch2 Old DesignItemId=C-100nF-0201-high-density New DesignItemId=C0201-100nF-high-density
Change Component DesignItemId : Designator=C35_Ch3 Old DesignItemId=C-100nF-0201-high-density New DesignItemId=C0201-100nF-high-density
Change Component DesignItemId : Designator=C36_Ch0 Old DesignItemId=C-100nF-0201-high-density New DesignItemId=C0201-100nF-high-density
Change Component DesignItemId : Designator=C36_Ch1 Old DesignItemId=C-100nF-0201-high-density New DesignItemId=C0201-100nF-high-density
Change Component DesignItemId : Designator=C36_Ch2 Old DesignItemId=C-100nF-0201-high-density New DesignItemId=C0201-100nF-high-density
Change Component DesignItemId : Designator=C36_Ch3 Old DesignItemId=C-100nF-0201-high-density New DesignItemId=C0201-100nF-high-density
Change Component DesignItemId : Designator=C37_Ch0 Old DesignItemId=C-100nF-0201-high-density New DesignItemId=C0201-100nF-high-density
Change Component DesignItemId : Designator=C37_Ch1 Old DesignItemId=C-100nF-0201-high-density New DesignItemId=C0201-100nF-high-density
Change Component DesignItemId : Designator=C37_Ch2 Old DesignItemId=C-100nF-0201-high-density New DesignItemId=C0201-100nF-high-density
Change Component DesignItemId : Designator=C37_Ch3 Old DesignItemId=C-100nF-0201-high-density New DesignItemId=C0201-100nF-high-density
Change Component DesignItemId : Designator=C40 Old DesignItemId=C-100nF-0201-high-density New DesignItemId=C0201-100nF-high-density
Change Component DesignItemId : Designator=C47 Old DesignItemId=C-100nF-0201-high-density New DesignItemId=C0201-100nF-high-density
Change Component DesignItemId : Designator=C49 Old DesignItemId=C-100nF-0201-high-density New DesignItemId=C0201-100nF-high-density
Change Component DesignItemId : Designator=C50 Old DesignItemId=C-100nF-0201-high-density New DesignItemId=C0201-100nF-high-density
Change Component DesignItemId : Designator=C68 Old DesignItemId=C-100nF-0201-high-density New DesignItemId=C0201-100nF-high-density
Change Component DesignItemId : Designator=C70 Old DesignItemId=C-100nF-0201-high-density New DesignItemId=C0201-100nF-high-density
Change Component DesignItemId : Designator=C71 Old DesignItemId=C-100nF-0201-high-density New DesignItemId=C0201-100nF-high-density
Change Component DesignItemId : Designator=C73 Old DesignItemId=C-100nF-0201-high-density New DesignItemId=C0201-100nF-high-density
Change Component DesignItemId : Designator=C74 Old DesignItemId=C-100nF-0201-high-density New DesignItemId=C0201-100nF-high-density
Change Component DesignItemId : Designator=C76 Old DesignItemId=C-100nF-0201-high-density New DesignItemId=C0201-100nF-high-density
Change Component DesignItemId : Designator=C77 Old DesignItemId=C-100nF-0201-high-density New DesignItemId=C0201-100nF-high-density
Change Component DesignItemId : Designator=C79 Old DesignItemId=C-100nF-0201-high-density New DesignItemId=C0201-100nF-high-density
Change Component DesignItemId : Designator=C80 Old DesignItemId=C-100nF-0201-high-density New DesignItemId=C0201-100nF-high-density
Change Component DesignItemId : Designator=C81 Old DesignItemId=C-100nF-0201-high-density New DesignItemId=C0201-100nF-high-density
Change Component DesignItemId : Designator=C82 Old DesignItemId=C-100nF-0201-high-density New DesignItemId=C0201-100nF-high-density
Change Component DesignItemId : Designator=C83 Old DesignItemId=C-100nF-0201-high-density New DesignItemId=C0201-100nF-high-density
Change Component DesignItemId : Designator=C84 Old DesignItemId=C-100nF-0201-high-density New DesignItemId=C0201-100nF-high-density
Change Component DesignItemId : Designator=C85 Old DesignItemId=C-100nF-0201-high-density New DesignItemId=C0201-100nF-high-density
Change Component DesignItemId : Designator=C86 Old DesignItemId=C-100nF-0201-high-density New DesignItemId=C0201-100nF-high-density
Change Component DesignItemId : Designator=C87 Old DesignItemId=C-100nF-0201-high-density New DesignItemId=C0201-100nF-high-density
Change Component DesignItemId : Designator=C88 Old DesignItemId=C-100nF-0201-high-density New DesignItemId=C0201-100nF-high-density
Change Component DesignItemId : Designator=C89 Old DesignItemId=C-100nF-0201-high-density New DesignItemId=C0201-100nF-high-density
Change Component DesignItemId : Designator=C90 Old DesignItemId=C-100nF-0201-high-density New DesignItemId=C0201-100nF-high-density
Change Component DesignItemId : Designator=C91 Old DesignItemId=C-100nF-0201-high-density New DesignItemId=C0201-100nF-high-density
Change Component DesignItemId : Designator=C92 Old DesignItemId=C-100nF-0201-high-density New DesignItemId=C0201-100nF-high-density
Change Component DesignItemId : Designator=C93 Old DesignItemId=C-100nF-0201-high-density New DesignItemId=C0201-100nF-high-density
Change Component DesignItemId : Designator=C94 Old DesignItemId=C-100nF-0201-high-density New DesignItemId=C0201-100nF-high-density
Change Component DesignItemId : Designator=C95 Old DesignItemId=C-100nF-0201-high-density New DesignItemId=C0201-100nF-high-density
Change Component DesignItemId : Designator=C96 Old DesignItemId=C-100nF-0201-high-density New DesignItemId=C0201-100nF-high-density
Change Component DesignItemId : Designator=C97 Old DesignItemId=C-100nF-0201-high-density New DesignItemId=C0201-100nF-high-density
Change Component DesignItemId : Designator=C98 Old DesignItemId=C-100nF-0201-high-density New DesignItemId=C0201-100nF-high-density
Change Component DesignItemId : Designator=C99 Old DesignItemId=C-100nF-0201-high-density New DesignItemId=C0201-100nF-high-density
Change Component DesignItemId : Designator=C100 Old DesignItemId=C-100nF-0201-high-density New DesignItemId=C0201-100nF-high-density
Change Component DesignItemId : Designator=C101 Old DesignItemId=C-100nF-0201-high-density New DesignItemId=C0201-100nF-high-density
Change Component DesignItemId : Designator=C102 Old DesignItemId=C-100nF-0201-high-density New DesignItemId=C0201-100nF-high-density
Change Component DesignItemId : Designator=C103 Old DesignItemId=C-100nF-0201-high-density New DesignItemId=C0201-100nF-high-density
Change Component DesignItemId : Designator=C104 Old DesignItemId=C-100nF-0201-high-density New DesignItemId=C0201-100nF-high-density
Change Component DesignItemId : Designator=C105 Old DesignItemId=C-100nF-0201-high-density New DesignItemId=C0201-100nF-high-density
Change Component DesignItemId : Designator=C106 Old DesignItemId=C-100nF-0201-high-density New DesignItemId=C0201-100nF-high-density
Change Component DesignItemId : Designator=C107 Old DesignItemId=C-100nF-0201-high-density New DesignItemId=C0201-100nF-high-density
Change Component DesignItemId : Designator=C108 Old DesignItemId=C-100nF-0201-high-density New DesignItemId=C0201-100nF-high-density
Change Component DesignItemId : Designator=C109 Old DesignItemId=C-100nF-0201-high-density New DesignItemId=C0201-100nF-high-density
Change Component DesignItemId : Designator=C110 Old DesignItemId=C-100nF-0201-high-density New DesignItemId=C0201-100nF-high-density
Change Component DesignItemId : Designator=C111 Old DesignItemId=C-100nF-0201-high-density New DesignItemId=C0201-100nF-high-density
Change Component DesignItemId : Designator=C117 Old DesignItemId=C-100nF-0201-high-density New DesignItemId=C0201-100nF-high-density
Change Component DesignItemId : Designator=C118 Old DesignItemId=C-100nF-0201-high-density New DesignItemId=C0201-100nF-high-density
Change Component DesignItemId : Designator=C22_Ch0 Old DesignItemId=CC0402_10UF_6.3V_20%_X5R New DesignItemId=C0402-22uF-high-density
Change Component DesignItemId : Designator=C22_Ch1 Old DesignItemId=CC0402_10UF_6.3V_20%_X5R New DesignItemId=C0402-22uF-high-density
Change Component DesignItemId : Designator=C22_Ch2 Old DesignItemId=CC0402_10UF_6.3V_20%_X5R New DesignItemId=C0402-22uF-high-density
Change Component DesignItemId : Designator=C22_Ch3 Old DesignItemId=CC0402_10UF_6.3V_20%_X5R New DesignItemId=C0402-22uF-high-density
Change Component DesignItemId : Designator=C24_Ch0 Old DesignItemId=CC0402_10UF_6.3V_20%_X5R New DesignItemId=C0402-22uF-high-density
Change Component DesignItemId : Designator=C24_Ch1 Old DesignItemId=CC0402_10UF_6.3V_20%_X5R New DesignItemId=C0402-22uF-high-density
Change Component DesignItemId : Designator=C24_Ch2 Old DesignItemId=CC0402_10UF_6.3V_20%_X5R New DesignItemId=C0402-22uF-high-density
Change Component DesignItemId : Designator=C24_Ch3 Old DesignItemId=CC0402_10UF_6.3V_20%_X5R New DesignItemId=C0402-22uF-high-density
Change Component DesignItemId : Designator=C44 Old DesignItemId=CC0402_10UF_6.3V_20%_X5R New DesignItemId=C0402-22uF-high-density
Change Component DesignItemId : Designator=C51 Old DesignItemId=CC0402_10UF_6.3V_20%_X5R New DesignItemId=C0402-22uF-high-density
Change Component DesignItemId : Designator=C52 Old DesignItemId=CC0402_10UF_6.3V_20%_X5R New DesignItemId=C0402-22uF-high-density
Change Component DesignItemId : Designator=C56 Old DesignItemId=CC0402_10UF_6.3V_20%_X5R New DesignItemId=C0402-22uF-high-density
Change Component DesignItemId : Designator=C63 Old DesignItemId=CC0402_10UF_6.3V_20%_X5R New DesignItemId=C0402-22uF-high-density
Change Component DesignItemId : Designator=C69 Old DesignItemId=CC0402_10UF_6.3V_20%_X5R New DesignItemId=C0402-22uF-high-density
Change Component DesignItemId : Designator=C72 Old DesignItemId=CC0402_10UF_6.3V_20%_X5R New DesignItemId=C0402-22uF-high-density
Change Component DesignItemId : Designator=C75 Old DesignItemId=CC0402_10UF_6.3V_20%_X5R New DesignItemId=C0402-22uF-high-density
Change Component DesignItemId : Designator=C78 Old DesignItemId=CC0402_10UF_6.3V_20%_X5R New DesignItemId=C0402-22uF-high-density
Change Component DesignItemId : Designator=R1_Ch0 Old DesignItemId=R0201_100R_1%_0.05W_200PPM New DesignItemId=R0201-100ohm-high-density
Change Component DesignItemId : Designator=R1_Ch1 Old DesignItemId=R0201_100R_1%_0.05W_200PPM New DesignItemId=R0201-100ohm-high-density
Change Component DesignItemId : Designator=R1_Ch2 Old DesignItemId=R0201_100R_1%_0.05W_200PPM New DesignItemId=R0201-100ohm-high-density
Change Component DesignItemId : Designator=R1_Ch3 Old DesignItemId=R0201_100R_1%_0.05W_200PPM New DesignItemId=R0201-100ohm-high-density
Change Component DesignItemId : Designator=R2_Ch0 Old DesignItemId=R0201_100R_1%_0.05W_200PPM New DesignItemId=R0201-100ohm-high-density
Change Component DesignItemId : Designator=R2_Ch1 Old DesignItemId=R0201_100R_1%_0.05W_200PPM New DesignItemId=R0201-100ohm-high-density
Change Component DesignItemId : Designator=R2_Ch2 Old DesignItemId=R0201_100R_1%_0.05W_200PPM New DesignItemId=R0201-100ohm-high-density
Change Component DesignItemId : Designator=R2_Ch3 Old DesignItemId=R0201_100R_1%_0.05W_200PPM New DesignItemId=R0201-100ohm-high-density
Change Component DesignItemId : Designator=R7_Ch0 Old DesignItemId=R0201_100R_1%_0.05W_200PPM New DesignItemId=R0201-100ohm-high-density
Change Component DesignItemId : Designator=R7_Ch1 Old DesignItemId=R0201_100R_1%_0.05W_200PPM New DesignItemId=R0201-100ohm-high-density
Change Component DesignItemId : Designator=R7_Ch2 Old DesignItemId=R0201_100R_1%_0.05W_200PPM New DesignItemId=R0201-100ohm-high-density
Change Component DesignItemId : Designator=R7_Ch3 Old DesignItemId=R0201_100R_1%_0.05W_200PPM New DesignItemId=R0201-100ohm-high-density
Change Component DesignItemId : Designator=R11 Old DesignItemId=R0201_100R_1%_0.05W_200PPM New DesignItemId=R0201-100ohm-high-density
Change Component DesignItemId : Designator=R24 Old DesignItemId=R0201_100R_1%_0.05W_200PPM New DesignItemId=R0201-100ohm-high-density
Change Component DesignItemId : Designator=R32 Old DesignItemId=R0201_100R_1%_0.05W_200PPM New DesignItemId=R0201-100ohm-high-density
Change Component DesignItemId : Designator=R60 Old DesignItemId=R0201_100R_1%_0.05W_200PPM New DesignItemId=R0201-100ohm-high-density
Change Component DesignItemId : Designator=R61 Old DesignItemId=R0201_100R_1%_0.05W_200PPM New DesignItemId=R0201-100ohm-high-density
Change Component DesignItemId : Designator=R62 Old DesignItemId=R0201_100R_1%_0.05W_200PPM New DesignItemId=R0201-100ohm-high-density
Change Component Footprint: Designator=C22_Ch0 Old Footprint=CAPC1005X70N New Footprint=MURATA_HI_DENSITY_0402_CAP
Change Component Footprint: Designator=C22_Ch1 Old Footprint=CAPC1005X70N New Footprint=MURATA_HI_DENSITY_0402_CAP
Change Component Footprint: Designator=C22_Ch2 Old Footprint=CAPC1005X70N New Footprint=MURATA_HI_DENSITY_0402_CAP
Change Component Footprint: Designator=C22_Ch3 Old Footprint=CAPC1005X70N New Footprint=MURATA_HI_DENSITY_0402_CAP
Change Component Footprint: Designator=C24_Ch0 Old Footprint=CAPC1005X70N New Footprint=MURATA_HI_DENSITY_0402_CAP
Change Component Footprint: Designator=C24_Ch1 Old Footprint=CAPC1005X70N New Footprint=MURATA_HI_DENSITY_0402_CAP
Change Component Footprint: Designator=C24_Ch2 Old Footprint=CAPC1005X70N New Footprint=MURATA_HI_DENSITY_0402_CAP
Change Component Footprint: Designator=C24_Ch3 Old Footprint=CAPC1005X70N New Footprint=MURATA_HI_DENSITY_0402_CAP
Change Component Footprint: Designator=C44 Old Footprint=CAPC1005X70N New Footprint=MURATA_HI_DENSITY_0402_CAP
Change Component Footprint: Designator=C51 Old Footprint=CAPC1005X70N New Footprint=MURATA_HI_DENSITY_0402_CAP
Change Component Footprint: Designator=C52 Old Footprint=CAPC1005X70N New Footprint=MURATA_HI_DENSITY_0402_CAP
Change Component Footprint: Designator=C56 Old Footprint=CAPC1005X70N New Footprint=MURATA_HI_DENSITY_0402_CAP
Change Component Footprint: Designator=C63 Old Footprint=CAPC1005X70N New Footprint=MURATA_HI_DENSITY_0402_CAP
Change Component Footprint: Designator=C69 Old Footprint=CAPC1005X70N New Footprint=MURATA_HI_DENSITY_0402_CAP
Change Component Footprint: Designator=C72 Old Footprint=CAPC1005X70N New Footprint=MURATA_HI_DENSITY_0402_CAP
Change Component Footprint: Designator=C75 Old Footprint=CAPC1005X70N New Footprint=MURATA_HI_DENSITY_0402_CAP
Change Component Footprint: Designator=C78 Old Footprint=CAPC1005X70N New Footprint=MURATA_HI_DENSITY_0402_CAP
Change Component Footprint: Designator=R1_Ch0 Old Footprint=RESC0603X28N New Footprint=MURATA_HI_DENSITY_0201
Change Component Footprint: Designator=R1_Ch1 Old Footprint=RESC0603X28N New Footprint=MURATA_HI_DENSITY_0201
Change Component Footprint: Designator=R1_Ch2 Old Footprint=RESC0603X28N New Footprint=MURATA_HI_DENSITY_0201
Change Component Footprint: Designator=R1_Ch3 Old Footprint=RESC0603X28N New Footprint=MURATA_HI_DENSITY_0201
Change Component Footprint: Designator=R2_Ch0 Old Footprint=RESC0603X28N New Footprint=MURATA_HI_DENSITY_0201
Change Component Footprint: Designator=R2_Ch1 Old Footprint=RESC0603X28N New Footprint=MURATA_HI_DENSITY_0201
Change Component Footprint: Designator=R2_Ch2 Old Footprint=RESC0603X28N New Footprint=MURATA_HI_DENSITY_0201
Change Component Footprint: Designator=R2_Ch3 Old Footprint=RESC0603X28N New Footprint=MURATA_HI_DENSITY_0201
Change Component Footprint: Designator=R7_Ch0 Old Footprint=RESC0603X28N New Footprint=MURATA_HI_DENSITY_0201
Change Component Footprint: Designator=R7_Ch1 Old Footprint=RESC0603X28N New Footprint=MURATA_HI_DENSITY_0201
Change Component Footprint: Designator=R7_Ch2 Old Footprint=RESC0603X28N New Footprint=MURATA_HI_DENSITY_0201
Change Component Footprint: Designator=R7_Ch3 Old Footprint=RESC0603X28N New Footprint=MURATA_HI_DENSITY_0201
Change Component Footprint: Designator=R11 Old Footprint=RESC0603X28N New Footprint=MURATA_HI_DENSITY_0201
Change Component Footprint: Designator=R24 Old Footprint=RESC0603X28N New Footprint=MURATA_HI_DENSITY_0201
Change Component Footprint: Designator=R32 Old Footprint=RESC0603X28N New Footprint=MURATA_HI_DENSITY_0201
Change Component Footprint: Designator=R60 Old Footprint=RESC0603X28N New Footprint=MURATA_HI_DENSITY_0201
Change Component Footprint: Designator=R61 Old Footprint=RESC0603X28N New Footprint=MURATA_HI_DENSITY_0201
Change Component Footprint: Designator=R62 Old Footprint=RESC0603X28N New Footprint=MURATA_HI_DENSITY_0201
Change Component Comment : Designator=R1_Ch0 Old Comment=100 New Comment=100O
Change Component Comment : Designator=R1_Ch1 Old Comment=100 New Comment=100O
Change Component Comment : Designator=R1_Ch2 Old Comment=100 New Comment=100O
Change Component Comment : Designator=R1_Ch3 Old Comment=100 New Comment=100O
Change Component Comment : Designator=R2_Ch0 Old Comment=100 New Comment=100O
Change Component Comment : Designator=R2_Ch1 Old Comment=100 New Comment=100O
Change Component Comment : Designator=R2_Ch2 Old Comment=100 New Comment=100O
Change Component Comment : Designator=R2_Ch3 Old Comment=100 New Comment=100O
Change Component Comment : Designator=R7_Ch0 Old Comment=100 New Comment=100O
Change Component Comment : Designator=R7_Ch1 Old Comment=100 New Comment=100O
Change Component Comment : Designator=R7_Ch2 Old Comment=100 New Comment=100O
Change Component Comment : Designator=R7_Ch3 Old Comment=100 New Comment=100O
Change Component Comment : Designator=R11 Old Comment=100 New Comment=100O
Change Component Comment : Designator=R24 Old Comment=100 New Comment=100O
Change Component Comment : Designator=R32 Old Comment=100 New Comment=100O
Change Component Comment : Designator=R60 Old Comment=100 New Comment=100O
Change Component Comment : Designator=R61 Old Comment=100 New Comment=100O
Change Component Comment : Designator=R62 Old Comment=100 New Comment=100O
Change Component Description : Designator=R1_Ch0 Old Description=Resistor - 1% New Description=Resistor
Change Component Description : Designator=R1_Ch1 Old Description=Resistor - 1% New Description=Resistor
Change Component Description : Designator=R1_Ch2 Old Description=Resistor - 1% New Description=Resistor
Change Component Description : Designator=R1_Ch3 Old Description=Resistor - 1% New Description=Resistor
Change Component Description : Designator=R2_Ch0 Old Description=Resistor - 1% New Description=Resistor
Change Component Description : Designator=R2_Ch1 Old Description=Resistor - 1% New Description=Resistor
Change Component Description : Designator=R2_Ch2 Old Description=Resistor - 1% New Description=Resistor
Change Component Description : Designator=R2_Ch3 Old Description=Resistor - 1% New Description=Resistor
Change Component Description : Designator=R7_Ch0 Old Description=Resistor - 1% New Description=Resistor
Change Component Description : Designator=R7_Ch1 Old Description=Resistor - 1% New Description=Resistor
Change Component Description : Designator=R7_Ch2 Old Description=Resistor - 1% New Description=Resistor
Change Component Description : Designator=R7_Ch3 Old Description=Resistor - 1% New Description=Resistor
Change Component Description : Designator=R11 Old Description=Resistor - 1% New Description=Resistor
Change Component Description : Designator=R24 Old Description=Resistor - 1% New Description=Resistor
Change Component Description : Designator=R32 Old Description=Resistor - 1% New Description=Resistor
Change Component Description : Designator=R60 Old Description=Resistor - 1% New Description=Resistor
Change Component Description : Designator=R61 Old Description=Resistor - 1% New Description=Resistor
Change Component Description : Designator=R62 Old Description=Resistor - 1% New Description=Resistor
Change Component Library : Designator=C22_Ch0 Old Library=Capacitors.DbLib New Library=schLib.SchLib
Change Component Library : Designator=C22_Ch1 Old Library=Capacitors.DbLib New Library=schLib.SchLib
Change Component Library : Designator=C22_Ch2 Old Library=Capacitors.DbLib New Library=schLib.SchLib
Change Component Library : Designator=C22_Ch3 Old Library=Capacitors.DbLib New Library=schLib.SchLib
Change Component Library : Designator=C24_Ch0 Old Library=Capacitors.DbLib New Library=schLib.SchLib
Change Component Library : Designator=C24_Ch1 Old Library=Capacitors.DbLib New Library=schLib.SchLib
Change Component Library : Designator=C24_Ch2 Old Library=Capacitors.DbLib New Library=schLib.SchLib
Change Component Library : Designator=C24_Ch3 Old Library=Capacitors.DbLib New Library=schLib.SchLib
Change Component Library : Designator=C44 Old Library=Capacitors.DbLib New Library=schLib.SchLib
Change Component Library : Designator=C51 Old Library=Capacitors.DbLib New Library=schLib.SchLib
Change Component Library : Designator=C52 Old Library=Capacitors.DbLib New Library=schLib.SchLib
Change Component Library : Designator=C56 Old Library=Capacitors.DbLib New Library=schLib.SchLib
Change Component Library : Designator=C63 Old Library=Capacitors.DbLib New Library=schLib.SchLib
Change Component Library : Designator=C69 Old Library=Capacitors.DbLib New Library=schLib.SchLib
Change Component Library : Designator=C72 Old Library=Capacitors.DbLib New Library=schLib.SchLib
Change Component Library : Designator=C75 Old Library=Capacitors.DbLib New Library=schLib.SchLib
Change Component Library : Designator=C78 Old Library=Capacitors.DbLib New Library=schLib.SchLib
Change Component Library : Designator=R1_Ch0 Old Library=Resistors.DbLib New Library=schLib.SchLib
Change Component Library : Designator=R1_Ch1 Old Library=Resistors.DbLib New Library=schLib.SchLib
Change Component Library : Designator=R1_Ch2 Old Library=Resistors.DbLib New Library=schLib.SchLib
Change Component Library : Designator=R1_Ch3 Old Library=Resistors.DbLib New Library=schLib.SchLib
Change Component Library : Designator=R2_Ch0 Old Library=Resistors.DbLib New Library=schLib.SchLib
Change Component Library : Designator=R2_Ch1 Old Library=Resistors.DbLib New Library=schLib.SchLib
Change Component Library : Designator=R2_Ch2 Old Library=Resistors.DbLib New Library=schLib.SchLib
Change Component Library : Designator=R2_Ch3 Old Library=Resistors.DbLib New Library=schLib.SchLib
Change Component Library : Designator=R7_Ch0 Old Library=Resistors.DbLib New Library=schLib.SchLib
Change Component Library : Designator=R7_Ch1 Old Library=Resistors.DbLib New Library=schLib.SchLib
Change Component Library : Designator=R7_Ch2 Old Library=Resistors.DbLib New Library=schLib.SchLib
Change Component Library : Designator=R7_Ch3 Old Library=Resistors.DbLib New Library=schLib.SchLib
Change Component Library : Designator=R11 Old Library=Resistors.DbLib New Library=schLib.SchLib
Change Component Library : Designator=R24 Old Library=Resistors.DbLib New Library=schLib.SchLib
Change Component Library : Designator=R32 Old Library=Resistors.DbLib New Library=schLib.SchLib
Change Component Library : Designator=R60 Old Library=Resistors.DbLib New Library=schLib.SchLib
Change Component Library : Designator=R61 Old Library=Resistors.DbLib New Library=schLib.SchLib
Change Component Library : Designator=R62 Old Library=Resistors.DbLib New Library=schLib.SchLib
Change component parameters: Designator = "C22_Ch0" ("C22"); Footprint = "CAPC1005X70N"; UniqueID = "\CVETGFSS\JERWYLCQ" ("\CVETGFSS\JERWYLCQ")
Change component parameters (AddParameter): Name = "Value"; Value = "22uF"; VariantName = "[No Variations]"
Change component parameters (AddParameter): Name = "Vmax"; Value = "6.3V"; VariantName = "[No Variations]"
Change component parameters: Designator = "C22_Ch1" ("C22"); Footprint = "CAPC1005X70N"; UniqueID = "\THIZCXZT\JERWYLCQ" ("\THIZCXZT\JERWYLCQ")
Change component parameters (AddParameter): Name = "Value"; Value = "22uF"; VariantName = "[No Variations]"
Change component parameters (AddParameter): Name = "Vmax"; Value = "6.3V"; VariantName = "[No Variations]"
Change component parameters: Designator = "C22_Ch2" ("C22"); Footprint = "CAPC1005X70N"; UniqueID = "\YESCXYWX\JERWYLCQ" ("\YESCXYWX\JERWYLCQ")
Change component parameters (AddParameter): Name = "Value"; Value = "22uF"; VariantName = "[No Variations]"
Change component parameters (AddParameter): Name = "Vmax"; Value = "6.3V"; VariantName = "[No Variations]"
Change component parameters: Designator = "C22_Ch3" ("C22"); Footprint = "CAPC1005X70N"; UniqueID = "\KBLPAXHS\JERWYLCQ" ("\KBLPAXHS\JERWYLCQ")
Change component parameters (AddParameter): Name = "Value"; Value = "22uF"; VariantName = "[No Variations]"
Change component parameters (AddParameter): Name = "Vmax"; Value = "6.3V"; VariantName = "[No Variations]"
Change component parameters: Designator = "C24_Ch0" ("C24"); Footprint = "CAPC1005X70N"; UniqueID = "\CVETGFSS\OYKWWXRI" ("\CVETGFSS\OYKWWXRI")
Change component parameters (AddParameter): Name = "Value"; Value = "22uF"; VariantName = "[No Variations]"
Change component parameters (AddParameter): Name = "Vmax"; Value = "6.3V"; VariantName = "[No Variations]"
Change component parameters: Designator = "C24_Ch1" ("C24"); Footprint = "CAPC1005X70N"; UniqueID = "\THIZCXZT\OYKWWXRI" ("\THIZCXZT\OYKWWXRI")
Change component parameters (AddParameter): Name = "Value"; Value = "22uF"; VariantName = "[No Variations]"
Change component parameters (AddParameter): Name = "Vmax"; Value = "6.3V"; VariantName = "[No Variations]"
Change component parameters: Designator = "C24_Ch2" ("C24"); Footprint = "CAPC1005X70N"; UniqueID = "\YESCXYWX\OYKWWXRI" ("\YESCXYWX\OYKWWXRI")
Change component parameters (AddParameter): Name = "Value"; Value = "22uF"; VariantName = "[No Variations]"
Change component parameters (AddParameter): Name = "Vmax"; Value = "6.3V"; VariantName = "[No Variations]"
Change component parameters: Designator = "C24_Ch3" ("C24"); Footprint = "CAPC1005X70N"; UniqueID = "\KBLPAXHS\OYKWWXRI" ("\KBLPAXHS\OYKWWXRI")
Change component parameters (AddParameter): Name = "Value"; Value = "22uF"; VariantName = "[No Variations]"
Change component parameters (AddParameter): Name = "Vmax"; Value = "6.3V"; VariantName = "[No Variations]"
Change component parameters: Designator = "C44" ("C44"); Footprint = "CAPC1005X70N"; UniqueID = "\HHGZBCTU\HQOVLWVX" ("\HHGZBCTU\HQOVLWVX")
Change component parameters (AddParameter): Name = "Value"; Value = "22uF"; VariantName = "[No Variations]"
Change component parameters (AddParameter): Name = "Vmax"; Value = "6.3V"; VariantName = "[No Variations]"
Change component parameters: Designator = "C51" ("C51"); Footprint = "CAPC1005X70N"; UniqueID = "\HHGZBCTU\KRICBIGI" ("\HHGZBCTU\KRICBIGI")
Change component parameters (AddParameter): Name = "Value"; Value = "22uF"; VariantName = "[No Variations]"
Change component parameters (AddParameter): Name = "Vmax"; Value = "6.3V"; VariantName = "[No Variations]"
Change component parameters: Designator = "C52" ("C52"); Footprint = "CAPC1005X70N"; UniqueID = "\HHGZBCTU\GFBMXIFQ" ("\HHGZBCTU\GFBMXIFQ")
Change component parameters (AddParameter): Name = "Value"; Value = "22uF"; VariantName = "[No Variations]"
Change component parameters (AddParameter): Name = "Vmax"; Value = "6.3V"; VariantName = "[No Variations]"
Change component parameters: Designator = "C56" ("C56"); Footprint = "CAPC1005X70N"; UniqueID = "\HHGZBCTU\JSUHPUPG" ("\HHGZBCTU\JSUHPUPG")
Change component parameters (AddParameter): Name = "Value"; Value = "22uF"; VariantName = "[No Variations]"
Change component parameters (AddParameter): Name = "Vmax"; Value = "6.3V"; VariantName = "[No Variations]"
Change component parameters: Designator = "C63" ("C63"); Footprint = "CAPC1005X70N"; UniqueID = "\HHGZBCTU\MVPSTYMT" ("\HHGZBCTU\MVPSTYMT")
Change component parameters (AddParameter): Name = "Value"; Value = "22uF"; VariantName = "[No Variations]"
Change component parameters (AddParameter): Name = "Vmax"; Value = "6.3V"; VariantName = "[No Variations]"
Change component parameters: Designator = "C69" ("C69"); Footprint = "CAPC1005X70N"; UniqueID = "\XBCLDFEG\JPGNDIFY" ("\XBCLDFEG\JPGNDIFY")
Change component parameters (AddParameter): Name = "Value"; Value = "22uF"; VariantName = "[No Variations]"
Change component parameters (AddParameter): Name = "Vmax"; Value = "6.3V"; VariantName = "[No Variations]"
Change component parameters: Designator = "C72" ("C72"); Footprint = "CAPC1005X70N"; UniqueID = "\XBCLDFEG\ZTUHQFZI" ("\XBCLDFEG\ZTUHQFZI")
Change component parameters (AddParameter): Name = "Value"; Value = "22uF"; VariantName = "[No Variations]"
Change component parameters (AddParameter): Name = "Vmax"; Value = "6.3V"; VariantName = "[No Variations]"
Change component parameters: Designator = "C75" ("C75"); Footprint = "CAPC1005X70N"; UniqueID = "\XBCLDFEG\BWCPNQSB" ("\XBCLDFEG\BWCPNQSB")
Change component parameters (AddParameter): Name = "Value"; Value = "22uF"; VariantName = "[No Variations]"
Change component parameters (AddParameter): Name = "Vmax"; Value = "6.3V"; VariantName = "[No Variations]"
Change component parameters: Designator = "C78" ("C78"); Footprint = "CAPC1005X70N"; UniqueID = "\XBCLDFEG\HXTFSMXO" ("\XBCLDFEG\HXTFSMXO")
Change component parameters (AddParameter): Name = "Value"; Value = "22uF"; VariantName = "[No Variations]"
Change component parameters (AddParameter): Name = "Vmax"; Value = "6.3V"; VariantName = "[No Variations]"
Change component parameters: Designator = "R1_Ch0" ("R1"); Footprint = "RESC0603X28N"; UniqueID = "\CVETGFSS\ICUPFWED" ("\CVETGFSS\ICUPFWED")
Change component parameters (AddParameter): Name = "Value"; Value = "100O"; VariantName = "[No Variations]"
Change component parameters: Designator = "R1_Ch1" ("R1"); Footprint = "RESC0603X28N"; UniqueID = "\THIZCXZT\ICUPFWED" ("\THIZCXZT\ICUPFWED")
Change component parameters (AddParameter): Name = "Value"; Value = "100O"; VariantName = "[No Variations]"
Change component parameters: Designator = "R1_Ch2" ("R1"); Footprint = "RESC0603X28N"; UniqueID = "\YESCXYWX\ICUPFWED" ("\YESCXYWX\ICUPFWED")
Change component parameters (AddParameter): Name = "Value"; Value = "100O"; VariantName = "[No Variations]"
Change component parameters: Designator = "R1_Ch3" ("R1"); Footprint = "RESC0603X28N"; UniqueID = "\KBLPAXHS\ICUPFWED" ("\KBLPAXHS\ICUPFWED")
Change component parameters (AddParameter): Name = "Value"; Value = "100O"; VariantName = "[No Variations]"
Change component parameters: Designator = "R2_Ch0" ("R2"); Footprint = "RESC0603X28N"; UniqueID = "\CVETGFSS\IYRMGSAM" ("\CVETGFSS\IYRMGSAM")
Change component parameters (AddParameter): Name = "Value"; Value = "100O"; VariantName = "[No Variations]"
Change component parameters: Designator = "R2_Ch1" ("R2"); Footprint = "RESC0603X28N"; UniqueID = "\THIZCXZT\IYRMGSAM" ("\THIZCXZT\IYRMGSAM")
Change component parameters (AddParameter): Name = "Value"; Value = "100O"; VariantName = "[No Variations]"
Change component parameters: Designator = "R2_Ch2" ("R2"); Footprint = "RESC0603X28N"; UniqueID = "\YESCXYWX\IYRMGSAM" ("\YESCXYWX\IYRMGSAM")
Change component parameters (AddParameter): Name = "Value"; Value = "100O"; VariantName = "[No Variations]"
Change component parameters: Designator = "R2_Ch3" ("R2"); Footprint = "RESC0603X28N"; UniqueID = "\KBLPAXHS\IYRMGSAM" ("\KBLPAXHS\IYRMGSAM")
Change component parameters (AddParameter): Name = "Value"; Value = "100O"; VariantName = "[No Variations]"
Change component parameters: Designator = "R7_Ch0" ("R7"); Footprint = "RESC0603X28N"; UniqueID = "\CVETGFSS\IUBDFBCH" ("\CVETGFSS\IUBDFBCH")
Change component parameters (AddParameter): Name = "Value"; Value = "100O"; VariantName = "[No Variations]"
Change component parameters: Designator = "R7_Ch1" ("R7"); Footprint = "RESC0603X28N"; UniqueID = "\THIZCXZT\IUBDFBCH" ("\THIZCXZT\IUBDFBCH")
Change component parameters (AddParameter): Name = "Value"; Value = "100O"; VariantName = "[No Variations]"
Change component parameters: Designator = "R7_Ch2" ("R7"); Footprint = "RESC0603X28N"; UniqueID = "\YESCXYWX\IUBDFBCH" ("\YESCXYWX\IUBDFBCH")
Change component parameters (AddParameter): Name = "Value"; Value = "100O"; VariantName = "[No Variations]"
Change component parameters: Designator = "R7_Ch3" ("R7"); Footprint = "RESC0603X28N"; UniqueID = "\KBLPAXHS\IUBDFBCH" ("\KBLPAXHS\IUBDFBCH")
Change component parameters (AddParameter): Name = "Value"; Value = "100O"; VariantName = "[No Variations]"
Change component parameters: Designator = "R11" ("R11"); Footprint = "RESC0603X28N"; UniqueID = "\HHGZBCTU\ZHTYCHZH" ("\HHGZBCTU\ZHTYCHZH")
Change component parameters (AddParameter): Name = "Value"; Value = "100O"; VariantName = "[No Variations]"
Change component parameters: Designator = "R24" ("R24"); Footprint = "RESC0603X28N"; UniqueID = "\HHGZBCTU\SMKAZTPT" ("\HHGZBCTU\SMKAZTPT")
Change component parameters (AddParameter): Name = "Value"; Value = "100O"; VariantName = "[No Variations]"
Change component parameters: Designator = "R32" ("R32"); Footprint = "RESC0603X28N"; UniqueID = "\HHGZBCTU\VDKFVGUQ" ("\HHGZBCTU\VDKFVGUQ")
Change component parameters (AddParameter): Name = "Value"; Value = "100O"; VariantName = "[No Variations]"
Change component parameters: Designator = "R60" ("R60"); Footprint = "RESC0603X28N"; UniqueID = "\GSHSBSOJ\MMAMFOEM" ("\GSHSBSOJ\MMAMFOEM")
Change component parameters (AddParameter): Name = "Value"; Value = "100O"; VariantName = "[No Variations]"
Change component parameters: Designator = "R61" ("R61"); Footprint = "RESC0603X28N"; UniqueID = "\GSHSBSOJ\PRRRSUUU" ("\GSHSBSOJ\PRRRSUUU")
Change component parameters (AddParameter): Name = "Value"; Value = "100O"; VariantName = "[No Variations]"
Change component parameters: Designator = "R62" ("R62"); Footprint = "RESC0603X28N"; UniqueID = "\GSHSBSOJ\JWTEDCYO" ("\GSHSBSOJ\JWTEDCYO")
Change component parameters (AddParameter): Name = "Value"; Value = "100O"; VariantName = "[No Variations]"
Add Class Member: Failed to add class member : Ch0 (Channel.SchDoc)
Add Class Member: Failed to add class member : Ch1 (Channel.SchDoc)
Add Class Member: Failed to add class member : Ch2 (Channel.SchDoc)
Add Class Member: Failed to add class member : Ch3 (Channel.SchDoc)
