Remove Class Member: Failed to remove class member
Remove Class Member: Failed to remove class member
Remove Class Member: Failed to remove class member
Remove Class Member: Failed to remove class member
Added Component: Designator=J2(TYCO_1888247-1)
Add component (AddParameter): Name = "Author"; Value = "CERN DEM JLC"; VariantName = "[No Variations]"
Add component (AddParameter): Name = "Component Type"; Value = "Standard"; VariantName = "[No Variations]"
Add component (AddParameter): Name = "ComponentHeight"; Value = "5.4mm"; VariantName = "[No Variations]"
Add component (AddParameter): Name = "CreateDate"; Value = "2/27/2012"; VariantName = "[No Variations]"
Add component (AddParameter): Name = "Family"; Value = "SFP+"; VariantName = "[No Variations]"
Add component (AddParameter): Name = "HelpURL"; Value = "\\cern.ch\dfs\Applications\Altium\Datasheets\TYCO_1888247-1.pdf"; VariantName = "[No Variations]"
Add component (AddParameter): Name = "LatestRevisionDate"; Value = "2/27/2012"; VariantName = "[No Variations]"
Add component (AddParameter): Name = "Manufacturer"; Value = "TYCO ELECTRONICS"; VariantName = "[No Variations]"
Add component (AddParameter): Name = "Manufacturer Part Number"; Value = "1888247-1"; VariantName = "[No Variations]"
Add component (AddParameter): Name = "Mounted"; Value = "Yes"; VariantName = "[No Variations]"
Add component (AddParameter): Name = "Part Description"; Value = "20 Position, Pitch 0.8mm SFP+ Receptacle (Small Form-factor Pluggable)"; VariantName = "[No Variations]"
Add component (AddParameter): Name = "Part Number"; Value = "TYCO_1888247-1"; VariantName = "[No Variations]"
Add component (AddParameter): Name = "Pin Count"; Value = "20"; VariantName = "[No Variations]"
Add component (AddParameter): Name = "PressFit"; Value = "No"; VariantName = "[No Variations]"
Add component (AddParameter): Name = "Sense"; Value = "No"; VariantName = "[No Variations]"
Add component (AddParameter): Name = "SMD"; Value = "Yes"; VariantName = "[No Variations]"
Add component (AddParameter): Name = "Socket"; Value = "No"; VariantName = "[No Variations]"
Add component (AddParameter): Name = "Status"; Value = "None"; VariantName = "[No Variations]"
Added Component: Designator=J3(TYCO_1888247-1)
Add component (AddParameter): Name = "Author"; Value = "CERN DEM JLC"; VariantName = "[No Variations]"
Add component (AddParameter): Name = "Component Type"; Value = "Standard"; VariantName = "[No Variations]"
Add component (AddParameter): Name = "ComponentHeight"; Value = "5.4mm"; VariantName = "[No Variations]"
Add component (AddParameter): Name = "CreateDate"; Value = "2/27/2012"; VariantName = "[No Variations]"
Add component (AddParameter): Name = "Family"; Value = "SFP+"; VariantName = "[No Variations]"
Add component (AddParameter): Name = "HelpURL"; Value = "\\cern.ch\dfs\Applications\Altium\Datasheets\TYCO_1888247-1.pdf"; VariantName = "[No Variations]"
Add component (AddParameter): Name = "LatestRevisionDate"; Value = "2/27/2012"; VariantName = "[No Variations]"
Add component (AddParameter): Name = "Manufacturer"; Value = "TYCO ELECTRONICS"; VariantName = "[No Variations]"
Add component (AddParameter): Name = "Manufacturer Part Number"; Value = "1888247-1"; VariantName = "[No Variations]"
Add component (AddParameter): Name = "Mounted"; Value = "Yes"; VariantName = "[No Variations]"
Add component (AddParameter): Name = "Part Description"; Value = "20 Position, Pitch 0.8mm SFP+ Receptacle (Small Form-factor Pluggable)"; VariantName = "[No Variations]"
Add component (AddParameter): Name = "Part Number"; Value = "TYCO_1888247-1"; VariantName = "[No Variations]"
Add component (AddParameter): Name = "Pin Count"; Value = "20"; VariantName = "[No Variations]"
Add component (AddParameter): Name = "PressFit"; Value = "No"; VariantName = "[No Variations]"
Add component (AddParameter): Name = "Sense"; Value = "No"; VariantName = "[No Variations]"
Add component (AddParameter): Name = "SMD"; Value = "Yes"; VariantName = "[No Variations]"
Add component (AddParameter): Name = "Socket"; Value = "No"; VariantName = "[No Variations]"
Add component (AddParameter): Name = "Status"; Value = "None"; VariantName = "[No Variations]"
Added Pin To Net: NetName=GND Pin=J2-1
Added Pin To Net: NetName=SFP0_FAULT Pin=J2-2
Added Pin To Net: NetName=DIS0 Pin=J2-3
Added Pin To Net: NetName=SDA0 Pin=J2-4
Added Pin To Net: NetName=SCL0 Pin=J2-5
Added Pin To Net: NetName=ABS0 Pin=J2-6
Added Pin To Net: NetName=SFP0_LOS Pin=J2-8
Added Pin To Net: NetName=GND Pin=J2-10
Added Pin To Net: NetName=GND Pin=J2-11
Added Pin To Net: NetName=SFP_RX0_N Pin=J2-12
Added Pin To Net: NetName=SFP_RX0_P Pin=J2-13
Added Pin To Net: NetName=GND Pin=J2-14
Added Pin To Net: NetName=VccR0 Pin=J2-15
Added Pin To Net: NetName=VccT0 Pin=J2-16
Added Pin To Net: NetName=GND Pin=J2-17
Added Pin To Net: NetName=SFP_TX0_P Pin=J2-18
Added Pin To Net: NetName=SFP_TX0_N Pin=J2-19
Added Pin To Net: NetName=GND Pin=J2-20
Added Pin To Net: NetName=GND Pin=J3-1
Added Pin To Net: NetName=SFP1_FAULT Pin=J3-2
Added Pin To Net: NetName=DIS1 Pin=J3-3
Added Pin To Net: NetName=SDA1 Pin=J3-4
Added Pin To Net: NetName=SCL1 Pin=J3-5
Added Pin To Net: NetName=ABS1 Pin=J3-6
Added Pin To Net: NetName=SFP1_LOS Pin=J3-8
Added Pin To Net: NetName=GND Pin=J3-10
Added Pin To Net: NetName=GND Pin=J3-11
Added Pin To Net: NetName=SFP_RX1_N Pin=J3-12
Added Pin To Net: NetName=SFP_RX1_P Pin=J3-13
Added Pin To Net: NetName=GND Pin=J3-14
Added Pin To Net: NetName=VccR1 Pin=J3-15
Added Pin To Net: NetName=VccT1 Pin=J3-16
Added Pin To Net: NetName=GND Pin=J3-17
Added Pin To Net: NetName=SFP_TX1_P Pin=J3-18
Added Pin To Net: NetName=SFP_TX1_N Pin=J3-19
Added Pin To Net: NetName=GND Pin=J3-20
Added Member To Class: ClassName=U_SFP Member=Component J2 SFP+
Added Member To Class: ClassName=U_SFP Member=Component J3 SFP+
Add Class Member: Failed to add class member : Ch0 (Channel.SchDoc)
Add Class Member: Failed to add class member : Ch1 (Channel.SchDoc)
Add Class Member: Failed to add class member : Ch2 (Channel.SchDoc)
Add Class Member: Failed to add class member : Ch3 (Channel.SchDoc)
