Removed Pin From Net: NetName=SCL_CDR_3 Pin=R55-1
Removed Pin From Net: NetName=SDA_CDR_3 Pin=R55-2
Removed Pin From Net: NetName=SCL_CDR_2 Pin=R55-3
Removed Pin From Net: NetName=SDA_CDR_2 Pin=R55-4
Removed Pin From Net: NetName=SCL_CDR_1 Pin=R55-5
Removed Pin From Net: NetName=SDA_CDR_1 Pin=R55-6
Removed Pin From Net: NetName=SCL_CDR_0 Pin=R55-7
Removed Pin From Net: NetName=SDA_CDR_0 Pin=R55-8
Remove Class Member: Failed to remove class member
Remove Class Member: Failed to remove class member
Remove Class Member: Failed to remove class member
Remove Class Member: Failed to remove class member
Added Pin To Net: NetName=SCL_CDR_1 Pin=R55-1
Added Pin To Net: NetName=SDA_CDR_1 Pin=R55-2
Added Pin To Net: NetName=SCL_CDR_0 Pin=R55-3
Added Pin To Net: NetName=SDA_CDR_0 Pin=R55-4
Added Pin To Net: NetName=SDA_CDR_2 Pin=R55-5
Added Pin To Net: NetName=SCL_CDR_2 Pin=R55-6
Added Pin To Net: NetName=SDA_CDR_3 Pin=R55-7
Added Pin To Net: NetName=SCL_CDR_3 Pin=R55-8
Add Class Member: Failed to add class member : Ch0 (Channel.SchDoc)
Add Class Member: Failed to add class member : Ch1 (Channel.SchDoc)
Add Class Member: Failed to add class member : Ch2 (Channel.SchDoc)
Add Class Member: Failed to add class member : Ch3 (Channel.SchDoc)
