Remove Class Member: Failed to remove class member
Remove Class Member: Failed to remove class member
Remove Class Member: Failed to remove class member
Remove Class Member: Failed to remove class member
Change Component Designator: OldDesignator=C10_Ch0 NewDesignator=C13_Ch0
Change Component Designator: OldDesignator=C10_Ch1 NewDesignator=C13_Ch1
Change Component Designator: OldDesignator=C10_Ch2 NewDesignator=C13_Ch2
Change Component Designator: OldDesignator=C10_Ch3 NewDesignator=C13_Ch3
Change Component Designator: OldDesignator=C11_Ch0 NewDesignator=C14_Ch0
Change Component Designator: OldDesignator=C11_Ch1 NewDesignator=C14_Ch1
Change Component Designator: OldDesignator=C11_Ch2 NewDesignator=C14_Ch2
Change Component Designator: OldDesignator=C11_Ch3 NewDesignator=C14_Ch3
Change Component Designator: OldDesignator=C12_Ch0 NewDesignator=C15_Ch0
Change Component Designator: OldDesignator=C12_Ch1 NewDesignator=C15_Ch1
Change Component Designator: OldDesignator=C12_Ch2 NewDesignator=C15_Ch2
Change Component Designator: OldDesignator=C12_Ch3 NewDesignator=C15_Ch3
Change Component Designator: OldDesignator=C13_Ch0 NewDesignator=C16_Ch0
Change Component Designator: OldDesignator=C13_Ch1 NewDesignator=C16_Ch1
Change Component Designator: OldDesignator=C13_Ch2 NewDesignator=C16_Ch2
Change Component Designator: OldDesignator=C13_Ch3 NewDesignator=C16_Ch3
Change Component Designator: OldDesignator=C14_Ch0 NewDesignator=C17_Ch0
Change Component Designator: OldDesignator=C14_Ch1 NewDesignator=C17_Ch1
Change Component Designator: OldDesignator=C14_Ch2 NewDesignator=C17_Ch2
Change Component Designator: OldDesignator=C14_Ch3 NewDesignator=C17_Ch3
Change Component Designator: OldDesignator=C15_Ch0 NewDesignator=C18_Ch0
Change Component Designator: OldDesignator=C15_Ch1 NewDesignator=C18_Ch1
Change Component Designator: OldDesignator=C15_Ch2 NewDesignator=C18_Ch2
Change Component Designator: OldDesignator=C15_Ch3 NewDesignator=C18_Ch3
Change Component Designator: OldDesignator=C16_Ch0 NewDesignator=C19_Ch0
Change Component Designator: OldDesignator=C16_Ch1 NewDesignator=C19_Ch1
Change Component Designator: OldDesignator=C16_Ch2 NewDesignator=C19_Ch2
Change Component Designator: OldDesignator=C16_Ch3 NewDesignator=C19_Ch3
Change Component Designator: OldDesignator=C17_Ch0 NewDesignator=C20_Ch0
Change Component Designator: OldDesignator=C17_Ch1 NewDesignator=C20_Ch1
Change Component Designator: OldDesignator=C17_Ch2 NewDesignator=C20_Ch2
Change Component Designator: OldDesignator=C17_Ch3 NewDesignator=C20_Ch3
Change Component Designator: OldDesignator=C18_Ch0 NewDesignator=C21_Ch0
Change Component Designator: OldDesignator=C18_Ch1 NewDesignator=C21_Ch1
Change Component Designator: OldDesignator=C18_Ch2 NewDesignator=C21_Ch2
Change Component Designator: OldDesignator=C18_Ch3 NewDesignator=C21_Ch3
Change Component Designator: OldDesignator=C19_Ch0 NewDesignator=C22_Ch0
Change Component Designator: OldDesignator=C19_Ch1 NewDesignator=C22_Ch1
Change Component Designator: OldDesignator=C19_Ch2 NewDesignator=C22_Ch2
Change Component Designator: OldDesignator=C19_Ch3 NewDesignator=C22_Ch3
Change Component Designator: OldDesignator=C20_Ch0 NewDesignator=C23_Ch0
Change Component Designator: OldDesignator=C20_Ch1 NewDesignator=C23_Ch1
Change Component Designator: OldDesignator=C20_Ch2 NewDesignator=C23_Ch2
Change Component Designator: OldDesignator=C20_Ch3 NewDesignator=C23_Ch3
Change Component Designator: OldDesignator=C21_Ch0 NewDesignator=C24_Ch0
Change Component Designator: OldDesignator=C21_Ch1 NewDesignator=C24_Ch1
Change Component Designator: OldDesignator=C21_Ch2 NewDesignator=C24_Ch2
Change Component Designator: OldDesignator=C21_Ch3 NewDesignator=C24_Ch3
Change Component Designator: OldDesignator=C22_Ch0 NewDesignator=C25_Ch0
Change Component Designator: OldDesignator=C22_Ch1 NewDesignator=C25_Ch1
Change Component Designator: OldDesignator=C22_Ch2 NewDesignator=C25_Ch2
Change Component Designator: OldDesignator=C22_Ch3 NewDesignator=C25_Ch3
Change Component Designator: OldDesignator=C23_Ch0 NewDesignator=C26_Ch0
Change Component Designator: OldDesignator=C23_Ch1 NewDesignator=C26_Ch1
Change Component Designator: OldDesignator=C23_Ch2 NewDesignator=C26_Ch2
Change Component Designator: OldDesignator=C23_Ch3 NewDesignator=C26_Ch3
Change Component Designator: OldDesignator=C24_Ch0 NewDesignator=C27_Ch0
Change Component Designator: OldDesignator=C24_Ch1 NewDesignator=C27_Ch1
Change Component Designator: OldDesignator=C24_Ch2 NewDesignator=C27_Ch2
Change Component Designator: OldDesignator=C24_Ch3 NewDesignator=C27_Ch3
Change Component Designator: OldDesignator=C25_Ch0 NewDesignator=C28_Ch0
Change Component Designator: OldDesignator=C25_Ch1 NewDesignator=C28_Ch1
Change Component Designator: OldDesignator=C25_Ch2 NewDesignator=C28_Ch2
Change Component Designator: OldDesignator=C25_Ch3 NewDesignator=C28_Ch3
Change Component Designator: OldDesignator=C26_Ch0 NewDesignator=C29_Ch0
Change Component Designator: OldDesignator=C26_Ch1 NewDesignator=C29_Ch1
Change Component Designator: OldDesignator=C26_Ch2 NewDesignator=C29_Ch2
Change Component Designator: OldDesignator=C26_Ch3 NewDesignator=C29_Ch3
Change Component Designator: OldDesignator=C27_Ch0 NewDesignator=C30_Ch0
Change Component Designator: OldDesignator=C27_Ch1 NewDesignator=C30_Ch1
Change Component Designator: OldDesignator=C27_Ch2 NewDesignator=C30_Ch2
Change Component Designator: OldDesignator=C27_Ch3 NewDesignator=C30_Ch3
Change Component Designator: OldDesignator=C28_Ch0 NewDesignator=C31_Ch0
Change Component Designator: OldDesignator=C28_Ch1 NewDesignator=C31_Ch1
Change Component Designator: OldDesignator=C28_Ch2 NewDesignator=C31_Ch2
Change Component Designator: OldDesignator=C28_Ch3 NewDesignator=C31_Ch3
Change Component Designator: OldDesignator=C29_Ch0 NewDesignator=C32_Ch0
Change Component Designator: OldDesignator=C29_Ch1 NewDesignator=C32_Ch1
Change Component Designator: OldDesignator=C29_Ch2 NewDesignator=C32_Ch2
Change Component Designator: OldDesignator=C29_Ch3 NewDesignator=C32_Ch3
Change Component Designator: OldDesignator=C30_Ch0 NewDesignator=C33_Ch0
Change Component Designator: OldDesignator=C30_Ch1 NewDesignator=C33_Ch1
Change Component Designator: OldDesignator=C30_Ch2 NewDesignator=C33_Ch2
Change Component Designator: OldDesignator=C30_Ch3 NewDesignator=C33_Ch3
Change Component Designator: OldDesignator=C31_Ch0 NewDesignator=C34_Ch0
Change Component Designator: OldDesignator=C31_Ch1 NewDesignator=C34_Ch1
Change Component Designator: OldDesignator=C31_Ch2 NewDesignator=C34_Ch2
Change Component Designator: OldDesignator=C31_Ch3 NewDesignator=C34_Ch3
Change Component Designator: OldDesignator=C32_Ch0 NewDesignator=C35_Ch0
Change Component Designator: OldDesignator=C32_Ch1 NewDesignator=C35_Ch1
Change Component Designator: OldDesignator=C32_Ch2 NewDesignator=C35_Ch2
Change Component Designator: OldDesignator=C32_Ch3 NewDesignator=C35_Ch3
Change Component Designator: OldDesignator=C33_Ch0 NewDesignator=C36_Ch0
Change Component Designator: OldDesignator=C33_Ch1 NewDesignator=C36_Ch1
Change Component Designator: OldDesignator=C33_Ch2 NewDesignator=C36_Ch2
Change Component Designator: OldDesignator=C33_Ch3 NewDesignator=C36_Ch3
Change Component Designator: OldDesignator=C34_Ch0 NewDesignator=C37_Ch0
Change Component Designator: OldDesignator=C34_Ch1 NewDesignator=C37_Ch1
Change Component Designator: OldDesignator=C34_Ch2 NewDesignator=C37_Ch2
Change Component Designator: OldDesignator=C34_Ch3 NewDesignator=C37_Ch3
Change Component Designator: OldDesignator=C35_Ch0 NewDesignator=C38_Ch0
Change Component Designator: OldDesignator=C35_Ch1 NewDesignator=C38_Ch1
Change Component Designator: OldDesignator=C35_Ch2 NewDesignator=C38_Ch2
Change Component Designator: OldDesignator=C35_Ch3 NewDesignator=C38_Ch3
Change Component Designator: OldDesignator=C36_Ch0 NewDesignator=C39_Ch0
Change Component Designator: OldDesignator=C36_Ch1 NewDesignator=C39_Ch1
Change Component Designator: OldDesignator=C36_Ch2 NewDesignator=C39_Ch2
Change Component Designator: OldDesignator=C36_Ch3 NewDesignator=C39_Ch3
Change Component Designator: OldDesignator=C37 NewDesignator=C40
Change Component Designator: OldDesignator=C38 NewDesignator=C41
Change Component Designator: OldDesignator=C39 NewDesignator=C42
Change Component Designator: OldDesignator=C40 NewDesignator=C43
Change Component Designator: OldDesignator=C41 NewDesignator=C44
Change Component Designator: OldDesignator=C42 NewDesignator=C45
Change Component Designator: OldDesignator=C43 NewDesignator=C46
Change Component Designator: OldDesignator=C44 NewDesignator=C47
Change Component Designator: OldDesignator=C45 NewDesignator=C48
Change Component Designator: OldDesignator=C46 NewDesignator=C49
Change Component Designator: OldDesignator=C47 NewDesignator=C50
Change Component Designator: OldDesignator=C48 NewDesignator=C51
Change Component Designator: OldDesignator=C49 NewDesignator=C52
Change Component Designator: OldDesignator=C50 NewDesignator=C53
Change Component Designator: OldDesignator=C51 NewDesignator=C54
Change Component Designator: OldDesignator=C52 NewDesignator=C55
Change Component Designator: OldDesignator=C53 NewDesignator=C56
Change Component Designator: OldDesignator=C54 NewDesignator=C57
Change Component Designator: OldDesignator=C55 NewDesignator=C58
Change Component Designator: OldDesignator=C56 NewDesignator=C59
Change Component Designator: OldDesignator=C57 NewDesignator=C60
Change Component Designator: OldDesignator=C58 NewDesignator=C61
Change Component Designator: OldDesignator=C59 NewDesignator=C62
Change Component Designator: OldDesignator=C60 NewDesignator=C63
Change Component Designator: OldDesignator=C61 NewDesignator=C64
Change Component Designator: OldDesignator=C62 NewDesignator=C65
Change Component Designator: OldDesignator=C63 NewDesignator=C66
Change Component Designator: OldDesignator=C64 NewDesignator=C67
Change Component Designator: OldDesignator=C65 NewDesignator=C68
Change Component Designator: OldDesignator=C66 NewDesignator=C69
Change Component Designator: OldDesignator=C67 NewDesignator=C70
Change Component Designator: OldDesignator=C68 NewDesignator=C71
Change Component Designator: OldDesignator=C69 NewDesignator=C72
Change Component Designator: OldDesignator=C70 NewDesignator=C73
Change Component Designator: OldDesignator=C71 NewDesignator=C74
Change Component Designator: OldDesignator=C72 NewDesignator=C75
Change Component Designator: OldDesignator=C73 NewDesignator=C76
Change Component Designator: OldDesignator=C74 NewDesignator=C77
Change Component Designator: OldDesignator=C75 NewDesignator=C78
Change Component Designator: OldDesignator=C76 NewDesignator=C79
Change Component Designator: OldDesignator=C77 NewDesignator=C80
Change Component Designator: OldDesignator=C78 NewDesignator=C81
Change Component Designator: OldDesignator=C79 NewDesignator=C82
Change Component Designator: OldDesignator=C80 NewDesignator=C83
Change Component Designator: OldDesignator=C81 NewDesignator=C84
Change Component Designator: OldDesignator=C82 NewDesignator=C85
Change Component Designator: OldDesignator=C83 NewDesignator=C86
Change Component Designator: OldDesignator=C84 NewDesignator=C87
Change Component Designator: OldDesignator=C85 NewDesignator=C88
Change Component Designator: OldDesignator=C86 NewDesignator=C89
Change Component Designator: OldDesignator=C87 NewDesignator=C90
Change Component Designator: OldDesignator=C88 NewDesignator=C91
Change Component Designator: OldDesignator=C89 NewDesignator=C92
Change Component Designator: OldDesignator=C90 NewDesignator=C93
Change Component Designator: OldDesignator=C91 NewDesignator=C94
Change Component Designator: OldDesignator=C92 NewDesignator=C95
Change Component Designator: OldDesignator=C93 NewDesignator=C96
Change Component Designator: OldDesignator=C94 NewDesignator=C97
Change Component Designator: OldDesignator=C95 NewDesignator=C98
Change Component Designator: OldDesignator=C96 NewDesignator=C99
Change Component Designator: OldDesignator=C97 NewDesignator=C100
Change Component Designator: OldDesignator=C98 NewDesignator=C101
Change Component Designator: OldDesignator=C99 NewDesignator=C102
Change Component Designator: OldDesignator=C100 NewDesignator=C103
Change Component Designator: OldDesignator=C101 NewDesignator=C104
Change Component Designator: OldDesignator=C102 NewDesignator=C105
Change Component Designator: OldDesignator=C103 NewDesignator=C106
Change Component Designator: OldDesignator=C104 NewDesignator=C107
Change Component Designator: OldDesignator=C105 NewDesignator=C108
Change Component Designator: OldDesignator=C106 NewDesignator=C109
Change Component Designator: OldDesignator=C107 NewDesignator=C110
Change Component Designator: OldDesignator=C108 NewDesignator=C111
Change Component Designator: OldDesignator=C109 NewDesignator=C112
Change Component Designator: OldDesignator=C110 NewDesignator=C113
Change Component Designator: OldDesignator=C111 NewDesignator=C114
Change Component Designator: OldDesignator=C112 NewDesignator=C115
Change Component Designator: OldDesignator=C113 NewDesignator=C116
Change Component Designator: OldDesignator=C114 NewDesignator=C117
Change Component Designator: OldDesignator=C115 NewDesignator=C118
Change Component Designator: OldDesignator=C116 NewDesignator=C120
Change Component Designator: OldDesignator=C117 NewDesignator=C121
Change Component Designator: OldDesignator=C118 NewDesignator=C122
Change Component Designator: OldDesignator=C119 NewDesignator=C123
Change Component Designator: OldDesignator=C120 NewDesignator=C124
Change Component Designator: OldDesignator=C121 NewDesignator=C125
Change Component Designator: OldDesignator=C122 NewDesignator=C126
Change Component Designator: OldDesignator=C123 NewDesignator=C127
Change Component Designator: OldDesignator=C124 NewDesignator=C128
Change Component Designator: OldDesignator=C125 NewDesignator=C129
Added Component: Designator=C10_Ch0(CAPC1608X87N)
Add component (AddParameter): Name = "Author"; Value = "CERN DEM JLC"; VariantName = "[No Variations]"
Add component (AddParameter): Name = "Case"; Value = "0603"; VariantName = "[No Variations]"
Add component (AddParameter): Name = "Component Type"; Value = "Standard"; VariantName = "[No Variations]"
Add component (AddParameter): Name = "CreateDate"; Value = "03/12/2007"; VariantName = "[No Variations]"
Add component (AddParameter): Name = "HelpURL"; Value = "\\cern.ch\dfs\Applications\Altium\Datasheets\CC0603_X5R_KEMET.pdf"; VariantName = "[No Variations]"
Add component (AddParameter): Name = "LatestRevisionDate"; Value = "03/12/2007"; VariantName = "[No Variations]"
Add component (AddParameter): Name = "Manufacturer"; Value = "GENERIC"; VariantName = "[No Variations]"
Add component (AddParameter): Name = "Manufacturer1 ComponentHeight"; Value = "0.95mm"; VariantName = "[No Variations]"
Add component (AddParameter): Name = "Manufacturer1 Example"; Value = "KEMET"; VariantName = "[No Variations]"
Add component (AddParameter): Name = "Manufacturer1 Part Number"; Value = "C0603C106M9PAC"; VariantName = "[No Variations]"
Add component (AddParameter): Name = "Manufacturer Part Number"; Value = "CC0603_10uF_6.3V_20%_X5R"; VariantName = "[No Variations]"
Add component (AddParameter): Name = "Mounted"; Value = "Yes"; VariantName = "[No Variations]"
Add component (AddParameter): Name = "Part Description"; Value = "SMD Multilayer Chip Ceramic Capacitor"; VariantName = "[No Variations]"
Add component (AddParameter): Name = "Part Number"; Value = "CC0603_10UF_6.3V_20%_X5R"; VariantName = "[No Variations]"
Add component (AddParameter): Name = "Pin Count"; Value = "2"; VariantName = "[No Variations]"
Add component (AddParameter): Name = "Sense"; Value = "No"; VariantName = "[No Variations]"
Add component (AddParameter): Name = "SMD"; Value = "Yes"; VariantName = "[No Variations]"
Add component (AddParameter): Name = "Socket"; Value = "No"; VariantName = "[No Variations]"
Add component (AddParameter): Name = "Status"; Value = "Preferred"; VariantName = "[No Variations]"
Add component (AddParameter): Name = "TC"; Value = "X5R"; VariantName = "[No Variations]"
Add component (AddParameter): Name = "Tolerance"; Value = "±20%"; VariantName = "[No Variations]"
Add component (AddParameter): Name = "Value"; Value = "10uF"; VariantName = "[No Variations]"
Add component (AddParameter): Name = "Voltage"; Value = "6.3V"; VariantName = "[No Variations]"
Added Component: Designator=C10_Ch1(CAPC1608X87N)
Add component (AddParameter): Name = "Author"; Value = "CERN DEM JLC"; VariantName = "[No Variations]"
Add component (AddParameter): Name = "Case"; Value = "0603"; VariantName = "[No Variations]"
Add component (AddParameter): Name = "Component Type"; Value = "Standard"; VariantName = "[No Variations]"
Add component (AddParameter): Name = "CreateDate"; Value = "03/12/2007"; VariantName = "[No Variations]"
Add component (AddParameter): Name = "HelpURL"; Value = "\\cern.ch\dfs\Applications\Altium\Datasheets\CC0603_X5R_KEMET.pdf"; VariantName = "[No Variations]"
Add component (AddParameter): Name = "LatestRevisionDate"; Value = "03/12/2007"; VariantName = "[No Variations]"
Add component (AddParameter): Name = "Manufacturer"; Value = "GENERIC"; VariantName = "[No Variations]"
Add component (AddParameter): Name = "Manufacturer1 ComponentHeight"; Value = "0.95mm"; VariantName = "[No Variations]"
Add component (AddParameter): Name = "Manufacturer1 Example"; Value = "KEMET"; VariantName = "[No Variations]"
Add component (AddParameter): Name = "Manufacturer1 Part Number"; Value = "C0603C106M9PAC"; VariantName = "[No Variations]"
Add component (AddParameter): Name = "Manufacturer Part Number"; Value = "CC0603_10uF_6.3V_20%_X5R"; VariantName = "[No Variations]"
Add component (AddParameter): Name = "Mounted"; Value = "Yes"; VariantName = "[No Variations]"
Add component (AddParameter): Name = "Part Description"; Value = "SMD Multilayer Chip Ceramic Capacitor"; VariantName = "[No Variations]"
Add component (AddParameter): Name = "Part Number"; Value = "CC0603_10UF_6.3V_20%_X5R"; VariantName = "[No Variations]"
Add component (AddParameter): Name = "Pin Count"; Value = "2"; VariantName = "[No Variations]"
Add component (AddParameter): Name = "Sense"; Value = "No"; VariantName = "[No Variations]"
Add component (AddParameter): Name = "SMD"; Value = "Yes"; VariantName = "[No Variations]"
Add component (AddParameter): Name = "Socket"; Value = "No"; VariantName = "[No Variations]"
Add component (AddParameter): Name = "Status"; Value = "Preferred"; VariantName = "[No Variations]"
Add component (AddParameter): Name = "TC"; Value = "X5R"; VariantName = "[No Variations]"
Add component (AddParameter): Name = "Tolerance"; Value = "±20%"; VariantName = "[No Variations]"
Add component (AddParameter): Name = "Value"; Value = "10uF"; VariantName = "[No Variations]"
Add component (AddParameter): Name = "Voltage"; Value = "6.3V"; VariantName = "[No Variations]"
Added Component: Designator=C10_Ch2(CAPC1608X87N)
Add component (AddParameter): Name = "Author"; Value = "CERN DEM JLC"; VariantName = "[No Variations]"
Add component (AddParameter): Name = "Case"; Value = "0603"; VariantName = "[No Variations]"
Add component (AddParameter): Name = "Component Type"; Value = "Standard"; VariantName = "[No Variations]"
Add component (AddParameter): Name = "CreateDate"; Value = "03/12/2007"; VariantName = "[No Variations]"
Add component (AddParameter): Name = "HelpURL"; Value = "\\cern.ch\dfs\Applications\Altium\Datasheets\CC0603_X5R_KEMET.pdf"; VariantName = "[No Variations]"
Add component (AddParameter): Name = "LatestRevisionDate"; Value = "03/12/2007"; VariantName = "[No Variations]"
Add component (AddParameter): Name = "Manufacturer"; Value = "GENERIC"; VariantName = "[No Variations]"
Add component (AddParameter): Name = "Manufacturer1 ComponentHeight"; Value = "0.95mm"; VariantName = "[No Variations]"
Add component (AddParameter): Name = "Manufacturer1 Example"; Value = "KEMET"; VariantName = "[No Variations]"
Add component (AddParameter): Name = "Manufacturer1 Part Number"; Value = "C0603C106M9PAC"; VariantName = "[No Variations]"
Add component (AddParameter): Name = "Manufacturer Part Number"; Value = "CC0603_10uF_6.3V_20%_X5R"; VariantName = "[No Variations]"
Add component (AddParameter): Name = "Mounted"; Value = "Yes"; VariantName = "[No Variations]"
Add component (AddParameter): Name = "Part Description"; Value = "SMD Multilayer Chip Ceramic Capacitor"; VariantName = "[No Variations]"
Add component (AddParameter): Name = "Part Number"; Value = "CC0603_10UF_6.3V_20%_X5R"; VariantName = "[No Variations]"
Add component (AddParameter): Name = "Pin Count"; Value = "2"; VariantName = "[No Variations]"
Add component (AddParameter): Name = "Sense"; Value = "No"; VariantName = "[No Variations]"
Add component (AddParameter): Name = "SMD"; Value = "Yes"; VariantName = "[No Variations]"
Add component (AddParameter): Name = "Socket"; Value = "No"; VariantName = "[No Variations]"
Add component (AddParameter): Name = "Status"; Value = "Preferred"; VariantName = "[No Variations]"
Add component (AddParameter): Name = "TC"; Value = "X5R"; VariantName = "[No Variations]"
Add component (AddParameter): Name = "Tolerance"; Value = "±20%"; VariantName = "[No Variations]"
Add component (AddParameter): Name = "Value"; Value = "10uF"; VariantName = "[No Variations]"
Add component (AddParameter): Name = "Voltage"; Value = "6.3V"; VariantName = "[No Variations]"
Added Component: Designator=C10_Ch3(CAPC1608X87N)
Add component (AddParameter): Name = "Author"; Value = "CERN DEM JLC"; VariantName = "[No Variations]"
Add component (AddParameter): Name = "Case"; Value = "0603"; VariantName = "[No Variations]"
Add component (AddParameter): Name = "Component Type"; Value = "Standard"; VariantName = "[No Variations]"
Add component (AddParameter): Name = "CreateDate"; Value = "03/12/2007"; VariantName = "[No Variations]"
Add component (AddParameter): Name = "HelpURL"; Value = "\\cern.ch\dfs\Applications\Altium\Datasheets\CC0603_X5R_KEMET.pdf"; VariantName = "[No Variations]"
Add component (AddParameter): Name = "LatestRevisionDate"; Value = "03/12/2007"; VariantName = "[No Variations]"
Add component (AddParameter): Name = "Manufacturer"; Value = "GENERIC"; VariantName = "[No Variations]"
Add component (AddParameter): Name = "Manufacturer1 ComponentHeight"; Value = "0.95mm"; VariantName = "[No Variations]"
Add component (AddParameter): Name = "Manufacturer1 Example"; Value = "KEMET"; VariantName = "[No Variations]"
Add component (AddParameter): Name = "Manufacturer1 Part Number"; Value = "C0603C106M9PAC"; VariantName = "[No Variations]"
Add component (AddParameter): Name = "Manufacturer Part Number"; Value = "CC0603_10uF_6.3V_20%_X5R"; VariantName = "[No Variations]"
Add component (AddParameter): Name = "Mounted"; Value = "Yes"; VariantName = "[No Variations]"
Add component (AddParameter): Name = "Part Description"; Value = "SMD Multilayer Chip Ceramic Capacitor"; VariantName = "[No Variations]"
Add component (AddParameter): Name = "Part Number"; Value = "CC0603_10UF_6.3V_20%_X5R"; VariantName = "[No Variations]"
Add component (AddParameter): Name = "Pin Count"; Value = "2"; VariantName = "[No Variations]"
Add component (AddParameter): Name = "Sense"; Value = "No"; VariantName = "[No Variations]"
Add component (AddParameter): Name = "SMD"; Value = "Yes"; VariantName = "[No Variations]"
Add component (AddParameter): Name = "Socket"; Value = "No"; VariantName = "[No Variations]"
Add component (AddParameter): Name = "Status"; Value = "Preferred"; VariantName = "[No Variations]"
Add component (AddParameter): Name = "TC"; Value = "X5R"; VariantName = "[No Variations]"
Add component (AddParameter): Name = "Tolerance"; Value = "±20%"; VariantName = "[No Variations]"
Add component (AddParameter): Name = "Value"; Value = "10uF"; VariantName = "[No Variations]"
Add component (AddParameter): Name = "Voltage"; Value = "6.3V"; VariantName = "[No Variations]"
Added Component: Designator=C11_Ch0(CAPC0510X04N)
Add component (AddParameter): Name = "Value"; Value = "470nF"; VariantName = "[No Variations]"
Added Component: Designator=C11_Ch1(CAPC0510X04N)
Add component (AddParameter): Name = "Value"; Value = "470nF"; VariantName = "[No Variations]"
Added Component: Designator=C11_Ch2(CAPC0510X04N)
Add component (AddParameter): Name = "Value"; Value = "470nF"; VariantName = "[No Variations]"
Added Component: Designator=C11_Ch3(CAPC0510X04N)
Add component (AddParameter): Name = "Value"; Value = "470nF"; VariantName = "[No Variations]"
Added Component: Designator=C12_Ch0(LLL03TR61E333KE01)
Add component (AddParameter): Name = "Value"; Value = "33nF"; VariantName = "[No Variations]"
Added Component: Designator=C12_Ch1(LLL03TR61E333KE01)
Add component (AddParameter): Name = "Value"; Value = "33nF"; VariantName = "[No Variations]"
Added Component: Designator=C12_Ch2(LLL03TR61E333KE01)
Add component (AddParameter): Name = "Value"; Value = "33nF"; VariantName = "[No Variations]"
Added Component: Designator=C12_Ch3(LLL03TR61E333KE01)
Add component (AddParameter): Name = "Value"; Value = "33nF"; VariantName = "[No Variations]"
Added Component: Designator=C119(CAPC1005X55N)
Add component (AddParameter): Name = "Author"; Value = "CERN DEM JLC"; VariantName = "[No Variations]"
Add component (AddParameter): Name = "Case"; Value = "0402"; VariantName = "[No Variations]"
Add component (AddParameter): Name = "Component Type"; Value = "Standard"; VariantName = "[No Variations]"
Add component (AddParameter): Name = "CreateDate"; Value = "10/25/2012"; VariantName = "[No Variations]"
Add component (AddParameter): Name = "HelpURL"; Value = "\\cern.ch\dfs\Applications\Altium\Datasheets\CC0402_X5R_TDK_C.pdf"; VariantName = "[No Variations]"
Add component (AddParameter): Name = "LatestRevisionDate"; Value = "10/25/2012"; VariantName = "[No Variations]"
Add component (AddParameter): Name = "Manufacturer"; Value = "GENERIC"; VariantName = "[No Variations]"
Add component (AddParameter): Name = "Manufacturer1 ComponentHeight"; Value = "0.55mm"; VariantName = "[No Variations]"
Add component (AddParameter): Name = "Manufacturer1 Example"; Value = "TDK"; VariantName = "[No Variations]"
Add component (AddParameter): Name = "Manufacturer1 Part Number"; Value = "C1005X5R1C105KT"; VariantName = "[No Variations]"
Add component (AddParameter): Name = "Manufacturer Part Number"; Value = "CC0402_1UF_16V_10%_X5R"; VariantName = "[No Variations]"
Add component (AddParameter): Name = "Mounted"; Value = "Yes"; VariantName = "[No Variations]"
Add component (AddParameter): Name = "Part Description"; Value = "SMD Multilayer Chip Ceramic Capacitor"; VariantName = "[No Variations]"
Add component (AddParameter): Name = "Part Number"; Value = "CC0402_1UF_16V_10%_X5R"; VariantName = "[No Variations]"
Add component (AddParameter): Name = "Pin Count"; Value = "2"; VariantName = "[No Variations]"
Add component (AddParameter): Name = "Sense"; Value = "No"; VariantName = "[No Variations]"
Add component (AddParameter): Name = "SMD"; Value = "Yes"; VariantName = "[No Variations]"
Add component (AddParameter): Name = "Socket"; Value = "No"; VariantName = "[No Variations]"
Add component (AddParameter): Name = "Status"; Value = "Preferred"; VariantName = "[No Variations]"
Add component (AddParameter): Name = "TC"; Value = "X5R"; VariantName = "[No Variations]"
Add component (AddParameter): Name = "Tolerance"; Value = "±10%"; VariantName = "[No Variations]"
Add component (AddParameter): Name = "Value"; Value = "1uF"; VariantName = "[No Variations]"
Add component (AddParameter): Name = "Voltage"; Value = "16V"; VariantName = "[No Variations]"
Added Pin To Net: NetName=GND Pin=C10_Ch0-1
Added Pin To Net: NetName=1V8 Pin=C10_Ch0-2
Added Pin To Net: NetName=GND Pin=C10_Ch1-1
Added Pin To Net: NetName=1V8 Pin=C10_Ch1-2
Added Pin To Net: NetName=GND Pin=C10_Ch2-1
Added Pin To Net: NetName=1V8 Pin=C10_Ch2-2
Added Pin To Net: NetName=GND Pin=C10_Ch3-1
Added Pin To Net: NetName=1V8 Pin=C10_Ch3-2
Added Pin To Net: NetName=GND Pin=C11_Ch0-1
Added Pin To Net: NetName=1V8 Pin=C11_Ch0-2
Added Pin To Net: NetName=GND Pin=C11_Ch1-1
Added Pin To Net: NetName=1V8 Pin=C11_Ch1-2
Added Pin To Net: NetName=GND Pin=C11_Ch2-1
Added Pin To Net: NetName=1V8 Pin=C11_Ch2-2
Added Pin To Net: NetName=GND Pin=C11_Ch3-1
Added Pin To Net: NetName=1V8 Pin=C11_Ch3-2
Added Pin To Net: NetName=GND Pin=C12_Ch0-1
Added Pin To Net: NetName=1V8 Pin=C12_Ch0-2
Added Pin To Net: NetName=GND Pin=C12_Ch1-1
Added Pin To Net: NetName=1V8 Pin=C12_Ch1-2
Added Pin To Net: NetName=GND Pin=C12_Ch2-1
Added Pin To Net: NetName=1V8 Pin=C12_Ch2-2
Added Pin To Net: NetName=GND Pin=C12_Ch3-1
Added Pin To Net: NetName=1V8 Pin=C12_Ch3-2
Added Pin To Net: NetName=GND Pin=C119-1
Added Pin To Net: NetName=1V8 Pin=C119-2
Change Net Name : Old Net Name=NetC32_Ch0_2 New Net Name=NetC35_Ch0_2
Change Net Name : Old Net Name=NetC32_Ch1_2 New Net Name=NetC35_Ch1_2
Change Net Name : Old Net Name=NetC32_Ch2_2 New Net Name=NetC35_Ch2_2
Change Net Name : Old Net Name=NetC32_Ch3_2 New Net Name=NetC35_Ch3_2
Change Net Name : Old Net Name=NetC35_Ch0_2 New Net Name=NetC38_Ch0_2
Change Net Name : Old Net Name=NetC35_Ch1_2 New Net Name=NetC38_Ch1_2
Change Net Name : Old Net Name=NetC35_Ch2_2 New Net Name=NetC38_Ch2_2
Change Net Name : Old Net Name=NetC35_Ch3_2 New Net Name=NetC38_Ch3_2
Change Net Name : Old Net Name=NetC36_Ch0_1 New Net Name=NetC39_Ch0_1
Change Net Name : Old Net Name=NetC36_Ch0_2 New Net Name=NetC39_Ch0_2
Change Net Name : Old Net Name=NetC36_Ch1_1 New Net Name=NetC39_Ch1_1
Change Net Name : Old Net Name=NetC36_Ch1_2 New Net Name=NetC39_Ch1_2
Change Net Name : Old Net Name=NetC36_Ch2_1 New Net Name=NetC39_Ch2_1
Change Net Name : Old Net Name=NetC36_Ch2_2 New Net Name=NetC39_Ch2_2
Change Net Name : Old Net Name=NetC36_Ch3_1 New Net Name=NetC39_Ch3_1
Change Net Name : Old Net Name=NetC36_Ch3_2 New Net Name=NetC39_Ch3_2
Change Net Name : Old Net Name=NetC40_2 New Net Name=NetC43_2
Change Net Name : Old Net Name=NetC41_2 New Net Name=NetC44_2
Change Net Name : Old Net Name=NetC43_2 New Net Name=NetC46_2
Change Net Name : Old Net Name=NetC44_1 New Net Name=NetC47_1
Change Net Name : Old Net Name=NetC44_2 New Net Name=NetC47_2
Change Net Name : Old Net Name=NetC52_2 New Net Name=NetC55_2
Change Net Name : Old Net Name=NetC53_2 New Net Name=NetC56_2
Change Net Name : Old Net Name=NetC55_2 New Net Name=NetC58_2
Change Net Name : Old Net Name=NetC56_2 New Net Name=NetC59_2
Change Net Name : Old Net Name=NetC59_2 New Net Name=NetC62_2
Change Net Name : Old Net Name=NetC60_2 New Net Name=NetC63_2
Change Net Name : Old Net Name=NetC62_2 New Net Name=NetC65_2
Change Net Name : Old Net Name=NetC91_2 New Net Name=NetC94_2
Change Net Name : Old Net Name=NetC96_2 New Net Name=NetC99_2
Change Net Name : Old Net Name=NetC109_2 New Net Name=NetC112_2
Added Member To Class: ClassName=U_PLL Member=Component C127 10uF
Add Class Member: Failed to add class member : Ch0 (Channel.SchDoc)
Add Class Member: Failed to add class member : Ch1 (Channel.SchDoc)
Add Class Member: Failed to add class member : Ch2 (Channel.SchDoc)
Add Class Member: Failed to add class member : Ch3 (Channel.SchDoc)
