Removed Pin From Net: NetName=LOL_Ch1 Pin=U6-13
Removed Pin From Net: NetName=LOL_Ch0 Pin=U6-15
Removed Pin From Net: NetName=LOL_Ch3 Pin=U7-13
Removed Pin From Net: NetName=LOL_Ch2 Pin=U7-15
Remove Class Member: Failed to remove class member
Remove Class Member: Failed to remove class member
Remove Class Member: Failed to remove class member
Remove Class Member: Failed to remove class member
Added Pin To Net: NetName=LOL_Ch1 Pin=U6-12
Added Pin To Net: NetName=LOL_Ch0 Pin=U6-14
Added Pin To Net: NetName=LOL_Ch3 Pin=U7-12
Added Pin To Net: NetName=LOL_Ch2 Pin=U7-14
Change Net Color : Old Net Color=RGB(161, 0, 106) New Net Color=Black
Change Net Color : Old Net Color=RGB(161, 0, 106) New Net Color=Black
Change Net Color : Old Net Color=RGB(161, 0, 106) New Net Color=Black
Change Net Color : Old Net Color=RGB(161, 0, 106) New Net Color=Black
Change Net Color : Old Net Color=RGB(161, 0, 106) New Net Color=Black
Added Pin To Net: NetName=LOS_Ch0 Pin=R8_Ch0-1
Added Pin To Net: NetName=LOS_Ch0 Pin=U1_Ch0-22
Added Pin To Net: NetName=LOS_Ch0 Pin=U6-15
Added Net: Name=LOS_Ch0
Added Pin To Net: NetName=LOS_Ch1 Pin=R8_Ch1-1
Added Pin To Net: NetName=LOS_Ch1 Pin=U1_Ch1-22
Added Pin To Net: NetName=LOS_Ch1 Pin=U6-13
Added Net: Name=LOS_Ch1
Added Pin To Net: NetName=LOS_Ch2 Pin=R8_Ch2-1
Added Pin To Net: NetName=LOS_Ch2 Pin=U1_Ch2-22
Added Pin To Net: NetName=LOS_Ch2 Pin=U7-15
Added Net: Name=LOS_Ch2
Added Pin To Net: NetName=LOS_Ch3 Pin=R8_Ch3-1
Added Pin To Net: NetName=LOS_Ch3 Pin=U1_Ch3-22
Added Pin To Net: NetName=LOS_Ch3 Pin=U7-13
Added Net: Name=LOS_Ch3
Add Class Member: Failed to add class member : Ch0 (Channel.SchDoc)
Add Class Member: Failed to add class member : Ch1 (Channel.SchDoc)
Add Class Member: Failed to add class member : Ch2 (Channel.SchDoc)
Add Class Member: Failed to add class member : Ch3 (Channel.SchDoc)
