Remove Class Member: Failed to remove class member
Remove Class Member: Failed to remove class member
Remove Class Member: Failed to remove class member
Remove Class Member: Failed to remove class member
Change Component DesignItemId : Designator=C40 Old DesignItemId=CC0201_100NF_6.3V_10%_X5R New DesignItemId=C-100nF-0201-high-density
Change Component DesignItemId : Designator=C47 Old DesignItemId=CC0201_100NF_6.3V_10%_X5R New DesignItemId=C-100nF-0201-high-density
Change Component DesignItemId : Designator=C49 Old DesignItemId=CC0201_100NF_6.3V_10%_X5R New DesignItemId=C-100nF-0201-high-density
Change Component DesignItemId : Designator=C50 Old DesignItemId=CC0201_100NF_6.3V_10%_X5R New DesignItemId=C-100nF-0201-high-density
Change Component DesignItemId : Designator=C80 Old DesignItemId=CC0201_100NF_6.3V_10%_X5R New DesignItemId=C-100nF-0201-high-density
Change Component DesignItemId : Designator=C81 Old DesignItemId=CC0201_100NF_6.3V_10%_X5R New DesignItemId=C-100nF-0201-high-density
Change Component DesignItemId : Designator=C82 Old DesignItemId=CC0201_100NF_6.3V_10%_X5R New DesignItemId=C-100nF-0201-high-density
Change Component DesignItemId : Designator=C83 Old DesignItemId=CC0201_100NF_6.3V_10%_X5R New DesignItemId=C-100nF-0201-high-density
Change Component DesignItemId : Designator=C84 Old DesignItemId=CC0201_100NF_6.3V_10%_X5R New DesignItemId=C-100nF-0201-high-density
Change Component DesignItemId : Designator=C85 Old DesignItemId=CC0201_100NF_6.3V_10%_X5R New DesignItemId=C-100nF-0201-high-density
Change Component DesignItemId : Designator=C86 Old DesignItemId=CC0201_100NF_6.3V_10%_X5R New DesignItemId=C-100nF-0201-high-density
Change Component DesignItemId : Designator=C87 Old DesignItemId=CC0201_100NF_6.3V_10%_X5R New DesignItemId=C-100nF-0201-high-density
Change Component DesignItemId : Designator=C88 Old DesignItemId=CC0201_100NF_6.3V_10%_X5R New DesignItemId=C-100nF-0201-high-density
Change Component DesignItemId : Designator=C89 Old DesignItemId=CC0201_100NF_6.3V_10%_X5R New DesignItemId=C-100nF-0201-high-density
Change Component DesignItemId : Designator=C90 Old DesignItemId=CC0201_100NF_6.3V_10%_X5R New DesignItemId=C-100nF-0201-high-density
Change Component DesignItemId : Designator=C91 Old DesignItemId=CC0201_100NF_6.3V_10%_X5R New DesignItemId=C-100nF-0201-high-density
Change Component DesignItemId : Designator=C92 Old DesignItemId=CC0201_100NF_6.3V_10%_X5R New DesignItemId=C-100nF-0201-high-density
Change Component DesignItemId : Designator=C93 Old DesignItemId=CC0201_100NF_6.3V_10%_X5R New DesignItemId=C-100nF-0201-high-density
Change Component DesignItemId : Designator=C95 Old DesignItemId=CC0201_100NF_6.3V_10%_X5R New DesignItemId=C-100nF-0201-high-density
Change Component DesignItemId : Designator=C96 Old DesignItemId=CC0201_100NF_6.3V_10%_X5R New DesignItemId=C-100nF-0201-high-density
Change Component DesignItemId : Designator=C97 Old DesignItemId=CC0201_100NF_6.3V_10%_X5R New DesignItemId=C-100nF-0201-high-density
Change Component DesignItemId : Designator=C98 Old DesignItemId=CC0201_100NF_6.3V_10%_X5R New DesignItemId=C-100nF-0201-high-density
Change Component DesignItemId : Designator=C23_Ch0 Old DesignItemId=CC0201_100NF_6.3V_10%_X7R New DesignItemId=C-100nF-0201-high-density
Change Component DesignItemId : Designator=C23_Ch1 Old DesignItemId=CC0201_100NF_6.3V_10%_X7R New DesignItemId=C-100nF-0201-high-density
Change Component DesignItemId : Designator=C23_Ch2 Old DesignItemId=CC0201_100NF_6.3V_10%_X7R New DesignItemId=C-100nF-0201-high-density
Change Component DesignItemId : Designator=C23_Ch3 Old DesignItemId=CC0201_100NF_6.3V_10%_X7R New DesignItemId=C-100nF-0201-high-density
Change Component DesignItemId : Designator=C31_Ch0 Old DesignItemId=CC0201_100NF_6.3V_10%_X7R New DesignItemId=C-100nF-0201-high-density
Change Component DesignItemId : Designator=C31_Ch1 Old DesignItemId=CC0201_100NF_6.3V_10%_X7R New DesignItemId=C-100nF-0201-high-density
Change Component DesignItemId : Designator=C31_Ch2 Old DesignItemId=CC0201_100NF_6.3V_10%_X7R New DesignItemId=C-100nF-0201-high-density
Change Component DesignItemId : Designator=C31_Ch3 Old DesignItemId=CC0201_100NF_6.3V_10%_X7R New DesignItemId=C-100nF-0201-high-density
Change Component DesignItemId : Designator=C35_Ch0 Old DesignItemId=CC0201_100NF_6.3V_10%_X7R New DesignItemId=C-100nF-0201-high-density
Change Component DesignItemId : Designator=C35_Ch1 Old DesignItemId=CC0201_100NF_6.3V_10%_X7R New DesignItemId=C-100nF-0201-high-density
Change Component DesignItemId : Designator=C35_Ch2 Old DesignItemId=CC0201_100NF_6.3V_10%_X7R New DesignItemId=C-100nF-0201-high-density
Change Component DesignItemId : Designator=C35_Ch3 Old DesignItemId=CC0201_100NF_6.3V_10%_X7R New DesignItemId=C-100nF-0201-high-density
Change Component DesignItemId : Designator=C36_Ch0 Old DesignItemId=CC0201_100NF_6.3V_10%_X7R New DesignItemId=C-100nF-0201-high-density
Change Component DesignItemId : Designator=C36_Ch1 Old DesignItemId=CC0201_100NF_6.3V_10%_X7R New DesignItemId=C-100nF-0201-high-density
Change Component DesignItemId : Designator=C36_Ch2 Old DesignItemId=CC0201_100NF_6.3V_10%_X7R New DesignItemId=C-100nF-0201-high-density
Change Component DesignItemId : Designator=C36_Ch3 Old DesignItemId=CC0201_100NF_6.3V_10%_X7R New DesignItemId=C-100nF-0201-high-density
Change Component DesignItemId : Designator=C37_Ch0 Old DesignItemId=CC0201_100NF_6.3V_10%_X7R New DesignItemId=C-100nF-0201-high-density
Change Component DesignItemId : Designator=C37_Ch1 Old DesignItemId=CC0201_100NF_6.3V_10%_X7R New DesignItemId=C-100nF-0201-high-density
Change Component DesignItemId : Designator=C37_Ch2 Old DesignItemId=CC0201_100NF_6.3V_10%_X7R New DesignItemId=C-100nF-0201-high-density
Change Component DesignItemId : Designator=C37_Ch3 Old DesignItemId=CC0201_100NF_6.3V_10%_X7R New DesignItemId=C-100nF-0201-high-density
Change Component DesignItemId : Designator=C68 Old DesignItemId=CC0201_100NF_6.3V_10%_X7R New DesignItemId=C-100nF-0201-high-density
Change Component DesignItemId : Designator=C70 Old DesignItemId=CC0201_100NF_6.3V_10%_X7R New DesignItemId=C-100nF-0201-high-density
Change Component DesignItemId : Designator=C71 Old DesignItemId=CC0201_100NF_6.3V_10%_X7R New DesignItemId=C-100nF-0201-high-density
Change Component DesignItemId : Designator=C73 Old DesignItemId=CC0201_100NF_6.3V_10%_X7R New DesignItemId=C-100nF-0201-high-density
Change Component DesignItemId : Designator=C74 Old DesignItemId=CC0201_100NF_6.3V_10%_X7R New DesignItemId=C-100nF-0201-high-density
Change Component DesignItemId : Designator=C76 Old DesignItemId=CC0201_100NF_6.3V_10%_X7R New DesignItemId=C-100nF-0201-high-density
Change Component DesignItemId : Designator=C77 Old DesignItemId=CC0201_100NF_6.3V_10%_X7R New DesignItemId=C-100nF-0201-high-density
Change Component DesignItemId : Designator=C79 Old DesignItemId=CC0201_100NF_6.3V_10%_X7R New DesignItemId=C-100nF-0201-high-density
Change Component DesignItemId : Designator=C94 Old DesignItemId=CC0201_100NF_6.3V_10%_X7R New DesignItemId=C-100nF-0201-high-density
Change Component DesignItemId : Designator=C99 Old DesignItemId=CC0201_100NF_6.3V_10%_X7R New DesignItemId=C-100nF-0201-high-density
Change Component DesignItemId : Designator=C100 Old DesignItemId=CC0201_100NF_6.3V_10%_X7R New DesignItemId=C-100nF-0201-high-density
Change Component DesignItemId : Designator=C101 Old DesignItemId=CC0201_100NF_6.3V_10%_X7R New DesignItemId=C-100nF-0201-high-density
Change Component DesignItemId : Designator=C102 Old DesignItemId=CC0201_100NF_6.3V_10%_X7R New DesignItemId=C-100nF-0201-high-density
Change Component DesignItemId : Designator=C103 Old DesignItemId=CC0201_100NF_6.3V_10%_X7R New DesignItemId=C-100nF-0201-high-density
Change Component DesignItemId : Designator=C104 Old DesignItemId=CC0201_100NF_6.3V_10%_X7R New DesignItemId=C-100nF-0201-high-density
Change Component DesignItemId : Designator=C105 Old DesignItemId=CC0201_100NF_6.3V_10%_X7R New DesignItemId=C-100nF-0201-high-density
Change Component DesignItemId : Designator=C106 Old DesignItemId=CC0201_100NF_6.3V_10%_X7R New DesignItemId=C-100nF-0201-high-density
Change Component DesignItemId : Designator=C107 Old DesignItemId=CC0201_100NF_6.3V_10%_X7R New DesignItemId=C-100nF-0201-high-density
Change Component DesignItemId : Designator=C108 Old DesignItemId=CC0201_100NF_6.3V_10%_X7R New DesignItemId=C-100nF-0201-high-density
Change Component DesignItemId : Designator=C109 Old DesignItemId=CC0201_100NF_6.3V_10%_X7R New DesignItemId=C-100nF-0201-high-density
Change Component DesignItemId : Designator=C110 Old DesignItemId=CC0201_100NF_6.3V_10%_X7R New DesignItemId=C-100nF-0201-high-density
Change Component DesignItemId : Designator=C111 Old DesignItemId=CC0201_100NF_6.3V_10%_X7R New DesignItemId=C-100nF-0201-high-density
Change Component DesignItemId : Designator=C117 Old DesignItemId=CC0201_100NF_6.3V_10%_X7R New DesignItemId=C-100nF-0201-high-density
Change Component DesignItemId : Designator=C118 Old DesignItemId=CC0201_100NF_6.3V_10%_X7R New DesignItemId=C-100nF-0201-high-density
Change Component Footprint: Designator=C23_Ch0 Old Footprint=CAPC0603X33N New Footprint=MURATA_HI_DENSITY_0201
Change Component Footprint: Designator=C23_Ch1 Old Footprint=CAPC0603X33N New Footprint=MURATA_HI_DENSITY_0201
Change Component Footprint: Designator=C23_Ch2 Old Footprint=CAPC0603X33N New Footprint=MURATA_HI_DENSITY_0201
Change Component Footprint: Designator=C23_Ch3 Old Footprint=CAPC0603X33N New Footprint=MURATA_HI_DENSITY_0201
Change Component Footprint: Designator=C31_Ch0 Old Footprint=CAPC0603X33N New Footprint=MURATA_HI_DENSITY_0201
Change Component Footprint: Designator=C31_Ch1 Old Footprint=CAPC0603X33N New Footprint=MURATA_HI_DENSITY_0201
Change Component Footprint: Designator=C31_Ch2 Old Footprint=CAPC0603X33N New Footprint=MURATA_HI_DENSITY_0201
Change Component Footprint: Designator=C31_Ch3 Old Footprint=CAPC0603X33N New Footprint=MURATA_HI_DENSITY_0201
Change Component Footprint: Designator=C35_Ch0 Old Footprint=CAPC0603X33N New Footprint=MURATA_HI_DENSITY_0201
Change Component Footprint: Designator=C35_Ch1 Old Footprint=CAPC0603X33N New Footprint=MURATA_HI_DENSITY_0201
Change Component Footprint: Designator=C35_Ch2 Old Footprint=CAPC0603X33N New Footprint=MURATA_HI_DENSITY_0201
Change Component Footprint: Designator=C35_Ch3 Old Footprint=CAPC0603X33N New Footprint=MURATA_HI_DENSITY_0201
Change Component Footprint: Designator=C36_Ch0 Old Footprint=CAPC0603X33N New Footprint=MURATA_HI_DENSITY_0201
Change Component Footprint: Designator=C36_Ch1 Old Footprint=CAPC0603X33N New Footprint=MURATA_HI_DENSITY_0201
Change Component Footprint: Designator=C36_Ch2 Old Footprint=CAPC0603X33N New Footprint=MURATA_HI_DENSITY_0201
Change Component Footprint: Designator=C36_Ch3 Old Footprint=CAPC0603X33N New Footprint=MURATA_HI_DENSITY_0201
Change Component Footprint: Designator=C37_Ch0 Old Footprint=CAPC0603X33N New Footprint=MURATA_HI_DENSITY_0201
Change Component Footprint: Designator=C37_Ch1 Old Footprint=CAPC0603X33N New Footprint=MURATA_HI_DENSITY_0201
Change Component Footprint: Designator=C37_Ch2 Old Footprint=CAPC0603X33N New Footprint=MURATA_HI_DENSITY_0201
Change Component Footprint: Designator=C37_Ch3 Old Footprint=CAPC0603X33N New Footprint=MURATA_HI_DENSITY_0201
Change Component Footprint: Designator=C40 Old Footprint=CAPC0603X33N New Footprint=MURATA_HI_DENSITY_0201
Change Component Footprint: Designator=C47 Old Footprint=CAPC0603X33N New Footprint=MURATA_HI_DENSITY_0201
Change Component Footprint: Designator=C49 Old Footprint=CAPC0603X33N New Footprint=MURATA_HI_DENSITY_0201
Change Component Footprint: Designator=C50 Old Footprint=CAPC0603X33N New Footprint=MURATA_HI_DENSITY_0201
Change Component Footprint: Designator=C68 Old Footprint=CAPC0603X33N New Footprint=MURATA_HI_DENSITY_0201
Change Component Footprint: Designator=C70 Old Footprint=CAPC0603X33N New Footprint=MURATA_HI_DENSITY_0201
Change Component Footprint: Designator=C71 Old Footprint=CAPC0603X33N New Footprint=MURATA_HI_DENSITY_0201
Change Component Footprint: Designator=C73 Old Footprint=CAPC0603X33N New Footprint=MURATA_HI_DENSITY_0201
Change Component Footprint: Designator=C74 Old Footprint=CAPC0603X33N New Footprint=MURATA_HI_DENSITY_0201
Change Component Footprint: Designator=C76 Old Footprint=CAPC0603X33N New Footprint=MURATA_HI_DENSITY_0201
Change Component Footprint: Designator=C77 Old Footprint=CAPC0603X33N New Footprint=MURATA_HI_DENSITY_0201
Change Component Footprint: Designator=C79 Old Footprint=CAPC0603X33N New Footprint=MURATA_HI_DENSITY_0201
Change Component Footprint: Designator=C80 Old Footprint=CAPC0603X33N New Footprint=MURATA_HI_DENSITY_0201
Change Component Footprint: Designator=C81 Old Footprint=CAPC0603X33N New Footprint=MURATA_HI_DENSITY_0201
Change Component Footprint: Designator=C82 Old Footprint=CAPC0603X33N New Footprint=MURATA_HI_DENSITY_0201
Change Component Footprint: Designator=C83 Old Footprint=CAPC0603X33N New Footprint=MURATA_HI_DENSITY_0201
Change Component Footprint: Designator=C84 Old Footprint=CAPC0603X33N New Footprint=MURATA_HI_DENSITY_0201
Change Component Footprint: Designator=C85 Old Footprint=CAPC0603X33N New Footprint=MURATA_HI_DENSITY_0201
Change Component Footprint: Designator=C86 Old Footprint=CAPC0603X33N New Footprint=MURATA_HI_DENSITY_0201
Change Component Footprint: Designator=C87 Old Footprint=CAPC0603X33N New Footprint=MURATA_HI_DENSITY_0201
Change Component Footprint: Designator=C88 Old Footprint=CAPC0603X33N New Footprint=MURATA_HI_DENSITY_0201
Change Component Footprint: Designator=C89 Old Footprint=CAPC0603X33N New Footprint=MURATA_HI_DENSITY_0201
Change Component Footprint: Designator=C90 Old Footprint=CAPC0603X33N New Footprint=MURATA_HI_DENSITY_0201
Change Component Footprint: Designator=C91 Old Footprint=CAPC0603X33N New Footprint=MURATA_HI_DENSITY_0201
Change Component Footprint: Designator=C92 Old Footprint=CAPC0603X33N New Footprint=MURATA_HI_DENSITY_0201
Change Component Footprint: Designator=C93 Old Footprint=CAPC0603X33N New Footprint=MURATA_HI_DENSITY_0201
Change Component Footprint: Designator=C94 Old Footprint=CAPC0603X33N New Footprint=MURATA_HI_DENSITY_0201
Change Component Footprint: Designator=C95 Old Footprint=CAPC0603X33N New Footprint=MURATA_HI_DENSITY_0201
Change Component Footprint: Designator=C96 Old Footprint=CAPC0603X33N New Footprint=MURATA_HI_DENSITY_0201
Change Component Footprint: Designator=C97 Old Footprint=CAPC0603X33N New Footprint=MURATA_HI_DENSITY_0201
Change Component Footprint: Designator=C98 Old Footprint=CAPC0603X33N New Footprint=MURATA_HI_DENSITY_0201
Change Component Footprint: Designator=C99 Old Footprint=CAPC0603X33N New Footprint=MURATA_HI_DENSITY_0201
Change Component Footprint: Designator=C100 Old Footprint=CAPC0603X33N New Footprint=MURATA_HI_DENSITY_0201
Change Component Footprint: Designator=C101 Old Footprint=CAPC0603X33N New Footprint=MURATA_HI_DENSITY_0201
Change Component Footprint: Designator=C102 Old Footprint=CAPC0603X33N New Footprint=MURATA_HI_DENSITY_0201
Change Component Footprint: Designator=C103 Old Footprint=CAPC0603X33N New Footprint=MURATA_HI_DENSITY_0201
Change Component Footprint: Designator=C104 Old Footprint=CAPC0603X33N New Footprint=MURATA_HI_DENSITY_0201
Change Component Footprint: Designator=C105 Old Footprint=CAPC0603X33N New Footprint=MURATA_HI_DENSITY_0201
Change Component Footprint: Designator=C106 Old Footprint=CAPC0603X33N New Footprint=MURATA_HI_DENSITY_0201
Change Component Footprint: Designator=C107 Old Footprint=CAPC0603X33N New Footprint=MURATA_HI_DENSITY_0201
Change Component Footprint: Designator=C108 Old Footprint=CAPC0603X33N New Footprint=MURATA_HI_DENSITY_0201
Change Component Footprint: Designator=C109 Old Footprint=CAPC0603X33N New Footprint=MURATA_HI_DENSITY_0201
Change Component Footprint: Designator=C110 Old Footprint=CAPC0603X33N New Footprint=MURATA_HI_DENSITY_0201
Change Component Footprint: Designator=C111 Old Footprint=CAPC0603X33N New Footprint=MURATA_HI_DENSITY_0201
Change Component Footprint: Designator=C117 Old Footprint=CAPC0603X33N New Footprint=MURATA_HI_DENSITY_0201
Change Component Footprint: Designator=C118 Old Footprint=CAPC0603X33N New Footprint=MURATA_HI_DENSITY_0201
Change Component Description : Designator=C23_Ch0 Old Description=Non-polarised capacitor New Description=GRM033R61C104KE14
Change Component Description : Designator=C23_Ch1 Old Description=Non-polarised capacitor New Description=GRM033R61C104KE14
Change Component Description : Designator=C23_Ch2 Old Description=Non-polarised capacitor New Description=GRM033R61C104KE14
Change Component Description : Designator=C23_Ch3 Old Description=Non-polarised capacitor New Description=GRM033R61C104KE14
Change Component Description : Designator=C31_Ch0 Old Description=Non-polarised capacitor New Description=GRM033R61C104KE14
Change Component Description : Designator=C31_Ch1 Old Description=Non-polarised capacitor New Description=GRM033R61C104KE14
Change Component Description : Designator=C31_Ch2 Old Description=Non-polarised capacitor New Description=GRM033R61C104KE14
Change Component Description : Designator=C31_Ch3 Old Description=Non-polarised capacitor New Description=GRM033R61C104KE14
Change Component Description : Designator=C35_Ch0 Old Description=Non-polarised capacitor New Description=GRM033R61C104KE14
Change Component Description : Designator=C35_Ch1 Old Description=Non-polarised capacitor New Description=GRM033R61C104KE14
Change Component Description : Designator=C35_Ch2 Old Description=Non-polarised capacitor New Description=GRM033R61C104KE14
Change Component Description : Designator=C35_Ch3 Old Description=Non-polarised capacitor New Description=GRM033R61C104KE14
Change Component Description : Designator=C36_Ch0 Old Description=Non-polarised capacitor New Description=GRM033R61C104KE14
Change Component Description : Designator=C36_Ch1 Old Description=Non-polarised capacitor New Description=GRM033R61C104KE14
Change Component Description : Designator=C36_Ch2 Old Description=Non-polarised capacitor New Description=GRM033R61C104KE14
Change Component Description : Designator=C36_Ch3 Old Description=Non-polarised capacitor New Description=GRM033R61C104KE14
Change Component Description : Designator=C37_Ch0 Old Description=Non-polarised capacitor New Description=GRM033R61C104KE14
Change Component Description : Designator=C37_Ch1 Old Description=Non-polarised capacitor New Description=GRM033R61C104KE14
Change Component Description : Designator=C37_Ch2 Old Description=Non-polarised capacitor New Description=GRM033R61C104KE14
Change Component Description : Designator=C37_Ch3 Old Description=Non-polarised capacitor New Description=GRM033R61C104KE14
Change Component Description : Designator=C68 Old Description=Non-polarised capacitor New Description=GRM033R61C104KE14
Change Component Description : Designator=C70 Old Description=Non-polarised capacitor New Description=GRM033R61C104KE14
Change Component Description : Designator=C71 Old Description=Non-polarised capacitor New Description=GRM033R61C104KE14
Change Component Description : Designator=C73 Old Description=Non-polarised capacitor New Description=GRM033R61C104KE14
Change Component Description : Designator=C74 Old Description=Non-polarised capacitor New Description=GRM033R61C104KE14
Change Component Description : Designator=C76 Old Description=Non-polarised capacitor New Description=GRM033R61C104KE14
Change Component Description : Designator=C77 Old Description=Non-polarised capacitor New Description=GRM033R61C104KE14
Change Component Description : Designator=C79 Old Description=Non-polarised capacitor New Description=GRM033R61C104KE14
Change Component Description : Designator=C94 Old Description=Non-polarised capacitor New Description=GRM033R61C104KE14
Change Component Description : Designator=C99 Old Description=Non-polarised capacitor New Description=GRM033R61C104KE14
Change Component Description : Designator=C100 Old Description=Non-polarised capacitor New Description=GRM033R61C104KE14
Change Component Description : Designator=C101 Old Description=Non-polarised capacitor New Description=GRM033R61C104KE14
Change Component Description : Designator=C102 Old Description=Non-polarised capacitor New Description=GRM033R61C104KE14
Change Component Description : Designator=C103 Old Description=Non-polarised capacitor New Description=GRM033R61C104KE14
Change Component Description : Designator=C104 Old Description=Non-polarised capacitor New Description=GRM033R61C104KE14
Change Component Description : Designator=C105 Old Description=Non-polarised capacitor New Description=GRM033R61C104KE14
Change Component Description : Designator=C106 Old Description=Non-polarised capacitor New Description=GRM033R61C104KE14
Change Component Description : Designator=C107 Old Description=Non-polarised capacitor New Description=GRM033R61C104KE14
Change Component Description : Designator=C108 Old Description=Non-polarised capacitor New Description=GRM033R61C104KE14
Change Component Description : Designator=C109 Old Description=Non-polarised capacitor New Description=GRM033R61C104KE14
Change Component Description : Designator=C110 Old Description=Non-polarised capacitor New Description=GRM033R61C104KE14
Change Component Description : Designator=C111 Old Description=Non-polarised capacitor New Description=GRM033R61C104KE14
Change Component Description : Designator=C117 Old Description=Non-polarised capacitor New Description=GRM033R61C104KE14
Change Component Description : Designator=C118 Old Description=Non-polarised capacitor New Description=GRM033R61C104KE14
Change Component Library : Designator=C23_Ch0 Old Library=Capacitors.DbLib New Library=schLib.SchLib
Change Component Library : Designator=C23_Ch1 Old Library=Capacitors.DbLib New Library=schLib.SchLib
Change Component Library : Designator=C23_Ch2 Old Library=Capacitors.DbLib New Library=schLib.SchLib
Change Component Library : Designator=C23_Ch3 Old Library=Capacitors.DbLib New Library=schLib.SchLib
Change Component Library : Designator=C31_Ch0 Old Library=Capacitors.DbLib New Library=schLib.SchLib
Change Component Library : Designator=C31_Ch1 Old Library=Capacitors.DbLib New Library=schLib.SchLib
Change Component Library : Designator=C31_Ch2 Old Library=Capacitors.DbLib New Library=schLib.SchLib
Change Component Library : Designator=C31_Ch3 Old Library=Capacitors.DbLib New Library=schLib.SchLib
Change Component Library : Designator=C35_Ch0 Old Library=Capacitors.DbLib New Library=schLib.SchLib
Change Component Library : Designator=C35_Ch1 Old Library=Capacitors.DbLib New Library=schLib.SchLib
Change Component Library : Designator=C35_Ch2 Old Library=Capacitors.DbLib New Library=schLib.SchLib
Change Component Library : Designator=C35_Ch3 Old Library=Capacitors.DbLib New Library=schLib.SchLib
Change Component Library : Designator=C36_Ch0 Old Library=Capacitors.DbLib New Library=schLib.SchLib
Change Component Library : Designator=C36_Ch1 Old Library=Capacitors.DbLib New Library=schLib.SchLib
Change Component Library : Designator=C36_Ch2 Old Library=Capacitors.DbLib New Library=schLib.SchLib
Change Component Library : Designator=C36_Ch3 Old Library=Capacitors.DbLib New Library=schLib.SchLib
Change Component Library : Designator=C37_Ch0 Old Library=Capacitors.DbLib New Library=schLib.SchLib
Change Component Library : Designator=C37_Ch1 Old Library=Capacitors.DbLib New Library=schLib.SchLib
Change Component Library : Designator=C37_Ch2 Old Library=Capacitors.DbLib New Library=schLib.SchLib
Change Component Library : Designator=C37_Ch3 Old Library=Capacitors.DbLib New Library=schLib.SchLib
Change Component Library : Designator=C40 Old Library=Capacitors.DbLib New Library=schLib.SchLib
Change Component Library : Designator=C47 Old Library=Capacitors.DbLib New Library=schLib.SchLib
Change Component Library : Designator=C49 Old Library=Capacitors.DbLib New Library=schLib.SchLib
Change Component Library : Designator=C50 Old Library=Capacitors.DbLib New Library=schLib.SchLib
Change Component Library : Designator=C68 Old Library=Capacitors.DbLib New Library=schLib.SchLib
Change Component Library : Designator=C70 Old Library=Capacitors.DbLib New Library=schLib.SchLib
Change Component Library : Designator=C71 Old Library=Capacitors.DbLib New Library=schLib.SchLib
Change Component Library : Designator=C73 Old Library=Capacitors.DbLib New Library=schLib.SchLib
Change Component Library : Designator=C74 Old Library=Capacitors.DbLib New Library=schLib.SchLib
Change Component Library : Designator=C76 Old Library=Capacitors.DbLib New Library=schLib.SchLib
Change Component Library : Designator=C77 Old Library=Capacitors.DbLib New Library=schLib.SchLib
Change Component Library : Designator=C79 Old Library=Capacitors.DbLib New Library=schLib.SchLib
Change Component Library : Designator=C80 Old Library=Capacitors.DbLib New Library=schLib.SchLib
Change Component Library : Designator=C81 Old Library=Capacitors.DbLib New Library=schLib.SchLib
Change Component Library : Designator=C82 Old Library=Capacitors.DbLib New Library=schLib.SchLib
Change Component Library : Designator=C83 Old Library=Capacitors.DbLib New Library=schLib.SchLib
Change Component Library : Designator=C84 Old Library=Capacitors.DbLib New Library=schLib.SchLib
Change Component Library : Designator=C85 Old Library=Capacitors.DbLib New Library=schLib.SchLib
Change Component Library : Designator=C86 Old Library=Capacitors.DbLib New Library=schLib.SchLib
Change Component Library : Designator=C87 Old Library=Capacitors.DbLib New Library=schLib.SchLib
Change Component Library : Designator=C88 Old Library=Capacitors.DbLib New Library=schLib.SchLib
Change Component Library : Designator=C89 Old Library=Capacitors.DbLib New Library=schLib.SchLib
Change Component Library : Designator=C90 Old Library=Capacitors.DbLib New Library=schLib.SchLib
Change Component Library : Designator=C91 Old Library=Capacitors.DbLib New Library=schLib.SchLib
Change Component Library : Designator=C92 Old Library=Capacitors.DbLib New Library=schLib.SchLib
Change Component Library : Designator=C93 Old Library=Capacitors.DbLib New Library=schLib.SchLib
Change Component Library : Designator=C94 Old Library=Capacitors.DbLib New Library=schLib.SchLib
Change Component Library : Designator=C95 Old Library=Capacitors.DbLib New Library=schLib.SchLib
Change Component Library : Designator=C96 Old Library=Capacitors.DbLib New Library=schLib.SchLib
Change Component Library : Designator=C97 Old Library=Capacitors.DbLib New Library=schLib.SchLib
Change Component Library : Designator=C98 Old Library=Capacitors.DbLib New Library=schLib.SchLib
Change Component Library : Designator=C99 Old Library=Capacitors.DbLib New Library=schLib.SchLib
Change Component Library : Designator=C100 Old Library=Capacitors.DbLib New Library=schLib.SchLib
Change Component Library : Designator=C101 Old Library=Capacitors.DbLib New Library=schLib.SchLib
Change Component Library : Designator=C102 Old Library=Capacitors.DbLib New Library=schLib.SchLib
Change Component Library : Designator=C103 Old Library=Capacitors.DbLib New Library=schLib.SchLib
Change Component Library : Designator=C104 Old Library=Capacitors.DbLib New Library=schLib.SchLib
Change Component Library : Designator=C105 Old Library=Capacitors.DbLib New Library=schLib.SchLib
Change Component Library : Designator=C106 Old Library=Capacitors.DbLib New Library=schLib.SchLib
Change Component Library : Designator=C107 Old Library=Capacitors.DbLib New Library=schLib.SchLib
Change Component Library : Designator=C108 Old Library=Capacitors.DbLib New Library=schLib.SchLib
Change Component Library : Designator=C109 Old Library=Capacitors.DbLib New Library=schLib.SchLib
Change Component Library : Designator=C110 Old Library=Capacitors.DbLib New Library=schLib.SchLib
Change Component Library : Designator=C111 Old Library=Capacitors.DbLib New Library=schLib.SchLib
Change Component Library : Designator=C117 Old Library=Capacitors.DbLib New Library=schLib.SchLib
Change Component Library : Designator=C118 Old Library=Capacitors.DbLib New Library=schLib.SchLib
Change component parameters: Designator = "C23_Ch0" ("C23"); Footprint = "CAPC0603X33N"; UniqueID = "\CVETGFSS\WVTMHAOK" ("\CVETGFSS\WVTMHAOK")
Change component parameters (AddParameter): Name = "Value"; Value = "100nF"; VariantName = "[No Variations]"
Change component parameters (AddParameter): Name = "Vmax"; Value = "16V"; VariantName = "[No Variations]"
Change component parameters: Designator = "C23_Ch1" ("C23"); Footprint = "CAPC0603X33N"; UniqueID = "\THIZCXZT\WVTMHAOK" ("\THIZCXZT\WVTMHAOK")
Change component parameters (AddParameter): Name = "Value"; Value = "100nF"; VariantName = "[No Variations]"
Change component parameters (AddParameter): Name = "Vmax"; Value = "16V"; VariantName = "[No Variations]"
Change component parameters: Designator = "C23_Ch2" ("C23"); Footprint = "CAPC0603X33N"; UniqueID = "\YESCXYWX\WVTMHAOK" ("\YESCXYWX\WVTMHAOK")
Change component parameters (AddParameter): Name = "Value"; Value = "100nF"; VariantName = "[No Variations]"
Change component parameters (AddParameter): Name = "Vmax"; Value = "16V"; VariantName = "[No Variations]"
Change component parameters: Designator = "C23_Ch3" ("C23"); Footprint = "CAPC0603X33N"; UniqueID = "\KBLPAXHS\WVTMHAOK" ("\KBLPAXHS\WVTMHAOK")
Change component parameters (AddParameter): Name = "Value"; Value = "100nF"; VariantName = "[No Variations]"
Change component parameters (AddParameter): Name = "Vmax"; Value = "16V"; VariantName = "[No Variations]"
Change component parameters: Designator = "C31_Ch0" ("C31"); Footprint = "CAPC0603X33N"; UniqueID = "\CVETGFSS\XPBGLXYP" ("\CVETGFSS\XPBGLXYP")
Change component parameters (AddParameter): Name = "Value"; Value = "100nF"; VariantName = "[No Variations]"
Change component parameters (AddParameter): Name = "Vmax"; Value = "16V"; VariantName = "[No Variations]"
Change component parameters: Designator = "C31_Ch1" ("C31"); Footprint = "CAPC0603X33N"; UniqueID = "\THIZCXZT\XPBGLXYP" ("\THIZCXZT\XPBGLXYP")
Change component parameters (AddParameter): Name = "Value"; Value = "100nF"; VariantName = "[No Variations]"
Change component parameters (AddParameter): Name = "Vmax"; Value = "16V"; VariantName = "[No Variations]"
Change component parameters: Designator = "C31_Ch2" ("C31"); Footprint = "CAPC0603X33N"; UniqueID = "\YESCXYWX\XPBGLXYP" ("\YESCXYWX\XPBGLXYP")
Change component parameters (AddParameter): Name = "Value"; Value = "100nF"; VariantName = "[No Variations]"
Change component parameters (AddParameter): Name = "Vmax"; Value = "16V"; VariantName = "[No Variations]"
Change component parameters: Designator = "C31_Ch3" ("C31"); Footprint = "CAPC0603X33N"; UniqueID = "\KBLPAXHS\XPBGLXYP" ("\KBLPAXHS\XPBGLXYP")
Change component parameters (AddParameter): Name = "Value"; Value = "100nF"; VariantName = "[No Variations]"
Change component parameters (AddParameter): Name = "Vmax"; Value = "16V"; VariantName = "[No Variations]"
Change component parameters: Designator = "C35_Ch0" ("C35"); Footprint = "CAPC0603X33N"; UniqueID = "\CVETGFSS\DTXEBFQI" ("\CVETGFSS\DTXEBFQI")
Change component parameters (AddParameter): Name = "Value"; Value = "100nF"; VariantName = "[No Variations]"
Change component parameters (AddParameter): Name = "Vmax"; Value = "16V"; VariantName = "[No Variations]"
Change component parameters: Designator = "C35_Ch1" ("C35"); Footprint = "CAPC0603X33N"; UniqueID = "\THIZCXZT\DTXEBFQI" ("\THIZCXZT\DTXEBFQI")
Change component parameters (AddParameter): Name = "Value"; Value = "100nF"; VariantName = "[No Variations]"
Change component parameters (AddParameter): Name = "Vmax"; Value = "16V"; VariantName = "[No Variations]"
Change component parameters: Designator = "C35_Ch2" ("C35"); Footprint = "CAPC0603X33N"; UniqueID = "\YESCXYWX\DTXEBFQI" ("\YESCXYWX\DTXEBFQI")
Change component parameters (AddParameter): Name = "Value"; Value = "100nF"; VariantName = "[No Variations]"
Change component parameters (AddParameter): Name = "Vmax"; Value = "16V"; VariantName = "[No Variations]"
Change component parameters: Designator = "C35_Ch3" ("C35"); Footprint = "CAPC0603X33N"; UniqueID = "\KBLPAXHS\DTXEBFQI" ("\KBLPAXHS\DTXEBFQI")
Change component parameters (AddParameter): Name = "Value"; Value = "100nF"; VariantName = "[No Variations]"
Change component parameters (AddParameter): Name = "Vmax"; Value = "16V"; VariantName = "[No Variations]"
Change component parameters: Designator = "C36_Ch0" ("C36"); Footprint = "CAPC0603X33N"; UniqueID = "\CVETGFSS\HFBLREGF" ("\CVETGFSS\HFBLREGF")
Change component parameters (AddParameter): Name = "Value"; Value = "100nF"; VariantName = "[No Variations]"
Change component parameters (AddParameter): Name = "Vmax"; Value = "16V"; VariantName = "[No Variations]"
Change component parameters: Designator = "C36_Ch1" ("C36"); Footprint = "CAPC0603X33N"; UniqueID = "\THIZCXZT\HFBLREGF" ("\THIZCXZT\HFBLREGF")
Change component parameters (AddParameter): Name = "Value"; Value = "100nF"; VariantName = "[No Variations]"
Change component parameters (AddParameter): Name = "Vmax"; Value = "16V"; VariantName = "[No Variations]"
Change component parameters: Designator = "C36_Ch2" ("C36"); Footprint = "CAPC0603X33N"; UniqueID = "\YESCXYWX\HFBLREGF" ("\YESCXYWX\HFBLREGF")
Change component parameters (AddParameter): Name = "Value"; Value = "100nF"; VariantName = "[No Variations]"
Change component parameters (AddParameter): Name = "Vmax"; Value = "16V"; VariantName = "[No Variations]"
Change component parameters: Designator = "C36_Ch3" ("C36"); Footprint = "CAPC0603X33N"; UniqueID = "\KBLPAXHS\HFBLREGF" ("\KBLPAXHS\HFBLREGF")
Change component parameters (AddParameter): Name = "Value"; Value = "100nF"; VariantName = "[No Variations]"
Change component parameters (AddParameter): Name = "Vmax"; Value = "16V"; VariantName = "[No Variations]"
Change component parameters: Designator = "C37_Ch0" ("C37"); Footprint = "CAPC0603X33N"; UniqueID = "\CVETGFSS\KJOEPPLX" ("\CVETGFSS\KJOEPPLX")
Change component parameters (AddParameter): Name = "Value"; Value = "100nF"; VariantName = "[No Variations]"
Change component parameters (AddParameter): Name = "Vmax"; Value = "16V"; VariantName = "[No Variations]"
Change component parameters: Designator = "C37_Ch1" ("C37"); Footprint = "CAPC0603X33N"; UniqueID = "\THIZCXZT\KJOEPPLX" ("\THIZCXZT\KJOEPPLX")
Change component parameters (AddParameter): Name = "Value"; Value = "100nF"; VariantName = "[No Variations]"
Change component parameters (AddParameter): Name = "Vmax"; Value = "16V"; VariantName = "[No Variations]"
Change component parameters: Designator = "C37_Ch2" ("C37"); Footprint = "CAPC0603X33N"; UniqueID = "\YESCXYWX\KJOEPPLX" ("\YESCXYWX\KJOEPPLX")
Change component parameters (AddParameter): Name = "Value"; Value = "100nF"; VariantName = "[No Variations]"
Change component parameters (AddParameter): Name = "Vmax"; Value = "16V"; VariantName = "[No Variations]"
Change component parameters: Designator = "C37_Ch3" ("C37"); Footprint = "CAPC0603X33N"; UniqueID = "\KBLPAXHS\KJOEPPLX" ("\KBLPAXHS\KJOEPPLX")
Change component parameters (AddParameter): Name = "Value"; Value = "100nF"; VariantName = "[No Variations]"
Change component parameters (AddParameter): Name = "Vmax"; Value = "16V"; VariantName = "[No Variations]"
Change component parameters: Designator = "C40" ("C40"); Footprint = "CAPC0603X33N"; UniqueID = "\HHGZBCTU\JNBNFMKX" ("\HHGZBCTU\JNBNFMKX")
Change component parameters (AddParameter): Name = "Value"; Value = "100nF"; VariantName = "[No Variations]"
Change component parameters (AddParameter): Name = "Vmax"; Value = "16V"; VariantName = "[No Variations]"
Change component parameters: Designator = "C47" ("C47"); Footprint = "CAPC0603X33N"; UniqueID = "\HHGZBCTU\VNLVOOCK" ("\HHGZBCTU\VNLVOOCK")
Change component parameters (AddParameter): Name = "Value"; Value = "100nF"; VariantName = "[No Variations]"
Change component parameters (AddParameter): Name = "Vmax"; Value = "16V"; VariantName = "[No Variations]"
Change component parameters: Designator = "C49" ("C49"); Footprint = "CAPC0603X33N"; UniqueID = "\HHGZBCTU\MJAZFRUS" ("\HHGZBCTU\MJAZFRUS")
Change component parameters (AddParameter): Name = "Value"; Value = "100nF"; VariantName = "[No Variations]"
Change component parameters (AddParameter): Name = "Vmax"; Value = "16V"; VariantName = "[No Variations]"
Change component parameters: Designator = "C50" ("C50"); Footprint = "CAPC0603X33N"; UniqueID = "\HHGZBCTU\KGFYWOCN" ("\HHGZBCTU\KGFYWOCN")
Change component parameters (AddParameter): Name = "Value"; Value = "100nF"; VariantName = "[No Variations]"
Change component parameters (AddParameter): Name = "Vmax"; Value = "16V"; VariantName = "[No Variations]"
Change component parameters: Designator = "C68" ("C68"); Footprint = "CAPC0603X33N"; UniqueID = "\XBCLDFEG\MJLSWQBT" ("\XBCLDFEG\MJLSWQBT")
Change component parameters (AddParameter): Name = "Value"; Value = "100nF"; VariantName = "[No Variations]"
Change component parameters (AddParameter): Name = "Vmax"; Value = "16V"; VariantName = "[No Variations]"
Change component parameters: Designator = "C70" ("C70"); Footprint = "CAPC0603X33N"; UniqueID = "\XBCLDFEG\ETYVNDGJ" ("\XBCLDFEG\ETYVNDGJ")
Change component parameters (AddParameter): Name = "Value"; Value = "100nF"; VariantName = "[No Variations]"
Change component parameters (AddParameter): Name = "Vmax"; Value = "16V"; VariantName = "[No Variations]"
Change component parameters: Designator = "C71" ("C71"); Footprint = "CAPC0603X33N"; UniqueID = "\XBCLDFEG\WOZEGHPT" ("\XBCLDFEG\WOZEGHPT")
Change component parameters (AddParameter): Name = "Value"; Value = "100nF"; VariantName = "[No Variations]"
Change component parameters (AddParameter): Name = "Vmax"; Value = "16V"; VariantName = "[No Variations]"
Change component parameters: Designator = "C73" ("C73"); Footprint = "CAPC0603X33N"; UniqueID = "\XBCLDFEG\ERMXBTCY" ("\XBCLDFEG\ERMXBTCY")
Change component parameters (AddParameter): Name = "Value"; Value = "100nF"; VariantName = "[No Variations]"
Change component parameters (AddParameter): Name = "Vmax"; Value = "16V"; VariantName = "[No Variations]"
Change component parameters: Designator = "C74" ("C74"); Footprint = "CAPC0603X33N"; UniqueID = "\XBCLDFEG\ANSGYNXJ" ("\XBCLDFEG\ANSGYNXJ")
Change component parameters (AddParameter): Name = "Value"; Value = "100nF"; VariantName = "[No Variations]"
Change component parameters (AddParameter): Name = "Vmax"; Value = "16V"; VariantName = "[No Variations]"
Change component parameters: Designator = "C76" ("C76"); Footprint = "CAPC0603X33N"; UniqueID = "\XBCLDFEG\NOHKHCJZ" ("\XBCLDFEG\NOHKHCJZ")
Change component parameters (AddParameter): Name = "Value"; Value = "100nF"; VariantName = "[No Variations]"
Change component parameters (AddParameter): Name = "Vmax"; Value = "16V"; VariantName = "[No Variations]"
Change component parameters: Designator = "C77" ("C77"); Footprint = "CAPC0603X33N"; UniqueID = "\XBCLDFEG\GTZJQLLQ" ("\XBCLDFEG\GTZJQLLQ")
Change component parameters (AddParameter): Name = "Value"; Value = "100nF"; VariantName = "[No Variations]"
Change component parameters (AddParameter): Name = "Vmax"; Value = "16V"; VariantName = "[No Variations]"
Change component parameters: Designator = "C79" ("C79"); Footprint = "CAPC0603X33N"; UniqueID = "\XBCLDFEG\WRLWOUFM" ("\XBCLDFEG\WRLWOUFM")
Change component parameters (AddParameter): Name = "Value"; Value = "100nF"; VariantName = "[No Variations]"
Change component parameters (AddParameter): Name = "Vmax"; Value = "16V"; VariantName = "[No Variations]"
Change component parameters: Designator = "C80" ("C80"); Footprint = "CAPC0603X33N"; UniqueID = "\XBCLDFEG\KMYACCDI" ("\XBCLDFEG\KMYACCDI")
Change component parameters (AddParameter): Name = "Value"; Value = "100nF"; VariantName = "[No Variations]"
Change component parameters (AddParameter): Name = "Vmax"; Value = "16V"; VariantName = "[No Variations]"
Change component parameters: Designator = "C81" ("C81"); Footprint = "CAPC0603X33N"; UniqueID = "\XBCLDFEG\CAXCKLTN" ("\XBCLDFEG\CAXCKLTN")
Change component parameters (AddParameter): Name = "Value"; Value = "100nF"; VariantName = "[No Variations]"
Change component parameters (AddParameter): Name = "Vmax"; Value = "16V"; VariantName = "[No Variations]"
Change component parameters: Designator = "C82" ("C82"); Footprint = "CAPC0603X33N"; UniqueID = "\KRAEGAPB\WPMQNGZJ" ("\KRAEGAPB\WPMQNGZJ")
Change component parameters (AddParameter): Name = "Value"; Value = "100nF"; VariantName = "[No Variations]"
Change component parameters (AddParameter): Name = "Vmax"; Value = "16V"; VariantName = "[No Variations]"
Change component parameters: Designator = "C83" ("C83"); Footprint = "CAPC0603X33N"; UniqueID = "\KRAEGAPB\PGXQNLVM" ("\KRAEGAPB\PGXQNLVM")
Change component parameters (AddParameter): Name = "Value"; Value = "100nF"; VariantName = "[No Variations]"
Change component parameters (AddParameter): Name = "Vmax"; Value = "16V"; VariantName = "[No Variations]"
Change component parameters: Designator = "C84" ("C84"); Footprint = "CAPC0603X33N"; UniqueID = "\KRAEGAPB\HUILOGTB" ("\KRAEGAPB\HUILOGTB")
Change component parameters (AddParameter): Name = "Value"; Value = "100nF"; VariantName = "[No Variations]"
Change component parameters (AddParameter): Name = "Vmax"; Value = "16V"; VariantName = "[No Variations]"
Change component parameters: Designator = "C85" ("C85"); Footprint = "CAPC0603X33N"; UniqueID = "\KRAEGAPB\CNZPXZLJ" ("\KRAEGAPB\CNZPXZLJ")
Change component parameters (AddParameter): Name = "Value"; Value = "100nF"; VariantName = "[No Variations]"
Change component parameters (AddParameter): Name = "Vmax"; Value = "16V"; VariantName = "[No Variations]"
Change component parameters: Designator = "C86" ("C86"); Footprint = "CAPC0603X33N"; UniqueID = "\KRAEGAPB\HTXRDYWI" ("\KRAEGAPB\HTXRDYWI")
Change component parameters (AddParameter): Name = "Value"; Value = "100nF"; VariantName = "[No Variations]"
Change component parameters (AddParameter): Name = "Vmax"; Value = "16V"; VariantName = "[No Variations]"
Change component parameters: Designator = "C87" ("C87"); Footprint = "CAPC0603X33N"; UniqueID = "\KRAEGAPB\VTZVPTGO" ("\KRAEGAPB\VTZVPTGO")
Change component parameters (AddParameter): Name = "Value"; Value = "100nF"; VariantName = "[No Variations]"
Change component parameters (AddParameter): Name = "Vmax"; Value = "16V"; VariantName = "[No Variations]"
Change component parameters: Designator = "C88" ("C88"); Footprint = "CAPC0603X33N"; UniqueID = "\KRAEGAPB\WKULNDJE" ("\KRAEGAPB\WKULNDJE")
Change component parameters (AddParameter): Name = "Value"; Value = "100nF"; VariantName = "[No Variations]"
Change component parameters (AddParameter): Name = "Vmax"; Value = "16V"; VariantName = "[No Variations]"
Change component parameters: Designator = "C89" ("C89"); Footprint = "CAPC0603X33N"; UniqueID = "\KRAEGAPB\CTBSUVFE" ("\KRAEGAPB\CTBSUVFE")
Change component parameters (AddParameter): Name = "Value"; Value = "100nF"; VariantName = "[No Variations]"
Change component parameters (AddParameter): Name = "Vmax"; Value = "16V"; VariantName = "[No Variations]"
Change component parameters: Designator = "C90" ("C90"); Footprint = "CAPC0603X33N"; UniqueID = "\KRAEGAPB\ZMPGDBNZ" ("\KRAEGAPB\ZMPGDBNZ")
Change component parameters (AddParameter): Name = "Value"; Value = "100nF"; VariantName = "[No Variations]"
Change component parameters (AddParameter): Name = "Vmax"; Value = "16V"; VariantName = "[No Variations]"
Change component parameters: Designator = "C91" ("C91"); Footprint = "CAPC0603X33N"; UniqueID = "\KRAEGAPB\GIOXEPXT" ("\KRAEGAPB\GIOXEPXT")
Change component parameters (AddParameter): Name = "Value"; Value = "100nF"; VariantName = "[No Variations]"
Change component parameters (AddParameter): Name = "Vmax"; Value = "16V"; VariantName = "[No Variations]"
Change component parameters: Designator = "C92" ("C92"); Footprint = "CAPC0603X33N"; UniqueID = "\KRAEGAPB\NGUJXMEO" ("\KRAEGAPB\NGUJXMEO")
Change component parameters (AddParameter): Name = "Value"; Value = "100nF"; VariantName = "[No Variations]"
Change component parameters (AddParameter): Name = "Vmax"; Value = "16V"; VariantName = "[No Variations]"
Change component parameters: Designator = "C93" ("C93"); Footprint = "CAPC0603X33N"; UniqueID = "\KRAEGAPB\KPISOVJI" ("\KRAEGAPB\KPISOVJI")
Change component parameters (AddParameter): Name = "Value"; Value = "100nF"; VariantName = "[No Variations]"
Change component parameters (AddParameter): Name = "Vmax"; Value = "16V"; VariantName = "[No Variations]"
Change component parameters: Designator = "C94" ("C94"); Footprint = "CAPC0603X33N"; UniqueID = "\KRAEGAPB\SWBQBMJY" ("\KRAEGAPB\SWBQBMJY")
Change component parameters (AddParameter): Name = "Value"; Value = "100nF"; VariantName = "[No Variations]"
Change component parameters (AddParameter): Name = "Vmax"; Value = "16V"; VariantName = "[No Variations]"
Change component parameters: Designator = "C95" ("C95"); Footprint = "CAPC0603X33N"; UniqueID = "\KRAEGAPB\RYPGTLIU" ("\KRAEGAPB\RYPGTLIU")
Change component parameters (AddParameter): Name = "Value"; Value = "100nF"; VariantName = "[No Variations]"
Change component parameters (AddParameter): Name = "Vmax"; Value = "16V"; VariantName = "[No Variations]"
Change component parameters: Designator = "C96" ("C96"); Footprint = "CAPC0603X33N"; UniqueID = "\KRAEGAPB\GGIWYZTF" ("\KRAEGAPB\GGIWYZTF")
Change component parameters (AddParameter): Name = "Value"; Value = "100nF"; VariantName = "[No Variations]"
Change component parameters (AddParameter): Name = "Vmax"; Value = "16V"; VariantName = "[No Variations]"
Change component parameters: Designator = "C97" ("C97"); Footprint = "CAPC0603X33N"; UniqueID = "\KRAEGAPB\VINLPGOZ" ("\KRAEGAPB\VINLPGOZ")
Change component parameters (AddParameter): Name = "Value"; Value = "100nF"; VariantName = "[No Variations]"
Change component parameters (AddParameter): Name = "Vmax"; Value = "16V"; VariantName = "[No Variations]"
Change component parameters: Designator = "C98" ("C98"); Footprint = "CAPC0603X33N"; UniqueID = "\KRAEGAPB\TAWJNMYK" ("\KRAEGAPB\TAWJNMYK")
Change component parameters (AddParameter): Name = "Value"; Value = "100nF"; VariantName = "[No Variations]"
Change component parameters (AddParameter): Name = "Vmax"; Value = "16V"; VariantName = "[No Variations]"
Change component parameters: Designator = "C99" ("C99"); Footprint = "CAPC0603X33N"; UniqueID = "\KRAEGAPB\PDYYRHIG" ("\KRAEGAPB\PDYYRHIG")
Change component parameters (AddParameter): Name = "Value"; Value = "100nF"; VariantName = "[No Variations]"
Change component parameters (AddParameter): Name = "Vmax"; Value = "16V"; VariantName = "[No Variations]"
Change component parameters: Designator = "C100" ("C100"); Footprint = "CAPC0603X33N"; UniqueID = "\GSHSBSOJ\BYUBKMOF" ("\GSHSBSOJ\BYUBKMOF")
Change component parameters (AddParameter): Name = "Value"; Value = "100nF"; VariantName = "[No Variations]"
Change component parameters (AddParameter): Name = "Vmax"; Value = "16V"; VariantName = "[No Variations]"
Change component parameters: Designator = "C101" ("C101"); Footprint = "CAPC0603X33N"; UniqueID = "\GSHSBSOJ\XBOFAMMM" ("\GSHSBSOJ\XBOFAMMM")
Change component parameters (AddParameter): Name = "Value"; Value = "100nF"; VariantName = "[No Variations]"
Change component parameters (AddParameter): Name = "Vmax"; Value = "16V"; VariantName = "[No Variations]"
Change component parameters: Designator = "C102" ("C102"); Footprint = "CAPC0603X33N"; UniqueID = "\GSHSBSOJ\HEWEKAWQ" ("\GSHSBSOJ\HEWEKAWQ")
Change component parameters (AddParameter): Name = "Value"; Value = "100nF"; VariantName = "[No Variations]"
Change component parameters (AddParameter): Name = "Vmax"; Value = "16V"; VariantName = "[No Variations]"
Change component parameters: Designator = "C103" ("C103"); Footprint = "CAPC0603X33N"; UniqueID = "\GSHSBSOJ\MOFMQRFM" ("\GSHSBSOJ\MOFMQRFM")
Change component parameters (AddParameter): Name = "Value"; Value = "100nF"; VariantName = "[No Variations]"
Change component parameters (AddParameter): Name = "Vmax"; Value = "16V"; VariantName = "[No Variations]"
Change component parameters: Designator = "C104" ("C104"); Footprint = "CAPC0603X33N"; UniqueID = "\GSHSBSOJ\OIZWZAKM" ("\GSHSBSOJ\OIZWZAKM")
Change component parameters (AddParameter): Name = "Value"; Value = "100nF"; VariantName = "[No Variations]"
Change component parameters (AddParameter): Name = "Vmax"; Value = "16V"; VariantName = "[No Variations]"
Change component parameters: Designator = "C105" ("C105"); Footprint = "CAPC0603X33N"; UniqueID = "\GSHSBSOJ\IROKZVID" ("\GSHSBSOJ\IROKZVID")
Change component parameters (AddParameter): Name = "Value"; Value = "100nF"; VariantName = "[No Variations]"
Change component parameters (AddParameter): Name = "Vmax"; Value = "16V"; VariantName = "[No Variations]"
Change component parameters: Designator = "C106" ("C106"); Footprint = "CAPC0603X33N"; UniqueID = "\GSHSBSOJ\SSHBKCRK" ("\GSHSBSOJ\SSHBKCRK")
Change component parameters (AddParameter): Name = "Value"; Value = "100nF"; VariantName = "[No Variations]"
Change component parameters (AddParameter): Name = "Vmax"; Value = "16V"; VariantName = "[No Variations]"
Change component parameters: Designator = "C107" ("C107"); Footprint = "CAPC0603X33N"; UniqueID = "\GSHSBSOJ\ZBDRNUHT" ("\GSHSBSOJ\ZBDRNUHT")
Change component parameters (AddParameter): Name = "Value"; Value = "100nF"; VariantName = "[No Variations]"
Change component parameters (AddParameter): Name = "Vmax"; Value = "16V"; VariantName = "[No Variations]"
Change component parameters: Designator = "C108" ("C108"); Footprint = "CAPC0603X33N"; UniqueID = "\GSHSBSOJ\UGQJFFYX" ("\GSHSBSOJ\UGQJFFYX")
Change component parameters (AddParameter): Name = "Value"; Value = "100nF"; VariantName = "[No Variations]"
Change component parameters (AddParameter): Name = "Vmax"; Value = "16V"; VariantName = "[No Variations]"
Change component parameters: Designator = "C109" ("C109"); Footprint = "CAPC0603X33N"; UniqueID = "\GSHSBSOJ\LXOIKXWK" ("\GSHSBSOJ\LXOIKXWK")
Change component parameters (AddParameter): Name = "Value"; Value = "100nF"; VariantName = "[No Variations]"
Change component parameters (AddParameter): Name = "Vmax"; Value = "16V"; VariantName = "[No Variations]"
Change component parameters: Designator = "C110" ("C110"); Footprint = "CAPC0603X33N"; UniqueID = "\GSHSBSOJ\RWSICJNR" ("\GSHSBSOJ\RWSICJNR")
Change component parameters (AddParameter): Name = "Value"; Value = "100nF"; VariantName = "[No Variations]"
Change component parameters (AddParameter): Name = "Vmax"; Value = "16V"; VariantName = "[No Variations]"
Change component parameters: Designator = "C111" ("C111"); Footprint = "CAPC0603X33N"; UniqueID = "\GSHSBSOJ\NYWJGNAH" ("\GSHSBSOJ\NYWJGNAH")
Change component parameters (AddParameter): Name = "Value"; Value = "100nF"; VariantName = "[No Variations]"
Change component parameters (AddParameter): Name = "Vmax"; Value = "16V"; VariantName = "[No Variations]"
Change component parameters: Designator = "C117" ("C117"); Footprint = "CAPC0603X33N"; UniqueID = "\GSHSBSOJ\MIVKPJRU" ("\GSHSBSOJ\MIVKPJRU")
Change component parameters (AddParameter): Name = "Value"; Value = "100nF"; VariantName = "[No Variations]"
Change component parameters (AddParameter): Name = "Vmax"; Value = "16V"; VariantName = "[No Variations]"
Change component parameters: Designator = "C118" ("C118"); Footprint = "CAPC0603X33N"; UniqueID = "\GSHSBSOJ\KOXZERTV" ("\GSHSBSOJ\KOXZERTV")
Change component parameters (AddParameter): Name = "Value"; Value = "100nF"; VariantName = "[No Variations]"
Change component parameters (AddParameter): Name = "Vmax"; Value = "16V"; VariantName = "[No Variations]"
Added Member To Class: ClassName=U_PLL Member=Component C116 1uF
Add Class Member: Failed to add class member : Ch0 (Channel.SchDoc)
Add Class Member: Failed to add class member : Ch1 (Channel.SchDoc)
Add Class Member: Failed to add class member : Ch2 (Channel.SchDoc)
Add Class Member: Failed to add class member : Ch3 (Channel.SchDoc)
