Remove Class Member: Failed to remove class member
Remove Class Member: Failed to remove class member
Remove Class Member: Failed to remove class member
Remove Class Member: Failed to remove class member
Change Component Designator: OldDesignator=C1_U_Channel_0 NewDesignator=C1_Ch0
Change Component Designator: OldDesignator=C1_U_Channel_1 NewDesignator=C1_Ch1
Change Component Designator: OldDesignator=C1_U_Channel_2 NewDesignator=C1_Ch2
Change Component Designator: OldDesignator=C1_U_Channel_3 NewDesignator=C1_Ch3
Change Component Designator: OldDesignator=C2_U_Channel_0 NewDesignator=C2_Ch0
Change Component Designator: OldDesignator=C2_U_Channel_1 NewDesignator=C2_Ch1
Change Component Designator: OldDesignator=C2_U_Channel_2 NewDesignator=C2_Ch2
Change Component Designator: OldDesignator=C2_U_Channel_3 NewDesignator=C2_Ch3
Change Component Designator: OldDesignator=C3_U_Channel_0 NewDesignator=C3_Ch0
Change Component Designator: OldDesignator=C3_U_Channel_1 NewDesignator=C3_Ch1
Change Component Designator: OldDesignator=C3_U_Channel_2 NewDesignator=C3_Ch2
Change Component Designator: OldDesignator=C3_U_Channel_3 NewDesignator=C3_Ch3
Change Component Designator: OldDesignator=C4_U_Channel_0 NewDesignator=C4_Ch0
Change Component Designator: OldDesignator=C4_U_Channel_1 NewDesignator=C4_Ch1
Change Component Designator: OldDesignator=C4_U_Channel_2 NewDesignator=C4_Ch2
Change Component Designator: OldDesignator=C4_U_Channel_3 NewDesignator=C4_Ch3
Change Component Designator: OldDesignator=C5_U_Channel_0 NewDesignator=C5_Ch0
Change Component Designator: OldDesignator=C5_U_Channel_1 NewDesignator=C5_Ch1
Change Component Designator: OldDesignator=C5_U_Channel_2 NewDesignator=C5_Ch2
Change Component Designator: OldDesignator=C5_U_Channel_3 NewDesignator=C5_Ch3
Change Component Designator: OldDesignator=C6_U_Channel_0 NewDesignator=C6_Ch0
Change Component Designator: OldDesignator=C6_U_Channel_1 NewDesignator=C6_Ch1
Change Component Designator: OldDesignator=C6_U_Channel_2 NewDesignator=C6_Ch2
Change Component Designator: OldDesignator=C6_U_Channel_3 NewDesignator=C6_Ch3
Change Component Designator: OldDesignator=C7_U_Channel_0 NewDesignator=C7_Ch0
Change Component Designator: OldDesignator=C7_U_Channel_1 NewDesignator=C7_Ch1
Change Component Designator: OldDesignator=C7_U_Channel_2 NewDesignator=C7_Ch2
Change Component Designator: OldDesignator=C7_U_Channel_3 NewDesignator=C7_Ch3
Change Component Designator: OldDesignator=C8_U_Channel_0 NewDesignator=C8_Ch0
Change Component Designator: OldDesignator=C8_U_Channel_1 NewDesignator=C8_Ch1
Change Component Designator: OldDesignator=C8_U_Channel_2 NewDesignator=C8_Ch2
Change Component Designator: OldDesignator=C8_U_Channel_3 NewDesignator=C8_Ch3
Change Component Designator: OldDesignator=C9_U_Channel_0 NewDesignator=C9_Ch0
Change Component Designator: OldDesignator=C9_U_Channel_1 NewDesignator=C9_Ch1
Change Component Designator: OldDesignator=C9_U_Channel_2 NewDesignator=C9_Ch2
Change Component Designator: OldDesignator=C9_U_Channel_3 NewDesignator=C9_Ch3
Change Component Designator: OldDesignator=C10_U_Channel_0 NewDesignator=C10_Ch0
Change Component Designator: OldDesignator=C10_U_Channel_1 NewDesignator=C10_Ch1
Change Component Designator: OldDesignator=C10_U_Channel_2 NewDesignator=C10_Ch2
Change Component Designator: OldDesignator=C10_U_Channel_3 NewDesignator=C10_Ch3
Change Component Designator: OldDesignator=C11_U_Channel_0 NewDesignator=C11_Ch0
Change Component Designator: OldDesignator=C11_U_Channel_1 NewDesignator=C11_Ch1
Change Component Designator: OldDesignator=C11_U_Channel_2 NewDesignator=C11_Ch2
Change Component Designator: OldDesignator=C11_U_Channel_3 NewDesignator=C11_Ch3
Change Component Designator: OldDesignator=C12_U_Channel_0 NewDesignator=C12_Ch0
Change Component Designator: OldDesignator=C12_U_Channel_1 NewDesignator=C12_Ch1
Change Component Designator: OldDesignator=C12_U_Channel_2 NewDesignator=C12_Ch2
Change Component Designator: OldDesignator=C12_U_Channel_3 NewDesignator=C12_Ch3
Change Component Designator: OldDesignator=C13_U_Channel_0 NewDesignator=C13_Ch0
Change Component Designator: OldDesignator=C13_U_Channel_1 NewDesignator=C13_Ch1
Change Component Designator: OldDesignator=C13_U_Channel_2 NewDesignator=C13_Ch2
Change Component Designator: OldDesignator=C13_U_Channel_3 NewDesignator=C13_Ch3
Change Component Designator: OldDesignator=C14_U_Channel_0 NewDesignator=C14_Ch0
Change Component Designator: OldDesignator=C14_U_Channel_1 NewDesignator=C14_Ch1
Change Component Designator: OldDesignator=C14_U_Channel_2 NewDesignator=C14_Ch2
Change Component Designator: OldDesignator=C14_U_Channel_3 NewDesignator=C14_Ch3
Change Component Designator: OldDesignator=C15_U_Channel_0 NewDesignator=C15_Ch0
Change Component Designator: OldDesignator=C15_U_Channel_1 NewDesignator=C15_Ch1
Change Component Designator: OldDesignator=C15_U_Channel_2 NewDesignator=C15_Ch2
Change Component Designator: OldDesignator=C15_U_Channel_3 NewDesignator=C15_Ch3
Change Component Designator: OldDesignator=C16_U_Channel_0 NewDesignator=C16_Ch0
Change Component Designator: OldDesignator=C16_U_Channel_1 NewDesignator=C16_Ch1
Change Component Designator: OldDesignator=C16_U_Channel_2 NewDesignator=C16_Ch2
Change Component Designator: OldDesignator=C16_U_Channel_3 NewDesignator=C16_Ch3
Change Component Designator: OldDesignator=C17_U_Channel_0 NewDesignator=C17_Ch0
Change Component Designator: OldDesignator=C17_U_Channel_1 NewDesignator=C17_Ch1
Change Component Designator: OldDesignator=C17_U_Channel_2 NewDesignator=C17_Ch2
Change Component Designator: OldDesignator=C17_U_Channel_3 NewDesignator=C17_Ch3
Change Component Designator: OldDesignator=C18_U_Channel_0 NewDesignator=C18_Ch0
Change Component Designator: OldDesignator=C18_U_Channel_1 NewDesignator=C18_Ch1
Change Component Designator: OldDesignator=C18_U_Channel_2 NewDesignator=C18_Ch2
Change Component Designator: OldDesignator=C18_U_Channel_3 NewDesignator=C18_Ch3
Change Component Designator: OldDesignator=C19_U_Channel_0 NewDesignator=C19_Ch0
Change Component Designator: OldDesignator=C19_U_Channel_1 NewDesignator=C19_Ch1
Change Component Designator: OldDesignator=C19_U_Channel_2 NewDesignator=C19_Ch2
Change Component Designator: OldDesignator=C19_U_Channel_3 NewDesignator=C19_Ch3
Change Component Designator: OldDesignator=C20_U_Channel_0 NewDesignator=C20_Ch0
Change Component Designator: OldDesignator=C20_U_Channel_1 NewDesignator=C20_Ch1
Change Component Designator: OldDesignator=C20_U_Channel_2 NewDesignator=C20_Ch2
Change Component Designator: OldDesignator=C20_U_Channel_3 NewDesignator=C20_Ch3
Change Component Designator: OldDesignator=C21_U_Channel_0 NewDesignator=C21_Ch0
Change Component Designator: OldDesignator=C21_U_Channel_1 NewDesignator=C21_Ch1
Change Component Designator: OldDesignator=C21_U_Channel_2 NewDesignator=C21_Ch2
Change Component Designator: OldDesignator=C21_U_Channel_3 NewDesignator=C21_Ch3
Change Component Designator: OldDesignator=C22_U_Channel_0 NewDesignator=C22_Ch0
Change Component Designator: OldDesignator=C22_U_Channel_1 NewDesignator=C22_Ch1
Change Component Designator: OldDesignator=C22_U_Channel_2 NewDesignator=C22_Ch2
Change Component Designator: OldDesignator=C22_U_Channel_3 NewDesignator=C22_Ch3
Change Component Designator: OldDesignator=C23_U_Channel_0 NewDesignator=C23_Ch0
Change Component Designator: OldDesignator=C23_U_Channel_1 NewDesignator=C23_Ch1
Change Component Designator: OldDesignator=C23_U_Channel_2 NewDesignator=C23_Ch2
Change Component Designator: OldDesignator=C23_U_Channel_3 NewDesignator=C23_Ch3
Change Component Designator: OldDesignator=C24_U_Channel_0 NewDesignator=C24_Ch0
Change Component Designator: OldDesignator=C24_U_Channel_1 NewDesignator=C24_Ch1
Change Component Designator: OldDesignator=C24_U_Channel_2 NewDesignator=C24_Ch2
Change Component Designator: OldDesignator=C24_U_Channel_3 NewDesignator=C24_Ch3
Change Component Designator: OldDesignator=C25_U_Channel_0 NewDesignator=C25_Ch0
Change Component Designator: OldDesignator=C25_U_Channel_1 NewDesignator=C25_Ch1
Change Component Designator: OldDesignator=C25_U_Channel_2 NewDesignator=C25_Ch2
Change Component Designator: OldDesignator=C25_U_Channel_3 NewDesignator=C25_Ch3
Change Component Designator: OldDesignator=C26_U_Channel_0 NewDesignator=C26_Ch0
Change Component Designator: OldDesignator=C26_U_Channel_1 NewDesignator=C26_Ch1
Change Component Designator: OldDesignator=C26_U_Channel_2 NewDesignator=C26_Ch2
Change Component Designator: OldDesignator=C26_U_Channel_3 NewDesignator=C26_Ch3
Change Component Designator: OldDesignator=C27_U_Channel_0 NewDesignator=C27_Ch0
Change Component Designator: OldDesignator=C27_U_Channel_1 NewDesignator=C27_Ch1
Change Component Designator: OldDesignator=C27_U_Channel_2 NewDesignator=C27_Ch2
Change Component Designator: OldDesignator=C27_U_Channel_3 NewDesignator=C27_Ch3
Change Component Designator: OldDesignator=C28_U_Channel_0 NewDesignator=C28_Ch0
Change Component Designator: OldDesignator=C28_U_Channel_1 NewDesignator=C28_Ch1
Change Component Designator: OldDesignator=C28_U_Channel_2 NewDesignator=C28_Ch2
Change Component Designator: OldDesignator=C28_U_Channel_3 NewDesignator=C28_Ch3
Change Component Designator: OldDesignator=C29_U_Channel_0 NewDesignator=C29_Ch0
Change Component Designator: OldDesignator=C29_U_Channel_1 NewDesignator=C29_Ch1
Change Component Designator: OldDesignator=C29_U_Channel_2 NewDesignator=C29_Ch2
Change Component Designator: OldDesignator=C29_U_Channel_3 NewDesignator=C29_Ch3
Change Component Designator: OldDesignator=C30_U_Channel_0 NewDesignator=C30_Ch0
Change Component Designator: OldDesignator=C30_U_Channel_1 NewDesignator=C30_Ch1
Change Component Designator: OldDesignator=C30_U_Channel_2 NewDesignator=C30_Ch2
Change Component Designator: OldDesignator=C30_U_Channel_3 NewDesignator=C30_Ch3
Change Component Designator: OldDesignator=C31_U_Channel_0 NewDesignator=C31_Ch0
Change Component Designator: OldDesignator=C31_U_Channel_1 NewDesignator=C31_Ch1
Change Component Designator: OldDesignator=C31_U_Channel_2 NewDesignator=C31_Ch2
Change Component Designator: OldDesignator=C31_U_Channel_3 NewDesignator=C31_Ch3
Change Component Designator: OldDesignator=C32_U_Channel_0 NewDesignator=C32_Ch0
Change Component Designator: OldDesignator=C32_U_Channel_1 NewDesignator=C32_Ch1
Change Component Designator: OldDesignator=C32_U_Channel_2 NewDesignator=C32_Ch2
Change Component Designator: OldDesignator=C32_U_Channel_3 NewDesignator=C32_Ch3
Change Component Designator: OldDesignator=C33_U_Channel_0 NewDesignator=C33_Ch0
Change Component Designator: OldDesignator=C33_U_Channel_1 NewDesignator=C33_Ch1
Change Component Designator: OldDesignator=C33_U_Channel_2 NewDesignator=C33_Ch2
Change Component Designator: OldDesignator=C33_U_Channel_3 NewDesignator=C33_Ch3
Change Component Designator: OldDesignator=C34_U_Channel_0 NewDesignator=C34_Ch0
Change Component Designator: OldDesignator=C34_U_Channel_1 NewDesignator=C34_Ch1
Change Component Designator: OldDesignator=C34_U_Channel_2 NewDesignator=C34_Ch2
Change Component Designator: OldDesignator=C34_U_Channel_3 NewDesignator=C34_Ch3
Change Component Designator: OldDesignator=C35_U_Channel_0 NewDesignator=C35_Ch0
Change Component Designator: OldDesignator=C35_U_Channel_1 NewDesignator=C35_Ch1
Change Component Designator: OldDesignator=C35_U_Channel_2 NewDesignator=C35_Ch2
Change Component Designator: OldDesignator=C35_U_Channel_3 NewDesignator=C35_Ch3
Change Component Designator: OldDesignator=C36_U_Channel_0 NewDesignator=C36_Ch0
Change Component Designator: OldDesignator=C36_U_Channel_1 NewDesignator=C36_Ch1
Change Component Designator: OldDesignator=C36_U_Channel_2 NewDesignator=C36_Ch2
Change Component Designator: OldDesignator=C36_U_Channel_3 NewDesignator=C36_Ch3
Change Component Designator: OldDesignator=IC1_U_Channel_0 NewDesignator=IC1_Ch0
Change Component Designator: OldDesignator=IC1_U_Channel_1 NewDesignator=IC1_Ch1
Change Component Designator: OldDesignator=IC1_U_Channel_2 NewDesignator=IC1_Ch2
Change Component Designator: OldDesignator=IC1_U_Channel_3 NewDesignator=IC1_Ch3
Change Component Designator: OldDesignator=IC2_U_Channel_0 NewDesignator=IC2_Ch0
Change Component Designator: OldDesignator=IC2_U_Channel_1 NewDesignator=IC2_Ch1
Change Component Designator: OldDesignator=IC2_U_Channel_2 NewDesignator=IC2_Ch2
Change Component Designator: OldDesignator=IC2_U_Channel_3 NewDesignator=IC2_Ch3
Change Component Designator: OldDesignator=LED1_U_Channel_0 NewDesignator=LED1_Ch0
Change Component Designator: OldDesignator=LED1_U_Channel_1 NewDesignator=LED1_Ch1
Change Component Designator: OldDesignator=LED1_U_Channel_2 NewDesignator=LED1_Ch2
Change Component Designator: OldDesignator=LED1_U_Channel_3 NewDesignator=LED1_Ch3
Change Component Designator: OldDesignator=LED2_U_Channel_0 NewDesignator=LED2_Ch0
Change Component Designator: OldDesignator=LED2_U_Channel_1 NewDesignator=LED2_Ch1
Change Component Designator: OldDesignator=LED2_U_Channel_2 NewDesignator=LED2_Ch2
Change Component Designator: OldDesignator=LED2_U_Channel_3 NewDesignator=LED2_Ch3
Change Component Designator: OldDesignator=Q1_U_Channel_0 NewDesignator=Q1_Ch0
Change Component Designator: OldDesignator=Q1_U_Channel_1 NewDesignator=Q1_Ch1
Change Component Designator: OldDesignator=Q1_U_Channel_2 NewDesignator=Q1_Ch2
Change Component Designator: OldDesignator=Q1_U_Channel_3 NewDesignator=Q1_Ch3
Change Component Designator: OldDesignator=Q2_U_Channel_0 NewDesignator=Q2_Ch0
Change Component Designator: OldDesignator=Q2_U_Channel_1 NewDesignator=Q2_Ch1
Change Component Designator: OldDesignator=Q2_U_Channel_2 NewDesignator=Q2_Ch2
Change Component Designator: OldDesignator=Q2_U_Channel_3 NewDesignator=Q2_Ch3
Change Component Designator: OldDesignator=R1_U_Channel_0 NewDesignator=R1_Ch0
Change Component Designator: OldDesignator=R1_U_Channel_1 NewDesignator=R1_Ch1
Change Component Designator: OldDesignator=R1_U_Channel_2 NewDesignator=R1_Ch2
Change Component Designator: OldDesignator=R1_U_Channel_3 NewDesignator=R1_Ch3
Change Component Designator: OldDesignator=R2_U_Channel_0 NewDesignator=R2_Ch0
Change Component Designator: OldDesignator=R2_U_Channel_1 NewDesignator=R2_Ch1
Change Component Designator: OldDesignator=R2_U_Channel_2 NewDesignator=R2_Ch2
Change Component Designator: OldDesignator=R2_U_Channel_3 NewDesignator=R2_Ch3
Change Component Designator: OldDesignator=R3_U_Channel_0 NewDesignator=R3_Ch0
Change Component Designator: OldDesignator=R3_U_Channel_1 NewDesignator=R3_Ch1
Change Component Designator: OldDesignator=R3_U_Channel_2 NewDesignator=R3_Ch2
Change Component Designator: OldDesignator=R3_U_Channel_3 NewDesignator=R3_Ch3
Change Component Designator: OldDesignator=R4_U_Channel_0 NewDesignator=R4_Ch0
Change Component Designator: OldDesignator=R4_U_Channel_1 NewDesignator=R4_Ch1
Change Component Designator: OldDesignator=R4_U_Channel_2 NewDesignator=R4_Ch2
Change Component Designator: OldDesignator=R4_U_Channel_3 NewDesignator=R4_Ch3
Change Component Designator: OldDesignator=R5_U_Channel_0 NewDesignator=R5_Ch0
Change Component Designator: OldDesignator=R5_U_Channel_1 NewDesignator=R5_Ch1
Change Component Designator: OldDesignator=R5_U_Channel_2 NewDesignator=R5_Ch2
Change Component Designator: OldDesignator=R5_U_Channel_3 NewDesignator=R5_Ch3
Change Component Designator: OldDesignator=R6_U_Channel_0 NewDesignator=R6_Ch0
Change Component Designator: OldDesignator=R6_U_Channel_1 NewDesignator=R6_Ch1
Change Component Designator: OldDesignator=R6_U_Channel_2 NewDesignator=R6_Ch2
Change Component Designator: OldDesignator=R6_U_Channel_3 NewDesignator=R6_Ch3
Change Component Designator: OldDesignator=R7_U_Channel_0 NewDesignator=R7_Ch0
Change Component Designator: OldDesignator=R7_U_Channel_1 NewDesignator=R7_Ch1
Change Component Designator: OldDesignator=R7_U_Channel_2 NewDesignator=R7_Ch2
Change Component Designator: OldDesignator=R7_U_Channel_3 NewDesignator=R7_Ch3
Change Component Designator: OldDesignator=R8_U_Channel_0 NewDesignator=R8_Ch0
Change Component Designator: OldDesignator=R8_U_Channel_1 NewDesignator=R8_Ch1
Change Component Designator: OldDesignator=R8_U_Channel_2 NewDesignator=R8_Ch2
Change Component Designator: OldDesignator=R8_U_Channel_3 NewDesignator=R8_Ch3
Change Component Designator: OldDesignator=R9_U_Channel_0 NewDesignator=R9_Ch0
Change Component Designator: OldDesignator=R9_U_Channel_1 NewDesignator=R9_Ch1
Change Component Designator: OldDesignator=R9_U_Channel_2 NewDesignator=R9_Ch2
Change Component Designator: OldDesignator=R9_U_Channel_3 NewDesignator=R9_Ch3
Change Component Designator: OldDesignator=U1_U_Channel_0 NewDesignator=U1_Ch0
Change Component Designator: OldDesignator=U1_U_Channel_1 NewDesignator=U1_Ch1
Change Component Designator: OldDesignator=U1_U_Channel_2 NewDesignator=U1_Ch2
Change Component Designator: OldDesignator=U1_U_Channel_3 NewDesignator=U1_Ch3
Change Component Designator: OldDesignator=W1_U_Channel_0 NewDesignator=W1_Ch0
Change Component Designator: OldDesignator=W1_U_Channel_1 NewDesignator=W1_Ch1
Change Component Designator: OldDesignator=W1_U_Channel_2 NewDesignator=W1_Ch2
Change Component Designator: OldDesignator=W1_U_Channel_3 NewDesignator=W1_Ch3
Change Net Name : Old Net Name=BEAT_U_Channel_0_N New Net Name=BEAT_Ch0_N
Change Net Name : Old Net Name=BEAT_U_Channel_0_P New Net Name=BEAT_Ch0_P
Change Net Name : Old Net Name=BEAT_U_Channel_1_N New Net Name=BEAT_Ch1_N
Change Net Name : Old Net Name=BEAT_U_Channel_1_P New Net Name=BEAT_Ch1_P
Change Net Name : Old Net Name=BEAT_U_Channel_2_N New Net Name=BEAT_Ch2_N
Change Net Name : Old Net Name=BEAT_U_Channel_2_P New Net Name=BEAT_Ch2_P
Change Net Name : Old Net Name=BEAT_U_Channel_3_N New Net Name=BEAT_Ch3_N
Change Net Name : Old Net Name=BEAT_U_Channel_3_P New Net Name=BEAT_Ch3_P
Change Net Name : Old Net Name=CLOCK_OUT_C_U_Channel_0_N New Net Name=CLOCK_OUT_C_Ch0_N
Change Net Name : Old Net Name=CLOCK_OUT_C_U_Channel_0_P New Net Name=CLOCK_OUT_C_Ch0_P
Change Net Name : Old Net Name=CLOCK_OUT_C_U_Channel_1_N New Net Name=CLOCK_OUT_C_Ch1_N
Change Net Name : Old Net Name=CLOCK_OUT_C_U_Channel_1_P New Net Name=CLOCK_OUT_C_Ch1_P
Change Net Name : Old Net Name=CLOCK_OUT_C_U_Channel_2_N New Net Name=CLOCK_OUT_C_Ch2_N
Change Net Name : Old Net Name=CLOCK_OUT_C_U_Channel_2_P New Net Name=CLOCK_OUT_C_Ch2_P
Change Net Name : Old Net Name=CLOCK_OUT_C_U_Channel_3_N New Net Name=CLOCK_OUT_C_Ch3_N
Change Net Name : Old Net Name=CLOCK_OUT_C_U_Channel_3_P New Net Name=CLOCK_OUT_C_Ch3_P
Change Net Name : Old Net Name=CLOCK_OUT_U_Channel_0_N New Net Name=CLOCK_OUT_Ch0_N
Change Net Name : Old Net Name=CLOCK_OUT_U_Channel_0_P New Net Name=CLOCK_OUT_Ch0_P
Change Net Name : Old Net Name=CLOCK_OUT_U_Channel_1_N New Net Name=CLOCK_OUT_Ch1_N
Change Net Name : Old Net Name=CLOCK_OUT_U_Channel_1_P New Net Name=CLOCK_OUT_Ch1_P
Change Net Name : Old Net Name=CLOCK_OUT_U_Channel_2_N New Net Name=CLOCK_OUT_Ch2_N
Change Net Name : Old Net Name=CLOCK_OUT_U_Channel_2_P New Net Name=CLOCK_OUT_Ch2_P
Change Net Name : Old Net Name=CLOCK_OUT_U_Channel_3_N New Net Name=CLOCK_OUT_Ch3_N
Change Net Name : Old Net Name=CLOCK_OUT_U_Channel_3_P New Net Name=CLOCK_OUT_Ch3_P
Change Net Name : Old Net Name=DATA_IN_C_U_Channel_0_N New Net Name=DATA_IN_C_Ch0_N
Change Net Name : Old Net Name=DATA_IN_C_U_Channel_0_P New Net Name=DATA_IN_C_Ch0_P
Change Net Name : Old Net Name=DATA_IN_C_U_Channel_1_N New Net Name=DATA_IN_C_Ch1_N
Change Net Name : Old Net Name=DATA_IN_C_U_Channel_1_P New Net Name=DATA_IN_C_Ch1_P
Change Net Name : Old Net Name=DATA_IN_C_U_Channel_2_N New Net Name=DATA_IN_C_Ch2_N
Change Net Name : Old Net Name=DATA_IN_C_U_Channel_2_P New Net Name=DATA_IN_C_Ch2_P
Change Net Name : Old Net Name=DATA_IN_C_U_Channel_3_N New Net Name=DATA_IN_C_Ch3_N
Change Net Name : Old Net Name=DATA_IN_C_U_Channel_3_P New Net Name=DATA_IN_C_Ch3_P
Change Net Name : Old Net Name=IN_U_Channel_0_N New Net Name=IN_Ch0_N
Change Net Name : Old Net Name=IN_U_Channel_0_P New Net Name=IN_Ch0_P
Change Net Name : Old Net Name=IN_U_Channel_1_N New Net Name=IN_Ch1_N
Change Net Name : Old Net Name=IN_U_Channel_1_P New Net Name=IN_Ch1_P
Change Net Name : Old Net Name=IN_U_Channel_2_N New Net Name=IN_Ch2_N
Change Net Name : Old Net Name=IN_U_Channel_2_P New Net Name=IN_Ch2_P
Change Net Name : Old Net Name=IN_U_Channel_3_N New Net Name=IN_Ch3_N
Change Net Name : Old Net Name=IN_U_Channel_3_P New Net Name=IN_Ch3_P
Change Net Name : Old Net Name=LOL_U_Channel_0 New Net Name=LOL_Ch0
Change Net Name : Old Net Name=LOL_U_Channel_1 New Net Name=LOL_Ch1
Change Net Name : Old Net Name=LOL_U_Channel_2 New Net Name=LOL_Ch2
Change Net Name : Old Net Name=LOL_U_Channel_3 New Net Name=LOL_Ch3
Change Net Name : Old Net Name=NetC32_U_Channel_0_2 New Net Name=NetC32_Ch0_2
Change Net Name : Old Net Name=NetC32_U_Channel_1_2 New Net Name=NetC32_Ch1_2
Change Net Name : Old Net Name=NetC32_U_Channel_2_2 New Net Name=NetC32_Ch2_2
Change Net Name : Old Net Name=NetC32_U_Channel_3_2 New Net Name=NetC32_Ch3_2
Change Net Name : Old Net Name=NetC35_U_Channel_0_2 New Net Name=NetC35_Ch0_2
Change Net Name : Old Net Name=NetC35_U_Channel_1_2 New Net Name=NetC35_Ch1_2
Change Net Name : Old Net Name=NetC35_U_Channel_2_2 New Net Name=NetC35_Ch2_2
Change Net Name : Old Net Name=NetC35_U_Channel_3_2 New Net Name=NetC35_Ch3_2
Change Net Name : Old Net Name=NetC36_U_Channel_0_1 New Net Name=NetC36_Ch0_1
Change Net Name : Old Net Name=NetC36_U_Channel_0_2 New Net Name=NetC36_Ch0_2
Change Net Name : Old Net Name=NetC36_U_Channel_1_1 New Net Name=NetC36_Ch1_1
Change Net Name : Old Net Name=NetC36_U_Channel_1_2 New Net Name=NetC36_Ch1_2
Change Net Name : Old Net Name=NetC36_U_Channel_2_1 New Net Name=NetC36_Ch2_1
Change Net Name : Old Net Name=NetC36_U_Channel_2_2 New Net Name=NetC36_Ch2_2
Change Net Name : Old Net Name=NetC36_U_Channel_3_1 New Net Name=NetC36_Ch3_1
Change Net Name : Old Net Name=NetC36_U_Channel_3_2 New Net Name=NetC36_Ch3_2
Change Net Name : Old Net Name=NetIC2_U_Channel_0_5 New Net Name=NetIC2_Ch0_5
Change Net Name : Old Net Name=NetIC2_U_Channel_1_5 New Net Name=NetIC2_Ch1_5
Change Net Name : Old Net Name=NetIC2_U_Channel_2_5 New Net Name=NetIC2_Ch2_5
Change Net Name : Old Net Name=NetIC2_U_Channel_3_5 New Net Name=NetIC2_Ch3_5
Change Net Name : Old Net Name=NetLED1_U_Channel_0_1 New Net Name=NetLED1_Ch0_1
Change Net Name : Old Net Name=NetLED1_U_Channel_0_2 New Net Name=NetLED1_Ch0_2
Change Net Name : Old Net Name=NetLED1_U_Channel_1_1 New Net Name=NetLED1_Ch1_1
Change Net Name : Old Net Name=NetLED1_U_Channel_1_2 New Net Name=NetLED1_Ch1_2
Change Net Name : Old Net Name=NetLED1_U_Channel_2_1 New Net Name=NetLED1_Ch2_1
Change Net Name : Old Net Name=NetLED1_U_Channel_2_2 New Net Name=NetLED1_Ch2_2
Change Net Name : Old Net Name=NetLED1_U_Channel_3_1 New Net Name=NetLED1_Ch3_1
Change Net Name : Old Net Name=NetLED1_U_Channel_3_2 New Net Name=NetLED1_Ch3_2
Change Net Name : Old Net Name=NetLED2_U_Channel_0_1 New Net Name=NetLED2_Ch0_1
Change Net Name : Old Net Name=NetLED2_U_Channel_0_2 New Net Name=NetLED2_Ch0_2
Change Net Name : Old Net Name=NetLED2_U_Channel_1_1 New Net Name=NetLED2_Ch1_1
Change Net Name : Old Net Name=NetLED2_U_Channel_1_2 New Net Name=NetLED2_Ch1_2
Change Net Name : Old Net Name=NetLED2_U_Channel_2_1 New Net Name=NetLED2_Ch2_1
Change Net Name : Old Net Name=NetLED2_U_Channel_2_2 New Net Name=NetLED2_Ch2_2
Change Net Name : Old Net Name=NetLED2_U_Channel_3_1 New Net Name=NetLED2_Ch3_1
Change Net Name : Old Net Name=NetLED2_U_Channel_3_2 New Net Name=NetLED2_Ch3_2
Change Net Name : Old Net Name=NetQ1_U_Channel_0_1 New Net Name=NetQ1_Ch0_1
Change Net Name : Old Net Name=NetQ1_U_Channel_1_1 New Net Name=NetQ1_Ch1_1
Change Net Name : Old Net Name=NetQ1_U_Channel_2_1 New Net Name=NetQ1_Ch2_1
Change Net Name : Old Net Name=NetQ1_U_Channel_3_1 New Net Name=NetQ1_Ch3_1
Change Net Name : Old Net Name=NetQ2_U_Channel_0_1 New Net Name=NetQ2_Ch0_1
Change Net Name : Old Net Name=NetQ2_U_Channel_1_1 New Net Name=NetQ2_Ch1_1
Change Net Name : Old Net Name=NetQ2_U_Channel_2_1 New Net Name=NetQ2_Ch2_1
Change Net Name : Old Net Name=NetQ2_U_Channel_3_1 New Net Name=NetQ2_Ch3_1
Change Net Name : Old Net Name=NetR3_U_Channel_0_1 New Net Name=NetR3_Ch0_1
Change Net Name : Old Net Name=NetR3_U_Channel_1_1 New Net Name=NetR3_Ch1_1
Change Net Name : Old Net Name=NetR3_U_Channel_2_1 New Net Name=NetR3_Ch2_1
Change Net Name : Old Net Name=NetR3_U_Channel_3_1 New Net Name=NetR3_Ch3_1
Change Net Name : Old Net Name=NetR4_U_Channel_0_1 New Net Name=NetR4_Ch0_1
Change Net Name : Old Net Name=NetR4_U_Channel_1_1 New Net Name=NetR4_Ch1_1
Change Net Name : Old Net Name=NetR4_U_Channel_2_1 New Net Name=NetR4_Ch2_1
Change Net Name : Old Net Name=NetR4_U_Channel_3_1 New Net Name=NetR4_Ch3_1
Change Net Name : Old Net Name=NetR7_U_Channel_0_2 New Net Name=NetR7_Ch0_2
Change Net Name : Old Net Name=NetR7_U_Channel_1_2 New Net Name=NetR7_Ch1_2
Change Net Name : Old Net Name=NetR7_U_Channel_2_2 New Net Name=NetR7_Ch2_2
Change Net Name : Old Net Name=NetR7_U_Channel_3_2 New Net Name=NetR7_Ch3_2
Added Differential Pair: Name=BEAT_Ch0
Added Differential Pair: Name=BEAT_Ch1
Added Differential Pair: Name=BEAT_Ch2
Added Differential Pair: Name=BEAT_Ch3
Added Differential Pair: Name=CLOCK_OUT_C_Ch0
Added Differential Pair: Name=CLOCK_OUT_C_Ch1
Added Differential Pair: Name=CLOCK_OUT_C_Ch2
Added Differential Pair: Name=CLOCK_OUT_C_Ch3
Added Differential Pair: Name=CLOCK_OUT_Ch0
Added Differential Pair: Name=CLOCK_OUT_Ch1
Added Differential Pair: Name=CLOCK_OUT_Ch2
Added Differential Pair: Name=CLOCK_OUT_Ch3
Added Differential Pair: Name=DATA_IN_C_Ch0
Added Differential Pair: Name=DATA_IN_C_Ch1
Added Differential Pair: Name=DATA_IN_C_Ch2
Added Differential Pair: Name=DATA_IN_C_Ch3
Added Differential Pair: Name=IN_Ch0
Added Differential Pair: Name=IN_Ch1
Added Differential Pair: Name=IN_Ch2
Added Differential Pair: Name=IN_Ch3
Add Class Member: Failed to add class member : Ch0 (Channel.SchDoc)
Add Class Member: Failed to add class member : Ch1 (Channel.SchDoc)
Add Class Member: Failed to add class member : Ch2 (Channel.SchDoc)
Add Class Member: Failed to add class member : Ch3 (Channel.SchDoc)
