Removed Pin From Net: NetName=NetQ1_Ch0_1 Pin=Q1_Ch0-1
Removed Pin From Net: NetName=GND Pin=Q1_Ch0-2
Removed Pin From Net: NetName=NetLED1_Ch0_1 Pin=Q1_Ch0-3
Removed Pin From Net: NetName=NetQ1_Ch1_1 Pin=Q1_Ch1-1
Removed Pin From Net: NetName=GND Pin=Q1_Ch1-2
Removed Pin From Net: NetName=NetLED1_Ch1_1 Pin=Q1_Ch1-3
Removed Pin From Net: NetName=NetQ1_Ch2_1 Pin=Q1_Ch2-1
Removed Pin From Net: NetName=GND Pin=Q1_Ch2-2
Removed Pin From Net: NetName=NetLED1_Ch2_1 Pin=Q1_Ch2-3
Removed Pin From Net: NetName=NetQ1_Ch3_1 Pin=Q1_Ch3-1
Removed Pin From Net: NetName=GND Pin=Q1_Ch3-2
Removed Pin From Net: NetName=NetLED1_Ch3_1 Pin=Q1_Ch3-3
Removed Pin From Net: NetName=NetQ2_Ch0_1 Pin=Q2_Ch0-1
Removed Pin From Net: NetName=GND Pin=Q2_Ch0-2
Removed Pin From Net: NetName=NetLED2_Ch0_1 Pin=Q2_Ch0-3
Removed Pin From Net: NetName=NetQ2_Ch1_1 Pin=Q2_Ch1-1
Removed Pin From Net: NetName=GND Pin=Q2_Ch1-2
Removed Pin From Net: NetName=NetLED2_Ch1_1 Pin=Q2_Ch1-3
Removed Pin From Net: NetName=NetQ2_Ch2_1 Pin=Q2_Ch2-1
Removed Pin From Net: NetName=GND Pin=Q2_Ch2-2
Removed Pin From Net: NetName=NetLED2_Ch2_1 Pin=Q2_Ch2-3
Removed Pin From Net: NetName=NetQ2_Ch3_1 Pin=Q2_Ch3-1
Removed Pin From Net: NetName=GND Pin=Q2_Ch3-2
Removed Pin From Net: NetName=NetLED2_Ch3_1 Pin=Q2_Ch3-3
Removed Pin From Net: NetName=3V3_APLL_DIS Pin=Q3-1
Removed Pin From Net: NetName=GND Pin=Q3-2
Removed Pin From Net: NetName=NetQ3_3 Pin=Q3-3
Removed Pin From Net: NetName=3V3_CDR_DIS Pin=Q4-1
Removed Pin From Net: NetName=GND Pin=Q4-2
Removed Pin From Net: NetName=NetQ4_3 Pin=Q4-3
Removed Pin From Net: NetName=NetQ5_1 Pin=Q5-1
Removed Pin From Net: NetName=GND Pin=Q5-2
Removed Pin From Net: NetName=NetD3_1 Pin=Q5-3
Removed Pin From Net: NetName=1V8_DIS Pin=Q6-1
Removed Pin From Net: NetName=GND Pin=Q6-2
Removed Pin From Net: NetName=NetQ6_3 Pin=Q6-3
Removed Pin From Net: NetName=NetQ7_1 Pin=Q7-1
Removed Pin From Net: NetName=GND Pin=Q7-2
Removed Pin From Net: NetName=NetLED3_1 Pin=Q7-3
Removed Pin From Net: NetName=NetQ8_1 Pin=Q8-1
Removed Pin From Net: NetName=GND Pin=Q8-2
Removed Pin From Net: NetName=NetLED4_1 Pin=Q8-3
Removed Pin From Net: NetName=NetQ9_1 Pin=Q9-1
Removed Pin From Net: NetName=GND Pin=Q9-2
Removed Pin From Net: NetName=NetLED5_1 Pin=Q9-3
Removed Pin From Net: NetName=NetQ10_1 Pin=Q10-1
Removed Pin From Net: NetName=GND Pin=Q10-2
Removed Pin From Net: NetName=NetLED6_1 Pin=Q10-3
Removed Pin From Net: NetName=NetQ12_1 Pin=Q12-1
Removed Pin From Net: NetName=GND Pin=Q12-2
Removed Pin From Net: NetName=NetD4_1 Pin=Q12-3
Remove Class Member: Failed to remove class member
Remove Class Member: Failed to remove class member
Remove Class Member: Failed to remove class member
Remove Class Member: Failed to remove class member
Added Component: Designator=Q1_Ch0(CSD15380F3)
Add component (AddParameter): Name = "Arrow Part Number"; Value = "CSD15380F3"; VariantName = "[No Variations]"
Add component (AddParameter): Name = "Arrow Price/Stock"; Value = "https://www.arrow.com/en/products/csd15380f3/texas-instruments?region=nac"; VariantName = "[No Variations]"
Add component (AddParameter): Name = "Datasheet Link"; Value = "https://www.ti.com/lit/ds/symlink/csd15380f3.pdf?ts=1641221366106&ref_url=https%253A%252F%252Fwww.google.com%252F"; VariantName = "[No Variations]"
Add component (AddParameter): Name = "Height"; Value = "0.35mm"; VariantName = "[No Variations]"
Add component (AddParameter): Name = "Manufacturer_Name"; Value = "Texas Instruments"; VariantName = "[No Variations]"
Add component (AddParameter): Name = "Manufacturer_Part_Number"; Value = "CSD15380F3"; VariantName = "[No Variations]"
Add component (AddParameter): Name = "Mouser Part Number"; Value = "595-CSD15380F3"; VariantName = "[No Variations]"
Add component (AddParameter): Name = "Mouser Price/Stock"; Value = "https://www.mouser.co.uk/ProductDetail/Texas-Instruments/CSD15380F3?qs=zEmsApcVOkXP46xhm0edmA%3D%3D"; VariantName = "[No Variations]"
Added Component: Designator=Q1_Ch1(CSD15380F3)
Add component (AddParameter): Name = "Arrow Part Number"; Value = "CSD15380F3"; VariantName = "[No Variations]"
Add component (AddParameter): Name = "Arrow Price/Stock"; Value = "https://www.arrow.com/en/products/csd15380f3/texas-instruments?region=nac"; VariantName = "[No Variations]"
Add component (AddParameter): Name = "Datasheet Link"; Value = "https://www.ti.com/lit/ds/symlink/csd15380f3.pdf?ts=1641221366106&ref_url=https%253A%252F%252Fwww.google.com%252F"; VariantName = "[No Variations]"
Add component (AddParameter): Name = "Height"; Value = "0.35mm"; VariantName = "[No Variations]"
Add component (AddParameter): Name = "Manufacturer_Name"; Value = "Texas Instruments"; VariantName = "[No Variations]"
Add component (AddParameter): Name = "Manufacturer_Part_Number"; Value = "CSD15380F3"; VariantName = "[No Variations]"
Add component (AddParameter): Name = "Mouser Part Number"; Value = "595-CSD15380F3"; VariantName = "[No Variations]"
Add component (AddParameter): Name = "Mouser Price/Stock"; Value = "https://www.mouser.co.uk/ProductDetail/Texas-Instruments/CSD15380F3?qs=zEmsApcVOkXP46xhm0edmA%3D%3D"; VariantName = "[No Variations]"
Added Component: Designator=Q1_Ch2(CSD15380F3)
Add component (AddParameter): Name = "Arrow Part Number"; Value = "CSD15380F3"; VariantName = "[No Variations]"
Add component (AddParameter): Name = "Arrow Price/Stock"; Value = "https://www.arrow.com/en/products/csd15380f3/texas-instruments?region=nac"; VariantName = "[No Variations]"
Add component (AddParameter): Name = "Datasheet Link"; Value = "https://www.ti.com/lit/ds/symlink/csd15380f3.pdf?ts=1641221366106&ref_url=https%253A%252F%252Fwww.google.com%252F"; VariantName = "[No Variations]"
Add component (AddParameter): Name = "Height"; Value = "0.35mm"; VariantName = "[No Variations]"
Add component (AddParameter): Name = "Manufacturer_Name"; Value = "Texas Instruments"; VariantName = "[No Variations]"
Add component (AddParameter): Name = "Manufacturer_Part_Number"; Value = "CSD15380F3"; VariantName = "[No Variations]"
Add component (AddParameter): Name = "Mouser Part Number"; Value = "595-CSD15380F3"; VariantName = "[No Variations]"
Add component (AddParameter): Name = "Mouser Price/Stock"; Value = "https://www.mouser.co.uk/ProductDetail/Texas-Instruments/CSD15380F3?qs=zEmsApcVOkXP46xhm0edmA%3D%3D"; VariantName = "[No Variations]"
Added Component: Designator=Q1_Ch3(CSD15380F3)
Add component (AddParameter): Name = "Arrow Part Number"; Value = "CSD15380F3"; VariantName = "[No Variations]"
Add component (AddParameter): Name = "Arrow Price/Stock"; Value = "https://www.arrow.com/en/products/csd15380f3/texas-instruments?region=nac"; VariantName = "[No Variations]"
Add component (AddParameter): Name = "Datasheet Link"; Value = "https://www.ti.com/lit/ds/symlink/csd15380f3.pdf?ts=1641221366106&ref_url=https%253A%252F%252Fwww.google.com%252F"; VariantName = "[No Variations]"
Add component (AddParameter): Name = "Height"; Value = "0.35mm"; VariantName = "[No Variations]"
Add component (AddParameter): Name = "Manufacturer_Name"; Value = "Texas Instruments"; VariantName = "[No Variations]"
Add component (AddParameter): Name = "Manufacturer_Part_Number"; Value = "CSD15380F3"; VariantName = "[No Variations]"
Add component (AddParameter): Name = "Mouser Part Number"; Value = "595-CSD15380F3"; VariantName = "[No Variations]"
Add component (AddParameter): Name = "Mouser Price/Stock"; Value = "https://www.mouser.co.uk/ProductDetail/Texas-Instruments/CSD15380F3?qs=zEmsApcVOkXP46xhm0edmA%3D%3D"; VariantName = "[No Variations]"
Added Component: Designator=Q2_Ch0(CSD15380F3)
Add component (AddParameter): Name = "Arrow Part Number"; Value = "CSD15380F3"; VariantName = "[No Variations]"
Add component (AddParameter): Name = "Arrow Price/Stock"; Value = "https://www.arrow.com/en/products/csd15380f3/texas-instruments?region=nac"; VariantName = "[No Variations]"
Add component (AddParameter): Name = "Datasheet Link"; Value = "https://www.ti.com/lit/ds/symlink/csd15380f3.pdf?ts=1641221366106&ref_url=https%253A%252F%252Fwww.google.com%252F"; VariantName = "[No Variations]"
Add component (AddParameter): Name = "Height"; Value = "0.35mm"; VariantName = "[No Variations]"
Add component (AddParameter): Name = "Manufacturer_Name"; Value = "Texas Instruments"; VariantName = "[No Variations]"
Add component (AddParameter): Name = "Manufacturer_Part_Number"; Value = "CSD15380F3"; VariantName = "[No Variations]"
Add component (AddParameter): Name = "Mouser Part Number"; Value = "595-CSD15380F3"; VariantName = "[No Variations]"
Add component (AddParameter): Name = "Mouser Price/Stock"; Value = "https://www.mouser.co.uk/ProductDetail/Texas-Instruments/CSD15380F3?qs=zEmsApcVOkXP46xhm0edmA%3D%3D"; VariantName = "[No Variations]"
Added Component: Designator=Q2_Ch1(CSD15380F3)
Add component (AddParameter): Name = "Arrow Part Number"; Value = "CSD15380F3"; VariantName = "[No Variations]"
Add component (AddParameter): Name = "Arrow Price/Stock"; Value = "https://www.arrow.com/en/products/csd15380f3/texas-instruments?region=nac"; VariantName = "[No Variations]"
Add component (AddParameter): Name = "Datasheet Link"; Value = "https://www.ti.com/lit/ds/symlink/csd15380f3.pdf?ts=1641221366106&ref_url=https%253A%252F%252Fwww.google.com%252F"; VariantName = "[No Variations]"
Add component (AddParameter): Name = "Height"; Value = "0.35mm"; VariantName = "[No Variations]"
Add component (AddParameter): Name = "Manufacturer_Name"; Value = "Texas Instruments"; VariantName = "[No Variations]"
Add component (AddParameter): Name = "Manufacturer_Part_Number"; Value = "CSD15380F3"; VariantName = "[No Variations]"
Add component (AddParameter): Name = "Mouser Part Number"; Value = "595-CSD15380F3"; VariantName = "[No Variations]"
Add component (AddParameter): Name = "Mouser Price/Stock"; Value = "https://www.mouser.co.uk/ProductDetail/Texas-Instruments/CSD15380F3?qs=zEmsApcVOkXP46xhm0edmA%3D%3D"; VariantName = "[No Variations]"
Added Component: Designator=Q2_Ch2(CSD15380F3)
Add component (AddParameter): Name = "Arrow Part Number"; Value = "CSD15380F3"; VariantName = "[No Variations]"
Add component (AddParameter): Name = "Arrow Price/Stock"; Value = "https://www.arrow.com/en/products/csd15380f3/texas-instruments?region=nac"; VariantName = "[No Variations]"
Add component (AddParameter): Name = "Datasheet Link"; Value = "https://www.ti.com/lit/ds/symlink/csd15380f3.pdf?ts=1641221366106&ref_url=https%253A%252F%252Fwww.google.com%252F"; VariantName = "[No Variations]"
Add component (AddParameter): Name = "Height"; Value = "0.35mm"; VariantName = "[No Variations]"
Add component (AddParameter): Name = "Manufacturer_Name"; Value = "Texas Instruments"; VariantName = "[No Variations]"
Add component (AddParameter): Name = "Manufacturer_Part_Number"; Value = "CSD15380F3"; VariantName = "[No Variations]"
Add component (AddParameter): Name = "Mouser Part Number"; Value = "595-CSD15380F3"; VariantName = "[No Variations]"
Add component (AddParameter): Name = "Mouser Price/Stock"; Value = "https://www.mouser.co.uk/ProductDetail/Texas-Instruments/CSD15380F3?qs=zEmsApcVOkXP46xhm0edmA%3D%3D"; VariantName = "[No Variations]"
Added Component: Designator=Q2_Ch3(CSD15380F3)
Add component (AddParameter): Name = "Arrow Part Number"; Value = "CSD15380F3"; VariantName = "[No Variations]"
Add component (AddParameter): Name = "Arrow Price/Stock"; Value = "https://www.arrow.com/en/products/csd15380f3/texas-instruments?region=nac"; VariantName = "[No Variations]"
Add component (AddParameter): Name = "Datasheet Link"; Value = "https://www.ti.com/lit/ds/symlink/csd15380f3.pdf?ts=1641221366106&ref_url=https%253A%252F%252Fwww.google.com%252F"; VariantName = "[No Variations]"
Add component (AddParameter): Name = "Height"; Value = "0.35mm"; VariantName = "[No Variations]"
Add component (AddParameter): Name = "Manufacturer_Name"; Value = "Texas Instruments"; VariantName = "[No Variations]"
Add component (AddParameter): Name = "Manufacturer_Part_Number"; Value = "CSD15380F3"; VariantName = "[No Variations]"
Add component (AddParameter): Name = "Mouser Part Number"; Value = "595-CSD15380F3"; VariantName = "[No Variations]"
Add component (AddParameter): Name = "Mouser Price/Stock"; Value = "https://www.mouser.co.uk/ProductDetail/Texas-Instruments/CSD15380F3?qs=zEmsApcVOkXP46xhm0edmA%3D%3D"; VariantName = "[No Variations]"
Added Component: Designator=Q3(CSD15380F3)
Add component (AddParameter): Name = "Arrow Part Number"; Value = "CSD15380F3"; VariantName = "[No Variations]"
Add component (AddParameter): Name = "Arrow Price/Stock"; Value = "https://www.arrow.com/en/products/csd15380f3/texas-instruments?region=nac"; VariantName = "[No Variations]"
Add component (AddParameter): Name = "Datasheet Link"; Value = "https://www.ti.com/lit/ds/symlink/csd15380f3.pdf?ts=1641221366106&ref_url=https%253A%252F%252Fwww.google.com%252F"; VariantName = "[No Variations]"
Add component (AddParameter): Name = "Height"; Value = "0.35mm"; VariantName = "[No Variations]"
Add component (AddParameter): Name = "Manufacturer_Name"; Value = "Texas Instruments"; VariantName = "[No Variations]"
Add component (AddParameter): Name = "Manufacturer_Part_Number"; Value = "CSD15380F3"; VariantName = "[No Variations]"
Add component (AddParameter): Name = "Mouser Part Number"; Value = "595-CSD15380F3"; VariantName = "[No Variations]"
Add component (AddParameter): Name = "Mouser Price/Stock"; Value = "https://www.mouser.co.uk/ProductDetail/Texas-Instruments/CSD15380F3?qs=zEmsApcVOkXP46xhm0edmA%3D%3D"; VariantName = "[No Variations]"
Added Component: Designator=Q4(CSD15380F3)
Add component (AddParameter): Name = "Arrow Part Number"; Value = "CSD15380F3"; VariantName = "[No Variations]"
Add component (AddParameter): Name = "Arrow Price/Stock"; Value = "https://www.arrow.com/en/products/csd15380f3/texas-instruments?region=nac"; VariantName = "[No Variations]"
Add component (AddParameter): Name = "Datasheet Link"; Value = "https://www.ti.com/lit/ds/symlink/csd15380f3.pdf?ts=1641221366106&ref_url=https%253A%252F%252Fwww.google.com%252F"; VariantName = "[No Variations]"
Add component (AddParameter): Name = "Height"; Value = "0.35mm"; VariantName = "[No Variations]"
Add component (AddParameter): Name = "Manufacturer_Name"; Value = "Texas Instruments"; VariantName = "[No Variations]"
Add component (AddParameter): Name = "Manufacturer_Part_Number"; Value = "CSD15380F3"; VariantName = "[No Variations]"
Add component (AddParameter): Name = "Mouser Part Number"; Value = "595-CSD15380F3"; VariantName = "[No Variations]"
Add component (AddParameter): Name = "Mouser Price/Stock"; Value = "https://www.mouser.co.uk/ProductDetail/Texas-Instruments/CSD15380F3?qs=zEmsApcVOkXP46xhm0edmA%3D%3D"; VariantName = "[No Variations]"
Added Component: Designator=Q5(CSD15380F3)
Add component (AddParameter): Name = "Arrow Part Number"; Value = "CSD15380F3"; VariantName = "[No Variations]"
Add component (AddParameter): Name = "Arrow Price/Stock"; Value = "https://www.arrow.com/en/products/csd15380f3/texas-instruments?region=nac"; VariantName = "[No Variations]"
Add component (AddParameter): Name = "Datasheet Link"; Value = "https://www.ti.com/lit/ds/symlink/csd15380f3.pdf?ts=1641221366106&ref_url=https%253A%252F%252Fwww.google.com%252F"; VariantName = "[No Variations]"
Add component (AddParameter): Name = "Height"; Value = "0.35mm"; VariantName = "[No Variations]"
Add component (AddParameter): Name = "Manufacturer_Name"; Value = "Texas Instruments"; VariantName = "[No Variations]"
Add component (AddParameter): Name = "Manufacturer_Part_Number"; Value = "CSD15380F3"; VariantName = "[No Variations]"
Add component (AddParameter): Name = "Mouser Part Number"; Value = "595-CSD15380F3"; VariantName = "[No Variations]"
Add component (AddParameter): Name = "Mouser Price/Stock"; Value = "https://www.mouser.co.uk/ProductDetail/Texas-Instruments/CSD15380F3?qs=zEmsApcVOkXP46xhm0edmA%3D%3D"; VariantName = "[No Variations]"
Added Component: Designator=Q6(CSD15380F3)
Add component (AddParameter): Name = "Arrow Part Number"; Value = "CSD15380F3"; VariantName = "[No Variations]"
Add component (AddParameter): Name = "Arrow Price/Stock"; Value = "https://www.arrow.com/en/products/csd15380f3/texas-instruments?region=nac"; VariantName = "[No Variations]"
Add component (AddParameter): Name = "Datasheet Link"; Value = "https://www.ti.com/lit/ds/symlink/csd15380f3.pdf?ts=1641221366106&ref_url=https%253A%252F%252Fwww.google.com%252F"; VariantName = "[No Variations]"
Add component (AddParameter): Name = "Height"; Value = "0.35mm"; VariantName = "[No Variations]"
Add component (AddParameter): Name = "Manufacturer_Name"; Value = "Texas Instruments"; VariantName = "[No Variations]"
Add component (AddParameter): Name = "Manufacturer_Part_Number"; Value = "CSD15380F3"; VariantName = "[No Variations]"
Add component (AddParameter): Name = "Mouser Part Number"; Value = "595-CSD15380F3"; VariantName = "[No Variations]"
Add component (AddParameter): Name = "Mouser Price/Stock"; Value = "https://www.mouser.co.uk/ProductDetail/Texas-Instruments/CSD15380F3?qs=zEmsApcVOkXP46xhm0edmA%3D%3D"; VariantName = "[No Variations]"
Added Component: Designator=Q7(CSD15380F3)
Add component (AddParameter): Name = "Arrow Part Number"; Value = "CSD15380F3"; VariantName = "[No Variations]"
Add component (AddParameter): Name = "Arrow Price/Stock"; Value = "https://www.arrow.com/en/products/csd15380f3/texas-instruments?region=nac"; VariantName = "[No Variations]"
Add component (AddParameter): Name = "Datasheet Link"; Value = "https://www.ti.com/lit/ds/symlink/csd15380f3.pdf?ts=1641221366106&ref_url=https%253A%252F%252Fwww.google.com%252F"; VariantName = "[No Variations]"
Add component (AddParameter): Name = "Height"; Value = "0.35mm"; VariantName = "[No Variations]"
Add component (AddParameter): Name = "Manufacturer_Name"; Value = "Texas Instruments"; VariantName = "[No Variations]"
Add component (AddParameter): Name = "Manufacturer_Part_Number"; Value = "CSD15380F3"; VariantName = "[No Variations]"
Add component (AddParameter): Name = "Mouser Part Number"; Value = "595-CSD15380F3"; VariantName = "[No Variations]"
Add component (AddParameter): Name = "Mouser Price/Stock"; Value = "https://www.mouser.co.uk/ProductDetail/Texas-Instruments/CSD15380F3?qs=zEmsApcVOkXP46xhm0edmA%3D%3D"; VariantName = "[No Variations]"
Added Component: Designator=Q8(CSD15380F3)
Add component (AddParameter): Name = "Arrow Part Number"; Value = "CSD15380F3"; VariantName = "[No Variations]"
Add component (AddParameter): Name = "Arrow Price/Stock"; Value = "https://www.arrow.com/en/products/csd15380f3/texas-instruments?region=nac"; VariantName = "[No Variations]"
Add component (AddParameter): Name = "Datasheet Link"; Value = "https://www.ti.com/lit/ds/symlink/csd15380f3.pdf?ts=1641221366106&ref_url=https%253A%252F%252Fwww.google.com%252F"; VariantName = "[No Variations]"
Add component (AddParameter): Name = "Height"; Value = "0.35mm"; VariantName = "[No Variations]"
Add component (AddParameter): Name = "Manufacturer_Name"; Value = "Texas Instruments"; VariantName = "[No Variations]"
Add component (AddParameter): Name = "Manufacturer_Part_Number"; Value = "CSD15380F3"; VariantName = "[No Variations]"
Add component (AddParameter): Name = "Mouser Part Number"; Value = "595-CSD15380F3"; VariantName = "[No Variations]"
Add component (AddParameter): Name = "Mouser Price/Stock"; Value = "https://www.mouser.co.uk/ProductDetail/Texas-Instruments/CSD15380F3?qs=zEmsApcVOkXP46xhm0edmA%3D%3D"; VariantName = "[No Variations]"
Added Component: Designator=Q9(CSD15380F3)
Add component (AddParameter): Name = "Arrow Part Number"; Value = "CSD15380F3"; VariantName = "[No Variations]"
Add component (AddParameter): Name = "Arrow Price/Stock"; Value = "https://www.arrow.com/en/products/csd15380f3/texas-instruments?region=nac"; VariantName = "[No Variations]"
Add component (AddParameter): Name = "Datasheet Link"; Value = "https://www.ti.com/lit/ds/symlink/csd15380f3.pdf?ts=1641221366106&ref_url=https%253A%252F%252Fwww.google.com%252F"; VariantName = "[No Variations]"
Add component (AddParameter): Name = "Height"; Value = "0.35mm"; VariantName = "[No Variations]"
Add component (AddParameter): Name = "Manufacturer_Name"; Value = "Texas Instruments"; VariantName = "[No Variations]"
Add component (AddParameter): Name = "Manufacturer_Part_Number"; Value = "CSD15380F3"; VariantName = "[No Variations]"
Add component (AddParameter): Name = "Mouser Part Number"; Value = "595-CSD15380F3"; VariantName = "[No Variations]"
Add component (AddParameter): Name = "Mouser Price/Stock"; Value = "https://www.mouser.co.uk/ProductDetail/Texas-Instruments/CSD15380F3?qs=zEmsApcVOkXP46xhm0edmA%3D%3D"; VariantName = "[No Variations]"
Added Component: Designator=Q10(CSD15380F3)
Add component (AddParameter): Name = "Arrow Part Number"; Value = "CSD15380F3"; VariantName = "[No Variations]"
Add component (AddParameter): Name = "Arrow Price/Stock"; Value = "https://www.arrow.com/en/products/csd15380f3/texas-instruments?region=nac"; VariantName = "[No Variations]"
Add component (AddParameter): Name = "Datasheet Link"; Value = "https://www.ti.com/lit/ds/symlink/csd15380f3.pdf?ts=1641221366106&ref_url=https%253A%252F%252Fwww.google.com%252F"; VariantName = "[No Variations]"
Add component (AddParameter): Name = "Height"; Value = "0.35mm"; VariantName = "[No Variations]"
Add component (AddParameter): Name = "Manufacturer_Name"; Value = "Texas Instruments"; VariantName = "[No Variations]"
Add component (AddParameter): Name = "Manufacturer_Part_Number"; Value = "CSD15380F3"; VariantName = "[No Variations]"
Add component (AddParameter): Name = "Mouser Part Number"; Value = "595-CSD15380F3"; VariantName = "[No Variations]"
Add component (AddParameter): Name = "Mouser Price/Stock"; Value = "https://www.mouser.co.uk/ProductDetail/Texas-Instruments/CSD15380F3?qs=zEmsApcVOkXP46xhm0edmA%3D%3D"; VariantName = "[No Variations]"
Added Component: Designator=Q12(CSD15380F3)
Add component (AddParameter): Name = "Arrow Part Number"; Value = "CSD15380F3"; VariantName = "[No Variations]"
Add component (AddParameter): Name = "Arrow Price/Stock"; Value = "https://www.arrow.com/en/products/csd15380f3/texas-instruments?region=nac"; VariantName = "[No Variations]"
Add component (AddParameter): Name = "Datasheet Link"; Value = "https://www.ti.com/lit/ds/symlink/csd15380f3.pdf?ts=1641221366106&ref_url=https%253A%252F%252Fwww.google.com%252F"; VariantName = "[No Variations]"
Add component (AddParameter): Name = "Height"; Value = "0.35mm"; VariantName = "[No Variations]"
Add component (AddParameter): Name = "Manufacturer_Name"; Value = "Texas Instruments"; VariantName = "[No Variations]"
Add component (AddParameter): Name = "Manufacturer_Part_Number"; Value = "CSD15380F3"; VariantName = "[No Variations]"
Add component (AddParameter): Name = "Mouser Part Number"; Value = "595-CSD15380F3"; VariantName = "[No Variations]"
Add component (AddParameter): Name = "Mouser Price/Stock"; Value = "https://www.mouser.co.uk/ProductDetail/Texas-Instruments/CSD15380F3?qs=zEmsApcVOkXP46xhm0edmA%3D%3D"; VariantName = "[No Variations]"
Added Pin To Net: NetName=NetQ1_Ch0_1 Pin=Q1_Ch0-1
Added Pin To Net: NetName=GND Pin=Q1_Ch0-2
Added Pin To Net: NetName=NetLED1_Ch0_1 Pin=Q1_Ch0-3
Added Pin To Net: NetName=NetQ1_Ch1_1 Pin=Q1_Ch1-1
Added Pin To Net: NetName=GND Pin=Q1_Ch1-2
Added Pin To Net: NetName=NetLED1_Ch1_1 Pin=Q1_Ch1-3
Added Pin To Net: NetName=NetQ1_Ch2_1 Pin=Q1_Ch2-1
Added Pin To Net: NetName=GND Pin=Q1_Ch2-2
Added Pin To Net: NetName=NetLED1_Ch2_1 Pin=Q1_Ch2-3
Added Pin To Net: NetName=NetQ1_Ch3_1 Pin=Q1_Ch3-1
Added Pin To Net: NetName=GND Pin=Q1_Ch3-2
Added Pin To Net: NetName=NetLED1_Ch3_1 Pin=Q1_Ch3-3
Added Pin To Net: NetName=NetQ2_Ch0_1 Pin=Q2_Ch0-1
Added Pin To Net: NetName=GND Pin=Q2_Ch0-2
Added Pin To Net: NetName=NetLED2_Ch0_1 Pin=Q2_Ch0-3
Added Pin To Net: NetName=NetQ2_Ch1_1 Pin=Q2_Ch1-1
Added Pin To Net: NetName=GND Pin=Q2_Ch1-2
Added Pin To Net: NetName=NetLED2_Ch1_1 Pin=Q2_Ch1-3
Added Pin To Net: NetName=NetQ2_Ch2_1 Pin=Q2_Ch2-1
Added Pin To Net: NetName=GND Pin=Q2_Ch2-2
Added Pin To Net: NetName=NetLED2_Ch2_1 Pin=Q2_Ch2-3
Added Pin To Net: NetName=NetQ2_Ch3_1 Pin=Q2_Ch3-1
Added Pin To Net: NetName=GND Pin=Q2_Ch3-2
Added Pin To Net: NetName=NetLED2_Ch3_1 Pin=Q2_Ch3-3
Added Pin To Net: NetName=3V3_APLL_DIS Pin=Q3-1
Added Pin To Net: NetName=GND Pin=Q3-2
Added Pin To Net: NetName=NetQ3_3 Pin=Q3-3
Added Pin To Net: NetName=3V3_CDR_DIS Pin=Q4-1
Added Pin To Net: NetName=GND Pin=Q4-2
Added Pin To Net: NetName=NetQ4_3 Pin=Q4-3
Added Pin To Net: NetName=NetQ5_1 Pin=Q5-1
Added Pin To Net: NetName=GND Pin=Q5-2
Added Pin To Net: NetName=NetD3_1 Pin=Q5-3
Added Pin To Net: NetName=1V8_DIS Pin=Q6-1
Added Pin To Net: NetName=GND Pin=Q6-2
Added Pin To Net: NetName=NetQ6_3 Pin=Q6-3
Added Pin To Net: NetName=NetQ7_1 Pin=Q7-1
Added Pin To Net: NetName=GND Pin=Q7-2
Added Pin To Net: NetName=NetLED3_1 Pin=Q7-3
Added Pin To Net: NetName=NetQ8_1 Pin=Q8-1
Added Pin To Net: NetName=GND Pin=Q8-2
Added Pin To Net: NetName=NetLED4_1 Pin=Q8-3
Added Pin To Net: NetName=NetQ9_1 Pin=Q9-1
Added Pin To Net: NetName=GND Pin=Q9-2
Added Pin To Net: NetName=NetLED5_1 Pin=Q9-3
Added Pin To Net: NetName=NetQ10_1 Pin=Q10-1
Added Pin To Net: NetName=GND Pin=Q10-2
Added Pin To Net: NetName=NetLED6_1 Pin=Q10-3
Added Pin To Net: NetName=NetQ12_1 Pin=Q12-1
Added Pin To Net: NetName=GND Pin=Q12-2
Added Pin To Net: NetName=NetD4_1 Pin=Q12-3
Add Class Member: Failed to add class member : Ch0 (Channel.SchDoc)
Add Class Member: Failed to add class member : Ch1 (Channel.SchDoc)
Add Class Member: Failed to add class member : Ch2 (Channel.SchDoc)
Add Class Member: Failed to add class member : Ch3 (Channel.SchDoc)
