Change Component Designator: Old Designator=C88 New Designator=C93
Change Component Designator: Old Designator=C89 New Designator=C94
Change Component Designator: Old Designator=C90 New Designator=C95
Change Component Designator: Old Designator=C91 New Designator=C96
Change Component Designator: Old Designator=C92 New Designator=C97
Change Component Designator: Old Designator=C93 New Designator=C98
Change Component Designator: Old Designator=C94 New Designator=C99
Change Component Designator: Old Designator=C95 New Designator=C100
Change Component Designator: Old Designator=C96 New Designator=C101
Change Component Designator: Old Designator=C97 New Designator=C102
Change Component Designator: Old Designator=C98 New Designator=C103
Change Component Designator: Old Designator=C99 New Designator=C104
Change Component Designator: Old Designator=C100 New Designator=C105
Change Component Designator: Old Designator=C101 New Designator=C106
Change Component Designator: Old Designator=C102 New Designator=C107
Change Component Designator: Old Designator=C103 New Designator=C108
Change Component Designator: Old Designator=C104 New Designator=C109
Change Component Designator: Old Designator=C105 New Designator=C110
Change Component Designator: Old Designator=C106 New Designator=C111
Change Component Designator: Old Designator=C107 New Designator=C112
Change Component Designator: Old Designator=C108 New Designator=C113
Change Component Designator: Old Designator=C109 New Designator=C114
Change Component Designator: Old Designator=C110 New Designator=C115
Change Component Designator: Old Designator=C111 New Designator=C116
Change Component Designator: Old Designator=C112 New Designator=C117
Change Component Designator: Old Designator=C113 New Designator=C118
Change Component Designator: Old Designator=C114 New Designator=C119
Change Component Designator: Old Designator=C115 New Designator=C120
Change Component Designator: Old Designator=C116 New Designator=C121
Change Component Designator: Old Designator=C117 New Designator=C122
Change Component Designator: Old Designator=C118 New Designator=C123
Change Component Designator: Old Designator=C119 New Designator=C124
Change Component Designator: Old Designator=C120 New Designator=C125
Change Component Designator: Old Designator=C121 New Designator=C126
Change Component Designator: Old Designator=C122 New Designator=C127
Change Component Designator: Old Designator=C123 New Designator=C128
Change Component Designator: Old Designator=C124 New Designator=C129
Change Component Designator: Old Designator=IC6 New Designator=IC8
Change Component Designator: Old Designator=IC7 New Designator=IC9
Change Component Designator: Old Designator=IC9 New Designator=IC7
Change Component Designator: Old Designator=J5 New Designator=J7
Change Component Designator: Old Designator=J6 New Designator=J8
Change Component Designator: Old Designator=J7 New Designator=J9
Change Component Designator: Old Designator=J8 New Designator=J10
Change Component Designator: Old Designator=Q7 New Designator=Q11
Change Component Designator: Old Designator=R45 New Designator=R66
Change Component Designator: Old Designator=R47 New Designator=R67
Change Component Designator: Old Designator=R55 New Designator=R59
Change Component Designator: Old Designator=R56 New Designator=R60
Change Component Designator: Old Designator=R57 New Designator=R61
Change Component Designator: Old Designator=R58 New Designator=R62
Change Component Designator: Old Designator=R59 New Designator=R63
Change Component Designator: Old Designator=R60 New Designator=R64
Change Component Designator: Old Designator=R61 New Designator=R65
